ERROR - 2022-07-25 02:15:31 --> Error connecting to the database: Access denied for user '****'@'localhost' (using password: YES)
CRITICAL - 2022-07-25 02:15:31 --> Unable to connect to the database.
Main connection [MySQLi]: Access denied for user '****'@'localhost' (using password: YES)
#0 E:\xampp\htdocs\ecoex_portaldev\system\Database\BaseConnection.php(577): CodeIgniter\Database\BaseConnection->initialize()
#1 E:\xampp\htdocs\ecoex_portaldev\app\Models\Recycler.php(99): CodeIgniter\Database\BaseConnection->query('SELECT * FROM e...')
#2 E:\xampp\htdocs\ecoex_portaldev\app\Controllers\Home.php(14): App\Models\Recycler->getAllInventoryList()
#3 E:\xampp\htdocs\ecoex_portaldev\system\CodeIgniter.php(832): App\Controllers\Home->index()
#4 E:\xampp\htdocs\ecoex_portaldev\system\CodeIgniter.php(419): CodeIgniter\CodeIgniter->runController(Object(App\Controllers\Home))
#5 E:\xampp\htdocs\ecoex_portaldev\system\CodeIgniter.php(326): CodeIgniter\CodeIgniter->handleRequest(NULL, Object(Config\Cache), false)
#6 E:\xampp\htdocs\ecoex_portaldev\index.php(37): CodeIgniter\CodeIgniter->run()
#7 {main}
CRITICAL - 2022-07-25 02:25:59 --> count(): Parameter must be an array or an object that implements Countable
#0 E:\xampp\htdocs\ecoex_portaldev\app\Views\item-details.php(145): CodeIgniter\Debug\Exceptions->errorHandler(2, 'count(): Parame...', 'E:\\xampp\\htdocs...', 145, Array)
#1 E:\xampp\htdocs\ecoex_portaldev\system\View\View.php(210): include('E:\\xampp\\htdocs...')
#2 E:\xampp\htdocs\ecoex_portaldev\system\View\View.php(213): CodeIgniter\View\View->CodeIgniter\View\{closure}()
#3 E:\xampp\htdocs\ecoex_portaldev\system\Common.php(1089): CodeIgniter\View\View->render('item-details', Array, true)
#4 E:\xampp\htdocs\ecoex_portaldev\app\Controllers\Home.php(627): view('item-details', Array)
#5 E:\xampp\htdocs\ecoex_portaldev\system\CodeIgniter.php(832): App\Controllers\Home->itemDetails('QnJhbmQ=', 'images', 'email.png')
#6 E:\xampp\htdocs\ecoex_portaldev\system\CodeIgniter.php(419): CodeIgniter\CodeIgniter->runController(Object(App\Controllers\Home))
#7 E:\xampp\htdocs\ecoex_portaldev\system\CodeIgniter.php(326): CodeIgniter\CodeIgniter->handleRequest(NULL, Object(Config\Cache), false)
#8 E:\xampp\htdocs\ecoex_portaldev\index.php(37): CodeIgniter\CodeIgniter->run()
#9 {main}
CRITICAL - 2022-07-25 02:26:05 --> count(): Parameter must be an array or an object that implements Countable
#0 E:\xampp\htdocs\ecoex_portaldev\app\Views\item-details.php(145): CodeIgniter\Debug\Exceptions->errorHandler(2, 'count(): Parame...', 'E:\\xampp\\htdocs...', 145, Array)
#1 E:\xampp\htdocs\ecoex_portaldev\system\View\View.php(210): include('E:\\xampp\\htdocs...')
#2 E:\xampp\htdocs\ecoex_portaldev\system\View\View.php(213): CodeIgniter\View\View->CodeIgniter\View\{closure}()
#3 E:\xampp\htdocs\ecoex_portaldev\system\Common.php(1089): CodeIgniter\View\View->render('item-details', Array, true)
#4 E:\xampp\htdocs\ecoex_portaldev\app\Controllers\Home.php(627): view('item-details', Array)
#5 E:\xampp\htdocs\ecoex_portaldev\system\CodeIgniter.php(832): App\Controllers\Home->itemDetails('VHJhZGVy', 'images', 'email.png')
#6 E:\xampp\htdocs\ecoex_portaldev\system\CodeIgniter.php(419): CodeIgniter\CodeIgniter->runController(Object(App\Controllers\Home))
#7 E:\xampp\htdocs\ecoex_portaldev\system\CodeIgniter.php(326): CodeIgniter\CodeIgniter->handleRequest(NULL, Object(Config\Cache), false)
#8 E:\xampp\htdocs\ecoex_portaldev\index.php(37): CodeIgniter\CodeIgniter->run()
#9 {main}
CRITICAL - 2022-07-25 02:29:16 --> mail(): Failed to connect to mailserver at &quot;localhost&quot; port 25, verify your &quot;SMTP&quot; and &quot;smtp_port&quot; setting in php.ini or use ini_set()
#0 [internal function]: CodeIgniter\Debug\Exceptions->errorHandler(2, 'mail(): Failed ...', 'E:\\xampp\\htdocs...', 52, Array)
#1 E:\xampp\htdocs\ecoex_portaldev\app\Controllers\CompanyController.php(52): mail('deblina@keyline...', 'Email Verificat...', '<p style="text-...', 'From: Ecoex Por...')
#2 E:\xampp\htdocs\ecoex_portaldev\system\CodeIgniter.php(832): App\Controllers\CompanyController->storeLogin()
#3 E:\xampp\htdocs\ecoex_portaldev\system\CodeIgniter.php(419): CodeIgniter\CodeIgniter->runController(Object(App\Controllers\CompanyController))
#4 E:\xampp\htdocs\ecoex_portaldev\system\CodeIgniter.php(326): CodeIgniter\CodeIgniter->handleRequest(NULL, Object(Config\Cache), false)
#5 E:\xampp\htdocs\ecoex_portaldev\index.php(37): CodeIgniter\CodeIgniter->run()
#6 {main}
