CRITICAL - 2022-05-26 03:09:41 --> Invalid file: admin/layout/editCompanyDetails.php
#0 /home/keyline1/public_html/dev/ecoex_portaldev/system/View/View.php(198): CodeIgniter\Exceptions\FrameworkException::forInvalidFile('admin/layout/ed...')
#1 /home/keyline1/public_html/dev/ecoex_portaldev/system/Common.php(1089): CodeIgniter\View\View->render('admin/layout/ed...', Array, true)
#2 /home/keyline1/public_html/dev/ecoex_portaldev/app/Controllers/Admin/AdminController.php(416): view('admin/layout/ed...', Array)
#3 /home/keyline1/public_html/dev/ecoex_portaldev/system/CodeIgniter.php(832): App\Controllers\Admin\AdminController->editCompany('105')
#4 /home/keyline1/public_html/dev/ecoex_portaldev/system/CodeIgniter.php(419): CodeIgniter\CodeIgniter->runController(Object(App\Controllers\Admin\AdminController))
#5 /home/keyline1/public_html/dev/ecoex_portaldev/system/CodeIgniter.php(326): CodeIgniter\CodeIgniter->handleRequest(NULL, Object(Config\Cache), false)
#6 /home/keyline1/public_html/dev/ecoex_portaldev/index.php(37): CodeIgniter\CodeIgniter->run()
#7 {main}
CRITICAL - 2022-05-26 03:10:24 --> Invalid file: admin/layout/editCompanyDetails.php
#0 /home/keyline1/public_html/dev/ecoex_portaldev/system/View/View.php(198): CodeIgniter\Exceptions\FrameworkException::forInvalidFile('admin/layout/ed...')
#1 /home/keyline1/public_html/dev/ecoex_portaldev/system/Common.php(1089): CodeIgniter\View\View->render('admin/layout/ed...', Array, true)
#2 /home/keyline1/public_html/dev/ecoex_portaldev/app/Controllers/Admin/AdminController.php(416): view('admin/layout/ed...', Array)
#3 /home/keyline1/public_html/dev/ecoex_portaldev/system/CodeIgniter.php(832): App\Controllers\Admin\AdminController->editCompany('105')
#4 /home/keyline1/public_html/dev/ecoex_portaldev/system/CodeIgniter.php(419): CodeIgniter\CodeIgniter->runController(Object(App\Controllers\Admin\AdminController))
#5 /home/keyline1/public_html/dev/ecoex_portaldev/system/CodeIgniter.php(326): CodeIgniter\CodeIgniter->handleRequest(NULL, Object(Config\Cache), false)
#6 /home/keyline1/public_html/dev/ecoex_portaldev/index.php(37): CodeIgniter\CodeIgniter->run()
#7 {main}
CRITICAL - 2022-05-26 04:32:20 --> Call to a member function query() on null
#0 /home/keyline1/public_html/dev/ecoex_portaldev/system/View/View.php(210): include()
#1 /home/keyline1/public_html/dev/ecoex_portaldev/system/View/View.php(213): CodeIgniter\View\View->CodeIgniter\View\{closure}()
#2 /home/keyline1/public_html/dev/ecoex_portaldev/system/Common.php(1089): CodeIgniter\View\View->render('admin/layout/me...', Array, true)
#3 /home/keyline1/public_html/dev/ecoex_portaldev/app/Controllers/Admin/AdminController.php(98): view('admin/layout/me...', Array)
#4 /home/keyline1/public_html/dev/ecoex_portaldev/system/CodeIgniter.php(832): App\Controllers\Admin\AdminController->memberCategory()
#5 /home/keyline1/public_html/dev/ecoex_portaldev/system/CodeIgniter.php(419): CodeIgniter\CodeIgniter->runController(Object(App\Controllers\Admin\AdminController))
#6 /home/keyline1/public_html/dev/ecoex_portaldev/system/CodeIgniter.php(326): CodeIgniter\CodeIgniter->handleRequest(NULL, Object(Config\Cache), false)
#7 /home/keyline1/public_html/dev/ecoex_portaldev/index.php(37): CodeIgniter\CodeIgniter->run()
#8 {main}
CRITICAL - 2022-05-26 04:32:36 --> Call to a member function query() on null
#0 /home/keyline1/public_html/dev/ecoex_portaldev/system/View/View.php(210): include()
#1 /home/keyline1/public_html/dev/ecoex_portaldev/system/View/View.php(213): CodeIgniter\View\View->CodeIgniter\View\{closure}()
#2 /home/keyline1/public_html/dev/ecoex_portaldev/system/Common.php(1089): CodeIgniter\View\View->render('admin/layout/me...', Array, true)
#3 /home/keyline1/public_html/dev/ecoex_portaldev/app/Controllers/Admin/AdminController.php(98): view('admin/layout/me...', Array)
#4 /home/keyline1/public_html/dev/ecoex_portaldev/system/CodeIgniter.php(832): App\Controllers\Admin\AdminController->memberCategory()
#5 /home/keyline1/public_html/dev/ecoex_portaldev/system/CodeIgniter.php(419): CodeIgniter\CodeIgniter->runController(Object(App\Controllers\Admin\AdminController))
#6 /home/keyline1/public_html/dev/ecoex_portaldev/system/CodeIgniter.php(326): CodeIgniter\CodeIgniter->handleRequest(NULL, Object(Config\Cache), false)
#7 /home/keyline1/public_html/dev/ecoex_portaldev/index.php(37): CodeIgniter\CodeIgniter->run()
#8 {main}
CRITICAL - 2022-05-26 07:21:41 --> Invalid argument supplied for foreach()
#0 /home/keyline1/public_html/dev/ecoex_portaldev/app/Views/admin/layout/editCompanyDetails.php(97): CodeIgniter\Debug\Exceptions->errorHandler(2, 'Invalid argumen...', '/home/keyline1/...', 97, Array)
#1 /home/keyline1/public_html/dev/ecoex_portaldev/system/View/View.php(210): include('/home/keyline1/...')
#2 /home/keyline1/public_html/dev/ecoex_portaldev/system/View/View.php(213): CodeIgniter\View\View->CodeIgniter\View\{closure}()
#3 /home/keyline1/public_html/dev/ecoex_portaldev/system/Common.php(1089): CodeIgniter\View\View->render('admin/layout/ed...', Array, true)
#4 /home/keyline1/public_html/dev/ecoex_portaldev/app/Controllers/Admin/AdminController.php(437): view('admin/layout/ed...', Array)
#5 /home/keyline1/public_html/dev/ecoex_portaldev/system/CodeIgniter.php(832): App\Controllers\Admin\AdminController->editCompany('105')
#6 /home/keyline1/public_html/dev/ecoex_portaldev/system/CodeIgniter.php(419): CodeIgniter\CodeIgniter->runController(Object(App\Controllers\Admin\AdminController))
#7 /home/keyline1/public_html/dev/ecoex_portaldev/system/CodeIgniter.php(326): CodeIgniter\CodeIgniter->handleRequest(NULL, Object(Config\Cache), false)
#8 /home/keyline1/public_html/dev/ecoex_portaldev/index.php(37): CodeIgniter\CodeIgniter->run()
#9 {main}
CRITICAL - 2022-05-26 07:30:01 --> You must set the database table to be used with your query.
#0 /home/keyline1/public_html/dev/ecoex_portaldev/system/Model.php(545): CodeIgniter\Database\BaseConnection->table(NULL)
#1 /home/keyline1/public_html/dev/ecoex_portaldev/system/Model.php(722): CodeIgniter\Model->builder()
#2 /home/keyline1/public_html/dev/ecoex_portaldev/app/Views/admin/layout/editCompanyDetails.php(130): CodeIgniter\Model->__call('getSubCategoryB...', Array)
#3 /home/keyline1/public_html/dev/ecoex_portaldev/system/View/View.php(210): include('/home/keyline1/...')
#4 /home/keyline1/public_html/dev/ecoex_portaldev/system/View/View.php(213): CodeIgniter\View\View->CodeIgniter\View\{closure}()
#5 /home/keyline1/public_html/dev/ecoex_portaldev/system/Common.php(1089): CodeIgniter\View\View->render('admin/layout/ed...', Array, true)
#6 /home/keyline1/public_html/dev/ecoex_portaldev/app/Controllers/Admin/AdminController.php(443): view('admin/layout/ed...', Array)
#7 /home/keyline1/public_html/dev/ecoex_portaldev/system/CodeIgniter.php(832): App\Controllers\Admin\AdminController->editCompany('105')
#8 /home/keyline1/public_html/dev/ecoex_portaldev/system/CodeIgniter.php(419): CodeIgniter\CodeIgniter->runController(Object(App\Controllers\Admin\AdminController))
#9 /home/keyline1/public_html/dev/ecoex_portaldev/system/CodeIgniter.php(326): CodeIgniter\CodeIgniter->handleRequest(NULL, Object(Config\Cache), false)
#10 /home/keyline1/public_html/dev/ecoex_portaldev/index.php(37): CodeIgniter\CodeIgniter->run()
#11 {main}
CRITICAL - 2022-05-26 07:35:22 --> Invalid argument supplied for foreach()
#0 /home/keyline1/public_html/dev/ecoex_portaldev/app/Views/admin/layout/editCompanyDetails.php(205): CodeIgniter\Debug\Exceptions->errorHandler(2, 'Invalid argumen...', '/home/keyline1/...', 205, Array)
#1 /home/keyline1/public_html/dev/ecoex_portaldev/system/View/View.php(210): include('/home/keyline1/...')
#2 /home/keyline1/public_html/dev/ecoex_portaldev/system/View/View.php(213): CodeIgniter\View\View->CodeIgniter\View\{closure}()
#3 /home/keyline1/public_html/dev/ecoex_portaldev/system/Common.php(1089): CodeIgniter\View\View->render('admin/layout/ed...', Array, true)
#4 /home/keyline1/public_html/dev/ecoex_portaldev/app/Controllers/Admin/AdminController.php(444): view('admin/layout/ed...', Array)
#5 /home/keyline1/public_html/dev/ecoex_portaldev/system/CodeIgniter.php(832): App\Controllers\Admin\AdminController->editCompany('105')
#6 /home/keyline1/public_html/dev/ecoex_portaldev/system/CodeIgniter.php(419): CodeIgniter\CodeIgniter->runController(Object(App\Controllers\Admin\AdminController))
#7 /home/keyline1/public_html/dev/ecoex_portaldev/system/CodeIgniter.php(326): CodeIgniter\CodeIgniter->handleRequest(NULL, Object(Config\Cache), false)
#8 /home/keyline1/public_html/dev/ecoex_portaldev/index.php(37): CodeIgniter\CodeIgniter->run()
#9 {main}
CRITICAL - 2022-05-26 08:08:36 --> Invalid argument supplied for foreach()
#0 /home/keyline1/public_html/dev/ecoex_portaldev/app/Views/admin/layout/editCompanyDetails.php(351): CodeIgniter\Debug\Exceptions->errorHandler(2, 'Invalid argumen...', '/home/keyline1/...', 351, Array)
#1 /home/keyline1/public_html/dev/ecoex_portaldev/system/View/View.php(210): include('/home/keyline1/...')
#2 /home/keyline1/public_html/dev/ecoex_portaldev/system/View/View.php(213): CodeIgniter\View\View->CodeIgniter\View\{closure}()
#3 /home/keyline1/public_html/dev/ecoex_portaldev/system/Common.php(1089): CodeIgniter\View\View->render('admin/layout/ed...', Array, true)
#4 /home/keyline1/public_html/dev/ecoex_portaldev/app/Controllers/Admin/AdminController.php(450): view('admin/layout/ed...', Array)
#5 /home/keyline1/public_html/dev/ecoex_portaldev/system/CodeIgniter.php(832): App\Controllers\Admin\AdminController->editCompany('105')
#6 /home/keyline1/public_html/dev/ecoex_portaldev/system/CodeIgniter.php(419): CodeIgniter\CodeIgniter->runController(Object(App\Controllers\Admin\AdminController))
#7 /home/keyline1/public_html/dev/ecoex_portaldev/system/CodeIgniter.php(326): CodeIgniter\CodeIgniter->handleRequest(NULL, Object(Config\Cache), false)
#8 /home/keyline1/public_html/dev/ecoex_portaldev/index.php(37): CodeIgniter\CodeIgniter->run()
#9 {main}
