CRITICAL - 2022-06-16 02:06:03 --> syntax error, unexpected '$listingData' (T_VARIABLE)
#0 /home/keyline1/public_html/dev/ecoex_portaldev/system/Autoloader/Autoloader.php(241): CodeIgniter\Autoloader\Autoloader->includeFile('/home/keyline1/...')
#1 /home/keyline1/public_html/dev/ecoex_portaldev/system/Autoloader/Autoloader.php(219): CodeIgniter\Autoloader\Autoloader->loadInNamespace('App\\Controllers...')
#2 [internal function]: CodeIgniter\Autoloader\Autoloader->loadClass('App\\Controllers...')
#3 [internal function]: spl_autoload_call('App\\Controllers...')
#4 /home/keyline1/public_html/dev/ecoex_portaldev/system/CodeIgniter.php(797): class_exists('\\App\\Controller...', true)
#5 /home/keyline1/public_html/dev/ecoex_portaldev/system/CodeIgniter.php(406): CodeIgniter\CodeIgniter->startController()
#6 /home/keyline1/public_html/dev/ecoex_portaldev/system/CodeIgniter.php(326): CodeIgniter\CodeIgniter->handleRequest(NULL, Object(Config\Cache), false)
#7 /home/keyline1/public_html/dev/ecoex_portaldev/index.php(37): CodeIgniter\CodeIgniter->run()
#8 {main}
ERROR - 2022-06-16 03:02:27 --> Unknown column 'ecoex_target.visibility' in 'where clause'
CRITICAL - 2022-06-16 03:02:27 --> Call to a member function getNumRows() on bool
#0 /home/keyline1/public_html/dev/ecoex_portaldev/app/Controllers/Home.php(56): App\Models\CommonModel->find_data('ecoex_inventory', 'array', Array, '', Array, '', Array)
#1 /home/keyline1/public_html/dev/ecoex_portaldev/system/CodeIgniter.php(832): App\Controllers\Home->index()
#2 /home/keyline1/public_html/dev/ecoex_portaldev/system/CodeIgniter.php(419): CodeIgniter\CodeIgniter->runController(Object(App\Controllers\Home))
#3 /home/keyline1/public_html/dev/ecoex_portaldev/system/CodeIgniter.php(326): CodeIgniter\CodeIgniter->handleRequest(NULL, Object(Config\Cache), false)
#4 /home/keyline1/public_html/dev/ecoex_portaldev/index.php(37): CodeIgniter\CodeIgniter->run()
#5 {main}
ERROR - 2022-06-16 03:03:00 --> Unknown column 'ecoex_target.visibility' in 'where clause'
CRITICAL - 2022-06-16 03:03:00 --> Call to a member function getNumRows() on bool
#0 /home/keyline1/public_html/dev/ecoex_portaldev/app/Controllers/Home.php(56): App\Models\CommonModel->find_data('ecoex_inventory', 'array', Array, '', Array, '', Array)
#1 /home/keyline1/public_html/dev/ecoex_portaldev/system/CodeIgniter.php(832): App\Controllers\Home->index()
#2 /home/keyline1/public_html/dev/ecoex_portaldev/system/CodeIgniter.php(419): CodeIgniter\CodeIgniter->runController(Object(App\Controllers\Home))
#3 /home/keyline1/public_html/dev/ecoex_portaldev/system/CodeIgniter.php(326): CodeIgniter\CodeIgniter->handleRequest(NULL, Object(Config\Cache), false)
#4 /home/keyline1/public_html/dev/ecoex_portaldev/index.php(37): CodeIgniter\CodeIgniter->run()
#5 {main}
ERROR - 2022-06-16 03:03:27 --> Unknown column 'ecoex_target.visibility' in 'where clause'
CRITICAL - 2022-06-16 03:03:27 --> Call to a member function getNumRows() on bool
#0 /home/keyline1/public_html/dev/ecoex_portaldev/app/Controllers/Home.php(56): App\Models\CommonModel->find_data('ecoex_inventory', 'array', Array, '', Array, '', Array)
#1 /home/keyline1/public_html/dev/ecoex_portaldev/system/CodeIgniter.php(832): App\Controllers\Home->index()
#2 /home/keyline1/public_html/dev/ecoex_portaldev/system/CodeIgniter.php(419): CodeIgniter\CodeIgniter->runController(Object(App\Controllers\Home))
#3 /home/keyline1/public_html/dev/ecoex_portaldev/system/CodeIgniter.php(326): CodeIgniter\CodeIgniter->handleRequest(NULL, Object(Config\Cache), false)
#4 /home/keyline1/public_html/dev/ecoex_portaldev/index.php(37): CodeIgniter\CodeIgniter->run()
#5 {main}
CRITICAL - 2022-06-16 03:07:26 --> Call to a member function find_data() on null
#0 /home/keyline1/public_html/dev/ecoex_portaldev/system/CodeIgniter.php(832): App\Controllers\Home->index()
#1 /home/keyline1/public_html/dev/ecoex_portaldev/system/CodeIgniter.php(419): CodeIgniter\CodeIgniter->runController(Object(App\Controllers\Home))
#2 /home/keyline1/public_html/dev/ecoex_portaldev/system/CodeIgniter.php(326): CodeIgniter\CodeIgniter->handleRequest(NULL, Object(Config\Cache), false)
#3 /home/keyline1/public_html/dev/ecoex_portaldev/index.php(37): CodeIgniter\CodeIgniter->run()
#4 {main}
CRITICAL - 2022-06-16 05:24:48 --> You must set the database table to be used with your query.
#0 /home/keyline1/public_html/dev/ecoex_portaldev/app/Models/CommonModel.php(23): CodeIgniter\Database\BaseConnection->table('')
#1 /home/keyline1/public_html/dev/ecoex_portaldev/app/Controllers/Home.php(39): App\Models\CommonModel->find_data('', 'array', Array, '', Array)
#2 /home/keyline1/public_html/dev/ecoex_portaldev/system/CodeIgniter.php(832): App\Controllers\Home->index()
#3 /home/keyline1/public_html/dev/ecoex_portaldev/system/CodeIgniter.php(419): CodeIgniter\CodeIgniter->runController(Object(App\Controllers\Home))
#4 /home/keyline1/public_html/dev/ecoex_portaldev/system/CodeIgniter.php(326): CodeIgniter\CodeIgniter->handleRequest(NULL, Object(Config\Cache), false)
#5 /home/keyline1/public_html/dev/ecoex_portaldev/index.php(37): CodeIgniter\CodeIgniter->run()
#6 {main}
ERROR - 2022-06-16 06:17:39 --> Unknown column 'ecoex_target_by_state.inventory_id' in 'on clause'
CRITICAL - 2022-06-16 06:17:39 --> Call to a member function getNumRows() on bool
#0 /home/keyline1/public_html/dev/ecoex_portaldev/app/Controllers/Home.php(89): App\Models\CommonModel->find_data('ecoex_target', 'array', Array, '', Array, '', Array)
#1 /home/keyline1/public_html/dev/ecoex_portaldev/system/CodeIgniter.php(832): App\Controllers\Home->index()
#2 /home/keyline1/public_html/dev/ecoex_portaldev/system/CodeIgniter.php(419): CodeIgniter\CodeIgniter->runController(Object(App\Controllers\Home))
#3 /home/keyline1/public_html/dev/ecoex_portaldev/system/CodeIgniter.php(326): CodeIgniter\CodeIgniter->handleRequest(NULL, Object(Config\Cache), false)
#4 /home/keyline1/public_html/dev/ecoex_portaldev/index.php(37): CodeIgniter\CodeIgniter->run()
#5 {main}
