CRITICAL - 2022-05-03 03:08:08 --> Class 'App\Controllers\Dashboard\AdminAuth' not found
#0 /home/keyline1/public_html/dev/ecoex_portaldev/system/CodeIgniter.php(832): App\Controllers\Dashboard\DashboardController->myDashboard()
#1 /home/keyline1/public_html/dev/ecoex_portaldev/system/CodeIgniter.php(419): CodeIgniter\CodeIgniter->runController(Object(App\Controllers\Dashboard\DashboardController))
#2 /home/keyline1/public_html/dev/ecoex_portaldev/system/CodeIgniter.php(326): CodeIgniter\CodeIgniter->handleRequest(NULL, Object(Config\Cache), false)
#3 /home/keyline1/public_html/dev/ecoex_portaldev/index.php(37): CodeIgniter\CodeIgniter->run()
#4 {main}
CRITICAL - 2022-05-03 03:09:32 --> Invalid file: inc/header.php
#0 /home/keyline1/public_html/dev/ecoex_portaldev/system/View/View.php(198): CodeIgniter\Exceptions\FrameworkException::forInvalidFile('inc/header.php')
#1 /home/keyline1/public_html/dev/ecoex_portaldev/system/Common.php(1089): CodeIgniter\View\View->render('inc/header', Array, true)
#2 /home/keyline1/public_html/dev/ecoex_portaldev/app/Views/dashboard/index.php(1): view('inc/header')
#3 /home/keyline1/public_html/dev/ecoex_portaldev/system/View/View.php(210): include('/home/keyline1/...')
#4 /home/keyline1/public_html/dev/ecoex_portaldev/system/View/View.php(213): CodeIgniter\View\View->CodeIgniter\View\{closure}()
#5 /home/keyline1/public_html/dev/ecoex_portaldev/system/Common.php(1089): CodeIgniter\View\View->render('dashboard/index', Array, true)
#6 /home/keyline1/public_html/dev/ecoex_portaldev/app/Controllers/Dashboard/DashboardController.php(31): view('dashboard/index', Array)
#7 /home/keyline1/public_html/dev/ecoex_portaldev/system/CodeIgniter.php(832): App\Controllers\Dashboard\DashboardController->myDashboard()
#8 /home/keyline1/public_html/dev/ecoex_portaldev/system/CodeIgniter.php(419): CodeIgniter\CodeIgniter->runController(Object(App\Controllers\Dashboard\DashboardController))
#9 /home/keyline1/public_html/dev/ecoex_portaldev/system/CodeIgniter.php(326): CodeIgniter\CodeIgniter->handleRequest(NULL, Object(Config\Cache), false)
#10 /home/keyline1/public_html/dev/ecoex_portaldev/index.php(37): CodeIgniter\CodeIgniter->run()
#11 {main}
ERROR - 2022-05-03 03:29:39 --> Unknown column 'user_id' in 'where clause'
CRITICAL - 2022-05-03 03:29:39 --> Call to a member function getRow() on bool
#0 /home/keyline1/public_html/dev/ecoex_portaldev/app/Controllers/Dashboard/DashboardController.php(29): App\Models\Dashboard->getUserDataByID('1')
#1 /home/keyline1/public_html/dev/ecoex_portaldev/system/CodeIgniter.php(832): App\Controllers\Dashboard\DashboardController->myDashboard()
#2 /home/keyline1/public_html/dev/ecoex_portaldev/system/CodeIgniter.php(419): CodeIgniter\CodeIgniter->runController(Object(App\Controllers\Dashboard\DashboardController))
#3 /home/keyline1/public_html/dev/ecoex_portaldev/system/CodeIgniter.php(326): CodeIgniter\CodeIgniter->handleRequest(NULL, Object(Config\Cache), false)
#4 /home/keyline1/public_html/dev/ecoex_portaldev/index.php(37): CodeIgniter\CodeIgniter->run()
#5 {main}
ERROR - 2022-05-03 03:32:17 --> Unknown column 'user_id' in 'where clause'
CRITICAL - 2022-05-03 03:32:17 --> Call to a member function getRow() on bool
#0 /home/keyline1/public_html/dev/ecoex_portaldev/app/Controllers/Dashboard/DashboardController.php(30): App\Models\Dashboard->getUserDataByID('1')
#1 /home/keyline1/public_html/dev/ecoex_portaldev/system/CodeIgniter.php(832): App\Controllers\Dashboard\DashboardController->myDashboard()
#2 /home/keyline1/public_html/dev/ecoex_portaldev/system/CodeIgniter.php(419): CodeIgniter\CodeIgniter->runController(Object(App\Controllers\Dashboard\DashboardController))
#3 /home/keyline1/public_html/dev/ecoex_portaldev/system/CodeIgniter.php(326): CodeIgniter\CodeIgniter->handleRequest(NULL, Object(Config\Cache), false)
#4 /home/keyline1/public_html/dev/ecoex_portaldev/index.php(37): CodeIgniter\CodeIgniter->run()
#5 {main}
CRITICAL - 2022-05-03 04:28:21 --> Call to a member function get() on null
#0 /home/keyline1/public_html/dev/ecoex_portaldev/system/CodeIgniter.php(832): App\Controllers\UserController->company_details('8')
#1 /home/keyline1/public_html/dev/ecoex_portaldev/system/CodeIgniter.php(419): CodeIgniter\CodeIgniter->runController(Object(App\Controllers\UserController))
#2 /home/keyline1/public_html/dev/ecoex_portaldev/system/CodeIgniter.php(326): CodeIgniter\CodeIgniter->handleRequest(NULL, Object(Config\Cache), false)
#3 /home/keyline1/public_html/dev/ecoex_portaldev/index.php(37): CodeIgniter\CodeIgniter->run()
#4 {main}
CRITICAL - 2022-05-03 04:40:33 --> Invalid file: dashboard/index.php
#0 /home/keyline1/public_html/dev/ecoex_portaldev/system/View/View.php(198): CodeIgniter\Exceptions\FrameworkException::forInvalidFile('dashboard/index...')
#1 /home/keyline1/public_html/dev/ecoex_portaldev/system/Common.php(1089): CodeIgniter\View\View->render('dashboard/index', Array, true)
#2 /home/keyline1/public_html/dev/ecoex_portaldev/app/Controllers/Recycler/DashboardController.php(35): view('dashboard/index', Array)
#3 /home/keyline1/public_html/dev/ecoex_portaldev/system/CodeIgniter.php(832): App\Controllers\Recycler\DashboardController->myDashboard()
#4 /home/keyline1/public_html/dev/ecoex_portaldev/system/CodeIgniter.php(419): CodeIgniter\CodeIgniter->runController(Object(App\Controllers\Recycler\DashboardController))
#5 /home/keyline1/public_html/dev/ecoex_portaldev/system/CodeIgniter.php(326): CodeIgniter\CodeIgniter->handleRequest(NULL, Object(Config\Cache), false)
#6 /home/keyline1/public_html/dev/ecoex_portaldev/index.php(37): CodeIgniter\CodeIgniter->run()
#7 {main}
CRITICAL - 2022-05-03 04:40:55 --> Invalid file: dashboard/inc/header.php
#0 /home/keyline1/public_html/dev/ecoex_portaldev/system/View/View.php(198): CodeIgniter\Exceptions\FrameworkException::forInvalidFile('dashboard/inc/h...')
#1 /home/keyline1/public_html/dev/ecoex_portaldev/system/Common.php(1089): CodeIgniter\View\View->render('dashboard/inc/h...', Array, true)
#2 /home/keyline1/public_html/dev/ecoex_portaldev/app/Views/recycler/index.php(1): view('dashboard/inc/h...')
#3 /home/keyline1/public_html/dev/ecoex_portaldev/system/View/View.php(210): include('/home/keyline1/...')
#4 /home/keyline1/public_html/dev/ecoex_portaldev/system/View/View.php(213): CodeIgniter\View\View->CodeIgniter\View\{closure}()
#5 /home/keyline1/public_html/dev/ecoex_portaldev/system/Common.php(1089): CodeIgniter\View\View->render('recycler/index', Array, true)
#6 /home/keyline1/public_html/dev/ecoex_portaldev/app/Controllers/Recycler/DashboardController.php(35): view('recycler/index', Array)
#7 /home/keyline1/public_html/dev/ecoex_portaldev/system/CodeIgniter.php(832): App\Controllers\Recycler\DashboardController->myDashboard()
#8 /home/keyline1/public_html/dev/ecoex_portaldev/system/CodeIgniter.php(419): CodeIgniter\CodeIgniter->runController(Object(App\Controllers\Recycler\DashboardController))
#9 /home/keyline1/public_html/dev/ecoex_portaldev/system/CodeIgniter.php(326): CodeIgniter\CodeIgniter->handleRequest(NULL, Object(Config\Cache), false)
#10 /home/keyline1/public_html/dev/ecoex_portaldev/index.php(37): CodeIgniter\CodeIgniter->run()
#11 {main}
CRITICAL - 2022-05-03 04:46:54 --> Class 'App\Controllers\Brand\Recycler' not found
#0 /home/keyline1/public_html/dev/ecoex_portaldev/system/CodeIgniter.php(832): App\Controllers\Brand\DashboardController->myDashboard()
#1 /home/keyline1/public_html/dev/ecoex_portaldev/system/CodeIgniter.php(419): CodeIgniter\CodeIgniter->runController(Object(App\Controllers\Brand\DashboardController))
#2 /home/keyline1/public_html/dev/ecoex_portaldev/system/CodeIgniter.php(326): CodeIgniter\CodeIgniter->handleRequest(NULL, Object(Config\Cache), false)
#3 /home/keyline1/public_html/dev/ecoex_portaldev/index.php(37): CodeIgniter\CodeIgniter->run()
#4 {main}
CRITICAL - 2022-05-03 05:37:41 --> Object of class stdClass could not be converted to string
#0 /home/keyline1/public_html/dev/ecoex_portaldev/system/CodeIgniter.php(832): App\Controllers\Brand\DashboardController->myDashboard()
#1 /home/keyline1/public_html/dev/ecoex_portaldev/system/CodeIgniter.php(419): CodeIgniter\CodeIgniter->runController(Object(App\Controllers\Brand\DashboardController))
#2 /home/keyline1/public_html/dev/ecoex_portaldev/system/CodeIgniter.php(326): CodeIgniter\CodeIgniter->handleRequest(NULL, Object(Config\Cache), false)
#3 /home/keyline1/public_html/dev/ecoex_portaldev/index.php(37): CodeIgniter\CodeIgniter->run()
#4 {main}
CRITICAL - 2022-05-03 06:27:56 --> Invalid argument supplied for foreach()
#0 /home/keyline1/public_html/dev/ecoex_portaldev/app/Views/brand/target.php(36): CodeIgniter\Debug\Exceptions->errorHandler(2, 'Invalid argumen...', '/home/keyline1/...', 36, Array)
#1 /home/keyline1/public_html/dev/ecoex_portaldev/system/View/View.php(210): include('/home/keyline1/...')
#2 /home/keyline1/public_html/dev/ecoex_portaldev/system/View/View.php(213): CodeIgniter\View\View->CodeIgniter\View\{closure}()
#3 /home/keyline1/public_html/dev/ecoex_portaldev/system/Common.php(1089): CodeIgniter\View\View->render('brand/target', Array, true)
#4 /home/keyline1/public_html/dev/ecoex_portaldev/app/Controllers/Brand/DashboardController.php(53): view('brand/target', Array)
#5 /home/keyline1/public_html/dev/ecoex_portaldev/system/CodeIgniter.php(832): App\Controllers\Brand\DashboardController->target()
#6 /home/keyline1/public_html/dev/ecoex_portaldev/system/CodeIgniter.php(419): CodeIgniter\CodeIgniter->runController(Object(App\Controllers\Brand\DashboardController))
#7 /home/keyline1/public_html/dev/ecoex_portaldev/system/CodeIgniter.php(326): CodeIgniter\CodeIgniter->handleRequest(NULL, Object(Config\Cache), false)
#8 /home/keyline1/public_html/dev/ecoex_portaldev/index.php(37): CodeIgniter\CodeIgniter->run()
#9 {main}
