ERROR - 2022-06-03 03:08:47 --> Unknown column 'email' in 'where clause'
CRITICAL - 2022-06-03 03:08:47 --> Call to a member function getNumRows() on bool
#0 /home/keyline1/public_html/dev/ecoex_portaldev/app/Controllers/UserController.php(21): App\Models\CommonModel->find_data('ecoex_user_tabl...', 'count', Array)
#1 /home/keyline1/public_html/dev/ecoex_portaldev/system/CodeIgniter.php(832): App\Controllers\UserController->checkEmail()
#2 /home/keyline1/public_html/dev/ecoex_portaldev/system/CodeIgniter.php(419): CodeIgniter\CodeIgniter->runController(Object(App\Controllers\UserController))
#3 /home/keyline1/public_html/dev/ecoex_portaldev/system/CodeIgniter.php(326): CodeIgniter\CodeIgniter->handleRequest(NULL, Object(Config\Cache), false)
#4 /home/keyline1/public_html/dev/ecoex_portaldev/index.php(37): CodeIgniter\CodeIgniter->run()
#5 {main}
ERROR - 2022-06-03 03:09:16 --> Unknown column 'email' in 'where clause'
CRITICAL - 2022-06-03 03:09:16 --> Unknown column 'email' in 'where clause'
#0 /home/keyline1/public_html/dev/ecoex_portaldev/system/Database/MySQLi/Connection.php(292): mysqli->query('SELECT *\nFROM `...', 0)
#1 /home/keyline1/public_html/dev/ecoex_portaldev/system/Database/BaseConnection.php(670): CodeIgniter\Database\MySQLi\Connection->execute('SELECT *\nFROM `...')
#2 /home/keyline1/public_html/dev/ecoex_portaldev/system/Database/BaseConnection.php(598): CodeIgniter\Database\BaseConnection->simpleQuery('SELECT *\nFROM `...')
#3 /home/keyline1/public_html/dev/ecoex_portaldev/system/Database/BaseBuilder.php(1455): CodeIgniter\Database\BaseConnection->query('SELECT *\nFROM `...', Array, false)
#4 /home/keyline1/public_html/dev/ecoex_portaldev/app/Models/CommonModel.php(75): CodeIgniter\Database\BaseBuilder->get()
#5 /home/keyline1/public_html/dev/ecoex_portaldev/app/Controllers/UserController.php(21): App\Models\CommonModel->find_data('ecoex_user_tabl...', 'count', Array)
#6 /home/keyline1/public_html/dev/ecoex_portaldev/system/CodeIgniter.php(832): App\Controllers\UserController->checkEmail()
#7 /home/keyline1/public_html/dev/ecoex_portaldev/system/CodeIgniter.php(419): CodeIgniter\CodeIgniter->runController(Object(App\Controllers\UserController))
#8 /home/keyline1/public_html/dev/ecoex_portaldev/system/CodeIgniter.php(326): CodeIgniter\CodeIgniter->handleRequest(NULL, Object(Config\Cache), false)
#9 /home/keyline1/public_html/dev/ecoex_portaldev/index.php(37): CodeIgniter\CodeIgniter->run()
#10 {main}
CRITICAL - 2022-06-03 03:09:58 --> Undefined offset: 0
#0 /home/keyline1/public_html/dev/ecoex_portaldev/app/Controllers/UserController.php(109): CodeIgniter\Debug\Exceptions->errorHandler(8, 'Undefined offse...', '/home/keyline1/...', 109, Array)
#1 /home/keyline1/public_html/dev/ecoex_portaldev/system/CodeIgniter.php(832): App\Controllers\UserController->company_details('112')
#2 /home/keyline1/public_html/dev/ecoex_portaldev/system/CodeIgniter.php(419): CodeIgniter\CodeIgniter->runController(Object(App\Controllers\UserController))
#3 /home/keyline1/public_html/dev/ecoex_portaldev/system/CodeIgniter.php(326): CodeIgniter\CodeIgniter->handleRequest(NULL, Object(Config\Cache), false)
#4 /home/keyline1/public_html/dev/ecoex_portaldev/index.php(37): CodeIgniter\CodeIgniter->run()
#5 {main}
CRITICAL - 2022-06-03 03:10:02 --> Undefined offset: 0
#0 /home/keyline1/public_html/dev/ecoex_portaldev/app/Controllers/UserController.php(109): CodeIgniter\Debug\Exceptions->errorHandler(8, 'Undefined offse...', '/home/keyline1/...', 109, Array)
#1 /home/keyline1/public_html/dev/ecoex_portaldev/system/CodeIgniter.php(832): App\Controllers\UserController->company_details('112')
#2 /home/keyline1/public_html/dev/ecoex_portaldev/system/CodeIgniter.php(419): CodeIgniter\CodeIgniter->runController(Object(App\Controllers\UserController))
#3 /home/keyline1/public_html/dev/ecoex_portaldev/system/CodeIgniter.php(326): CodeIgniter\CodeIgniter->handleRequest(NULL, Object(Config\Cache), false)
#4 /home/keyline1/public_html/dev/ecoex_portaldev/index.php(37): CodeIgniter\CodeIgniter->run()
#5 {main}
CRITICAL - 2022-06-03 03:10:28 --> Undefined offset: 0
#0 /home/keyline1/public_html/dev/ecoex_portaldev/app/Controllers/UserController.php(109): CodeIgniter\Debug\Exceptions->errorHandler(8, 'Undefined offse...', '/home/keyline1/...', 109, Array)
#1 /home/keyline1/public_html/dev/ecoex_portaldev/system/CodeIgniter.php(832): App\Controllers\UserController->company_details('112')
#2 /home/keyline1/public_html/dev/ecoex_portaldev/system/CodeIgniter.php(419): CodeIgniter\CodeIgniter->runController(Object(App\Controllers\UserController))
#3 /home/keyline1/public_html/dev/ecoex_portaldev/system/CodeIgniter.php(326): CodeIgniter\CodeIgniter->handleRequest(NULL, Object(Config\Cache), false)
#4 /home/keyline1/public_html/dev/ecoex_portaldev/index.php(37): CodeIgniter\CodeIgniter->run()
#5 {main}
CRITICAL - 2022-06-03 03:10:30 --> Undefined offset: 0
#0 /home/keyline1/public_html/dev/ecoex_portaldev/app/Controllers/UserController.php(109): CodeIgniter\Debug\Exceptions->errorHandler(8, 'Undefined offse...', '/home/keyline1/...', 109, Array)
#1 /home/keyline1/public_html/dev/ecoex_portaldev/system/CodeIgniter.php(832): App\Controllers\UserController->company_details('112')
#2 /home/keyline1/public_html/dev/ecoex_portaldev/system/CodeIgniter.php(419): CodeIgniter\CodeIgniter->runController(Object(App\Controllers\UserController))
#3 /home/keyline1/public_html/dev/ecoex_portaldev/system/CodeIgniter.php(326): CodeIgniter\CodeIgniter->handleRequest(NULL, Object(Config\Cache), false)
#4 /home/keyline1/public_html/dev/ecoex_portaldev/index.php(37): CodeIgniter\CodeIgniter->run()
#5 {main}
CRITICAL - 2022-06-03 03:10:30 --> Undefined offset: 0
#0 /home/keyline1/public_html/dev/ecoex_portaldev/app/Controllers/UserController.php(109): CodeIgniter\Debug\Exceptions->errorHandler(8, 'Undefined offse...', '/home/keyline1/...', 109, Array)
#1 /home/keyline1/public_html/dev/ecoex_portaldev/system/CodeIgniter.php(832): App\Controllers\UserController->company_details('112')
#2 /home/keyline1/public_html/dev/ecoex_portaldev/system/CodeIgniter.php(419): CodeIgniter\CodeIgniter->runController(Object(App\Controllers\UserController))
#3 /home/keyline1/public_html/dev/ecoex_portaldev/system/CodeIgniter.php(326): CodeIgniter\CodeIgniter->handleRequest(NULL, Object(Config\Cache), false)
#4 /home/keyline1/public_html/dev/ecoex_portaldev/index.php(37): CodeIgniter\CodeIgniter->run()
#5 {main}
CRITICAL - 2022-06-03 03:10:44 --> Undefined offset: 0
#0 /home/keyline1/public_html/dev/ecoex_portaldev/app/Controllers/UserController.php(109): CodeIgniter\Debug\Exceptions->errorHandler(8, 'Undefined offse...', '/home/keyline1/...', 109, Array)
#1 /home/keyline1/public_html/dev/ecoex_portaldev/system/CodeIgniter.php(832): App\Controllers\UserController->company_details('112')
#2 /home/keyline1/public_html/dev/ecoex_portaldev/system/CodeIgniter.php(419): CodeIgniter\CodeIgniter->runController(Object(App\Controllers\UserController))
#3 /home/keyline1/public_html/dev/ecoex_portaldev/system/CodeIgniter.php(326): CodeIgniter\CodeIgniter->handleRequest(NULL, Object(Config\Cache), false)
#4 /home/keyline1/public_html/dev/ecoex_portaldev/index.php(37): CodeIgniter\CodeIgniter->run()
#5 {main}
CRITICAL - 2022-06-03 03:12:08 --> Undefined variable: config
#0 /home/keyline1/public_html/dev/ecoex_portaldev/app/Controllers/UserController.php(113): CodeIgniter\Debug\Exceptions->errorHandler(8, 'Undefined varia...', '/home/keyline1/...', 113, Array)
#1 /home/keyline1/public_html/dev/ecoex_portaldev/system/CodeIgniter.php(832): App\Controllers\UserController->company_details('112')
#2 /home/keyline1/public_html/dev/ecoex_portaldev/system/CodeIgniter.php(419): CodeIgniter\CodeIgniter->runController(Object(App\Controllers\UserController))
#3 /home/keyline1/public_html/dev/ecoex_portaldev/system/CodeIgniter.php(326): CodeIgniter\CodeIgniter->handleRequest(NULL, Object(Config\Cache), false)
#4 /home/keyline1/public_html/dev/ecoex_portaldev/index.php(37): CodeIgniter\CodeIgniter->run()
#5 {main}
CRITICAL - 2022-06-03 03:12:10 --> Undefined variable: config
#0 /home/keyline1/public_html/dev/ecoex_portaldev/app/Controllers/UserController.php(113): CodeIgniter\Debug\Exceptions->errorHandler(8, 'Undefined varia...', '/home/keyline1/...', 113, Array)
#1 /home/keyline1/public_html/dev/ecoex_portaldev/system/CodeIgniter.php(832): App\Controllers\UserController->company_details('112')
#2 /home/keyline1/public_html/dev/ecoex_portaldev/system/CodeIgniter.php(419): CodeIgniter\CodeIgniter->runController(Object(App\Controllers\UserController))
#3 /home/keyline1/public_html/dev/ecoex_portaldev/system/CodeIgniter.php(326): CodeIgniter\CodeIgniter->handleRequest(NULL, Object(Config\Cache), false)
#4 /home/keyline1/public_html/dev/ecoex_portaldev/index.php(37): CodeIgniter\CodeIgniter->run()
#5 {main}
CRITICAL - 2022-06-03 03:12:25 --> Undefined offset: 0
#0 /home/keyline1/public_html/dev/ecoex_portaldev/app/Controllers/UserController.php(107): CodeIgniter\Debug\Exceptions->errorHandler(8, 'Undefined offse...', '/home/keyline1/...', 107, Array)
#1 /home/keyline1/public_html/dev/ecoex_portaldev/system/CodeIgniter.php(832): App\Controllers\UserController->company_details('css', 'owl.carousel.cs...')
#2 /home/keyline1/public_html/dev/ecoex_portaldev/system/CodeIgniter.php(419): CodeIgniter\CodeIgniter->runController(Object(App\Controllers\UserController))
#3 /home/keyline1/public_html/dev/ecoex_portaldev/system/CodeIgniter.php(326): CodeIgniter\CodeIgniter->handleRequest(NULL, Object(Config\Cache), false)
#4 /home/keyline1/public_html/dev/ecoex_portaldev/index.php(37): CodeIgniter\CodeIgniter->run()
#5 {main}
CRITICAL - 2022-06-03 03:12:52 --> Undefined offset: 0
#0 /home/keyline1/public_html/dev/ecoex_portaldev/app/Controllers/UserController.php(107): CodeIgniter\Debug\Exceptions->errorHandler(8, 'Undefined offse...', '/home/keyline1/...', 107, Array)
#1 /home/keyline1/public_html/dev/ecoex_portaldev/system/CodeIgniter.php(832): App\Controllers\UserController->company_details('css', 'owl.carousel.cs...')
#2 /home/keyline1/public_html/dev/ecoex_portaldev/system/CodeIgniter.php(419): CodeIgniter\CodeIgniter->runController(Object(App\Controllers\UserController))
#3 /home/keyline1/public_html/dev/ecoex_portaldev/system/CodeIgniter.php(326): CodeIgniter\CodeIgniter->handleRequest(NULL, Object(Config\Cache), false)
#4 /home/keyline1/public_html/dev/ecoex_portaldev/index.php(37): CodeIgniter\CodeIgniter->run()
#5 {main}
CRITICAL - 2022-06-03 03:12:52 --> Undefined offset: 0
#0 /home/keyline1/public_html/dev/ecoex_portaldev/app/Controllers/UserController.php(107): CodeIgniter\Debug\Exceptions->errorHandler(8, 'Undefined offse...', '/home/keyline1/...', 107, Array)
#1 /home/keyline1/public_html/dev/ecoex_portaldev/system/CodeIgniter.php(832): App\Controllers\UserController->company_details('css', 'owl.carousel.cs...')
#2 /home/keyline1/public_html/dev/ecoex_portaldev/system/CodeIgniter.php(419): CodeIgniter\CodeIgniter->runController(Object(App\Controllers\UserController))
#3 /home/keyline1/public_html/dev/ecoex_portaldev/system/CodeIgniter.php(326): CodeIgniter\CodeIgniter->handleRequest(NULL, Object(Config\Cache), false)
#4 /home/keyline1/public_html/dev/ecoex_portaldev/index.php(37): CodeIgniter\CodeIgniter->run()
#5 {main}
CRITICAL - 2022-06-03 03:12:53 --> Undefined offset: 0
#0 /home/keyline1/public_html/dev/ecoex_portaldev/app/Controllers/UserController.php(107): CodeIgniter\Debug\Exceptions->errorHandler(8, 'Undefined offse...', '/home/keyline1/...', 107, Array)
#1 /home/keyline1/public_html/dev/ecoex_portaldev/system/CodeIgniter.php(832): App\Controllers\UserController->company_details('css', 'owl.carousel.cs...')
#2 /home/keyline1/public_html/dev/ecoex_portaldev/system/CodeIgniter.php(419): CodeIgniter\CodeIgniter->runController(Object(App\Controllers\UserController))
#3 /home/keyline1/public_html/dev/ecoex_portaldev/system/CodeIgniter.php(326): CodeIgniter\CodeIgniter->handleRequest(NULL, Object(Config\Cache), false)
#4 /home/keyline1/public_html/dev/ecoex_portaldev/index.php(37): CodeIgniter\CodeIgniter->run()
#5 {main}
CRITICAL - 2022-06-03 03:12:53 --> Undefined offset: 0
#0 /home/keyline1/public_html/dev/ecoex_portaldev/app/Controllers/UserController.php(107): CodeIgniter\Debug\Exceptions->errorHandler(8, 'Undefined offse...', '/home/keyline1/...', 107, Array)
#1 /home/keyline1/public_html/dev/ecoex_portaldev/system/CodeIgniter.php(832): App\Controllers\UserController->company_details('css', 'owl.carousel.cs...')
#2 /home/keyline1/public_html/dev/ecoex_portaldev/system/CodeIgniter.php(419): CodeIgniter\CodeIgniter->runController(Object(App\Controllers\UserController))
#3 /home/keyline1/public_html/dev/ecoex_portaldev/system/CodeIgniter.php(326): CodeIgniter\CodeIgniter->handleRequest(NULL, Object(Config\Cache), false)
#4 /home/keyline1/public_html/dev/ecoex_portaldev/index.php(37): CodeIgniter\CodeIgniter->run()
#5 {main}
CRITICAL - 2022-06-03 03:15:32 --> Undefined offset: 0
#0 /home/keyline1/public_html/dev/ecoex_portaldev/app/Controllers/UserController.php(125): CodeIgniter\Debug\Exceptions->errorHandler(8, 'Undefined offse...', '/home/keyline1/...', 125, Array)
#1 /home/keyline1/public_html/dev/ecoex_portaldev/system/CodeIgniter.php(832): App\Controllers\UserController->company_details('css', 'owl.carousel.cs...')
#2 /home/keyline1/public_html/dev/ecoex_portaldev/system/CodeIgniter.php(419): CodeIgniter\CodeIgniter->runController(Object(App\Controllers\UserController))
#3 /home/keyline1/public_html/dev/ecoex_portaldev/system/CodeIgniter.php(326): CodeIgniter\CodeIgniter->handleRequest(NULL, Object(Config\Cache), false)
#4 /home/keyline1/public_html/dev/ecoex_portaldev/index.php(37): CodeIgniter\CodeIgniter->run()
#5 {main}
CRITICAL - 2022-06-03 03:16:30 --> Undefined offset: 0
#0 /home/keyline1/public_html/dev/ecoex_portaldev/app/Controllers/UserController.php(125): CodeIgniter\Debug\Exceptions->errorHandler(8, 'Undefined offse...', '/home/keyline1/...', 125, Array)
#1 /home/keyline1/public_html/dev/ecoex_portaldev/system/CodeIgniter.php(832): App\Controllers\UserController->company_details('css', 'owl.carousel.cs...')
#2 /home/keyline1/public_html/dev/ecoex_portaldev/system/CodeIgniter.php(419): CodeIgniter\CodeIgniter->runController(Object(App\Controllers\UserController))
#3 /home/keyline1/public_html/dev/ecoex_portaldev/system/CodeIgniter.php(326): CodeIgniter\CodeIgniter->handleRequest(NULL, Object(Config\Cache), false)
#4 /home/keyline1/public_html/dev/ecoex_portaldev/index.php(37): CodeIgniter\CodeIgniter->run()
#5 {main}
CRITICAL - 2022-06-03 03:17:26 --> Undefined offset: 0
#0 /home/keyline1/public_html/dev/ecoex_portaldev/app/Controllers/UserController.php(125): CodeIgniter\Debug\Exceptions->errorHandler(8, 'Undefined offse...', '/home/keyline1/...', 125, Array)
#1 /home/keyline1/public_html/dev/ecoex_portaldev/system/CodeIgniter.php(832): App\Controllers\UserController->company_details('css', 'owl.carousel.cs...')
#2 /home/keyline1/public_html/dev/ecoex_portaldev/system/CodeIgniter.php(419): CodeIgniter\CodeIgniter->runController(Object(App\Controllers\UserController))
#3 /home/keyline1/public_html/dev/ecoex_portaldev/system/CodeIgniter.php(326): CodeIgniter\CodeIgniter->handleRequest(NULL, Object(Config\Cache), false)
#4 /home/keyline1/public_html/dev/ecoex_portaldev/index.php(37): CodeIgniter\CodeIgniter->run()
#5 {main}
CRITICAL - 2022-06-03 03:18:12 --> Undefined offset: 0
#0 /home/keyline1/public_html/dev/ecoex_portaldev/app/Controllers/UserController.php(125): CodeIgniter\Debug\Exceptions->errorHandler(8, 'Undefined offse...', '/home/keyline1/...', 125, Array)
#1 /home/keyline1/public_html/dev/ecoex_portaldev/system/CodeIgniter.php(832): App\Controllers\UserController->company_details('css', 'owl.carousel.cs...')
#2 /home/keyline1/public_html/dev/ecoex_portaldev/system/CodeIgniter.php(419): CodeIgniter\CodeIgniter->runController(Object(App\Controllers\UserController))
#3 /home/keyline1/public_html/dev/ecoex_portaldev/system/CodeIgniter.php(326): CodeIgniter\CodeIgniter->handleRequest(NULL, Object(Config\Cache), false)
#4 /home/keyline1/public_html/dev/ecoex_portaldev/index.php(37): CodeIgniter\CodeIgniter->run()
#5 {main}
CRITICAL - 2022-06-03 03:18:56 --> Undefined offset: 0
#0 /home/keyline1/public_html/dev/ecoex_portaldev/app/Controllers/UserController.php(125): CodeIgniter\Debug\Exceptions->errorHandler(8, 'Undefined offse...', '/home/keyline1/...', 125, Array)
#1 /home/keyline1/public_html/dev/ecoex_portaldev/system/CodeIgniter.php(832): App\Controllers\UserController->company_details('css', 'owl.carousel.cs...')
#2 /home/keyline1/public_html/dev/ecoex_portaldev/system/CodeIgniter.php(419): CodeIgniter\CodeIgniter->runController(Object(App\Controllers\UserController))
#3 /home/keyline1/public_html/dev/ecoex_portaldev/system/CodeIgniter.php(326): CodeIgniter\CodeIgniter->handleRequest(NULL, Object(Config\Cache), false)
#4 /home/keyline1/public_html/dev/ecoex_portaldev/index.php(37): CodeIgniter\CodeIgniter->run()
#5 {main}
CRITICAL - 2022-06-03 03:19:34 --> Undefined offset: 0
#0 /home/keyline1/public_html/dev/ecoex_portaldev/app/Controllers/UserController.php(125): CodeIgniter\Debug\Exceptions->errorHandler(8, 'Undefined offse...', '/home/keyline1/...', 125, Array)
#1 /home/keyline1/public_html/dev/ecoex_portaldev/system/CodeIgniter.php(832): App\Controllers\UserController->company_details('css', 'owl.carousel.cs...')
#2 /home/keyline1/public_html/dev/ecoex_portaldev/system/CodeIgniter.php(419): CodeIgniter\CodeIgniter->runController(Object(App\Controllers\UserController))
#3 /home/keyline1/public_html/dev/ecoex_portaldev/system/CodeIgniter.php(326): CodeIgniter\CodeIgniter->handleRequest(NULL, Object(Config\Cache), false)
#4 /home/keyline1/public_html/dev/ecoex_portaldev/index.php(37): CodeIgniter\CodeIgniter->run()
#5 {main}
CRITICAL - 2022-06-03 03:23:40 --> Undefined offset: 0
#0 /home/keyline1/public_html/dev/ecoex_portaldev/app/Controllers/UserController.php(125): CodeIgniter\Debug\Exceptions->errorHandler(8, 'Undefined offse...', '/home/keyline1/...', 125, Array)
#1 /home/keyline1/public_html/dev/ecoex_portaldev/system/CodeIgniter.php(832): App\Controllers\UserController->company_details('css', 'owl.carousel.cs...')
#2 /home/keyline1/public_html/dev/ecoex_portaldev/system/CodeIgniter.php(419): CodeIgniter\CodeIgniter->runController(Object(App\Controllers\UserController))
#3 /home/keyline1/public_html/dev/ecoex_portaldev/system/CodeIgniter.php(326): CodeIgniter\CodeIgniter->handleRequest(NULL, Object(Config\Cache), false)
#4 /home/keyline1/public_html/dev/ecoex_portaldev/index.php(37): CodeIgniter\CodeIgniter->run()
#5 {main}
CRITICAL - 2022-06-03 03:24:18 --> Undefined offset: 0
#0 /home/keyline1/public_html/dev/ecoex_portaldev/app/Controllers/UserController.php(125): CodeIgniter\Debug\Exceptions->errorHandler(8, 'Undefined offse...', '/home/keyline1/...', 125, Array)
#1 /home/keyline1/public_html/dev/ecoex_portaldev/system/CodeIgniter.php(832): App\Controllers\UserController->company_details('css', 'owl.carousel.cs...')
#2 /home/keyline1/public_html/dev/ecoex_portaldev/system/CodeIgniter.php(419): CodeIgniter\CodeIgniter->runController(Object(App\Controllers\UserController))
#3 /home/keyline1/public_html/dev/ecoex_portaldev/system/CodeIgniter.php(326): CodeIgniter\CodeIgniter->handleRequest(NULL, Object(Config\Cache), false)
#4 /home/keyline1/public_html/dev/ecoex_portaldev/index.php(37): CodeIgniter\CodeIgniter->run()
#5 {main}
CRITICAL - 2022-06-03 03:25:09 --> Undefined offset: 0
#0 /home/keyline1/public_html/dev/ecoex_portaldev/app/Controllers/UserController.php(125): CodeIgniter\Debug\Exceptions->errorHandler(8, 'Undefined offse...', '/home/keyline1/...', 125, Array)
#1 /home/keyline1/public_html/dev/ecoex_portaldev/system/CodeIgniter.php(832): App\Controllers\UserController->company_details('css', 'owl.carousel.cs...')
#2 /home/keyline1/public_html/dev/ecoex_portaldev/system/CodeIgniter.php(419): CodeIgniter\CodeIgniter->runController(Object(App\Controllers\UserController))
#3 /home/keyline1/public_html/dev/ecoex_portaldev/system/CodeIgniter.php(326): CodeIgniter\CodeIgniter->handleRequest(NULL, Object(Config\Cache), false)
#4 /home/keyline1/public_html/dev/ecoex_portaldev/index.php(37): CodeIgniter\CodeIgniter->run()
#5 {main}
CRITICAL - 2022-06-03 03:25:22 --> Undefined offset: 0
#0 /home/keyline1/public_html/dev/ecoex_portaldev/app/Controllers/UserController.php(125): CodeIgniter\Debug\Exceptions->errorHandler(8, 'Undefined offse...', '/home/keyline1/...', 125, Array)
#1 /home/keyline1/public_html/dev/ecoex_portaldev/system/CodeIgniter.php(832): App\Controllers\UserController->company_details('css', 'owl.carousel.cs...')
#2 /home/keyline1/public_html/dev/ecoex_portaldev/system/CodeIgniter.php(419): CodeIgniter\CodeIgniter->runController(Object(App\Controllers\UserController))
#3 /home/keyline1/public_html/dev/ecoex_portaldev/system/CodeIgniter.php(326): CodeIgniter\CodeIgniter->handleRequest(NULL, Object(Config\Cache), false)
#4 /home/keyline1/public_html/dev/ecoex_portaldev/index.php(37): CodeIgniter\CodeIgniter->run()
#5 {main}
CRITICAL - 2022-06-03 03:26:30 --> Undefined variable: config
#0 /home/keyline1/public_html/dev/ecoex_portaldev/app/Controllers/Home.php(19): CodeIgniter\Debug\Exceptions->errorHandler(8, 'Undefined varia...', '/home/keyline1/...', 19, Array)
#1 /home/keyline1/public_html/dev/ecoex_portaldev/system/CodeIgniter.php(832): App\Controllers\Home->index()
#2 /home/keyline1/public_html/dev/ecoex_portaldev/system/CodeIgniter.php(419): CodeIgniter\CodeIgniter->runController(Object(App\Controllers\Home))
#3 /home/keyline1/public_html/dev/ecoex_portaldev/system/CodeIgniter.php(326): CodeIgniter\CodeIgniter->handleRequest(NULL, Object(Config\Cache), false)
#4 /home/keyline1/public_html/dev/ecoex_portaldev/index.php(37): CodeIgniter\CodeIgniter->run()
#5 {main}
CRITICAL - 2022-06-03 06:47:38 --> Call to a member function setOTPForMobile() on null
#0 /home/keyline1/public_html/dev/ecoex_portaldev/system/CodeIgniter.php(832): App\Controllers\UserController->sendOTP()
#1 /home/keyline1/public_html/dev/ecoex_portaldev/system/CodeIgniter.php(419): CodeIgniter\CodeIgniter->runController(Object(App\Controllers\UserController))
#2 /home/keyline1/public_html/dev/ecoex_portaldev/system/CodeIgniter.php(326): CodeIgniter\CodeIgniter->handleRequest(NULL, Object(Config\Cache), false)
#3 /home/keyline1/public_html/dev/ecoex_portaldev/index.php(37): CodeIgniter\CodeIgniter->run()
#4 {main}
CRITICAL - 2022-06-03 06:48:10 --> Undefined offset: 2
#0 /home/keyline1/public_html/dev/ecoex_portaldev/app/Views/collector/inc/header.php(129): CodeIgniter\Debug\Exceptions->errorHandler(8, 'Undefined offse...', '/home/keyline1/...', 129, Array)
#1 /home/keyline1/public_html/dev/ecoex_portaldev/system/View/View.php(210): include('/home/keyline1/...')
#2 /home/keyline1/public_html/dev/ecoex_portaldev/system/View/View.php(213): CodeIgniter\View\View->CodeIgniter\View\{closure}()
#3 /home/keyline1/public_html/dev/ecoex_portaldev/system/Common.php(1089): CodeIgniter\View\View->render('collector/inc/h...', Array, true)
#4 /home/keyline1/public_html/dev/ecoex_portaldev/app/Views/collector/index.php(1): view('collector/inc/h...')
#5 /home/keyline1/public_html/dev/ecoex_portaldev/system/View/View.php(210): include('/home/keyline1/...')
#6 /home/keyline1/public_html/dev/ecoex_portaldev/system/View/View.php(213): CodeIgniter\View\View->CodeIgniter\View\{closure}()
#7 /home/keyline1/public_html/dev/ecoex_portaldev/system/Common.php(1089): CodeIgniter\View\View->render('collector/index', Array, true)
#8 /home/keyline1/public_html/dev/ecoex_portaldev/app/Controllers/Collector/DashboardController.php(32): view('collector/index', Array)
#9 /home/keyline1/public_html/dev/ecoex_portaldev/system/CodeIgniter.php(832): App\Controllers\Collector\DashboardController->myDashboard()
#10 /home/keyline1/public_html/dev/ecoex_portaldev/system/CodeIgniter.php(419): CodeIgniter\CodeIgniter->runController(Object(App\Controllers\Collector\DashboardController))
#11 /home/keyline1/public_html/dev/ecoex_portaldev/system/CodeIgniter.php(326): CodeIgniter\CodeIgniter->handleRequest(NULL, Object(Config\Cache), false)
#12 /home/keyline1/public_html/dev/ecoex_portaldev/index.php(37): CodeIgniter\CodeIgniter->run()
#13 {main}
CRITICAL - 2022-06-03 06:48:47 --> Undefined variable: company
#0 /home/keyline1/public_html/dev/ecoex_portaldev/app/Controllers/UserController.php(255): CodeIgniter\Debug\Exceptions->errorHandler(8, 'Undefined varia...', '/home/keyline1/...', 255, Array)
#1 /home/keyline1/public_html/dev/ecoex_portaldev/system/CodeIgniter.php(832): App\Controllers\UserController->sendOTP()
#2 /home/keyline1/public_html/dev/ecoex_portaldev/system/CodeIgniter.php(419): CodeIgniter\CodeIgniter->runController(Object(App\Controllers\UserController))
#3 /home/keyline1/public_html/dev/ecoex_portaldev/system/CodeIgniter.php(326): CodeIgniter\CodeIgniter->handleRequest(NULL, Object(Config\Cache), false)
#4 /home/keyline1/public_html/dev/ecoex_portaldev/index.php(37): CodeIgniter\CodeIgniter->run()
#5 {main}
CRITICAL - 2022-06-03 06:49:49 --> Undefined variable: id
#0 /home/keyline1/public_html/dev/ecoex_portaldev/app/Controllers/UserController.php(247): CodeIgniter\Debug\Exceptions->errorHandler(8, 'Undefined varia...', '/home/keyline1/...', 247, Array)
#1 /home/keyline1/public_html/dev/ecoex_portaldev/system/CodeIgniter.php(832): App\Controllers\UserController->sendOTP()
#2 /home/keyline1/public_html/dev/ecoex_portaldev/system/CodeIgniter.php(419): CodeIgniter\CodeIgniter->runController(Object(App\Controllers\UserController))
#3 /home/keyline1/public_html/dev/ecoex_portaldev/system/CodeIgniter.php(326): CodeIgniter\CodeIgniter->handleRequest(NULL, Object(Config\Cache), false)
#4 /home/keyline1/public_html/dev/ecoex_portaldev/index.php(37): CodeIgniter\CodeIgniter->run()
#5 {main}
CRITICAL - 2022-06-03 08:02:19 --> Too few arguments to function App\Models\AdminAuth::getApprovedMemberListByType(), 0 passed in /home/keyline1/public_html/dev/ecoex_portaldev/app/Controllers/Admin/AdminController.php on line 367 and exactly 1 expected
#0 /home/keyline1/public_html/dev/ecoex_portaldev/app/Controllers/Admin/AdminController.php(367): App\Models\AdminAuth->getApprovedMemberListByType()
#1 /home/keyline1/public_html/dev/ecoex_portaldev/system/CodeIgniter.php(832): App\Controllers\Admin\AdminController->memberTypeWiseList('1')
#2 /home/keyline1/public_html/dev/ecoex_portaldev/system/CodeIgniter.php(419): CodeIgniter\CodeIgniter->runController(Object(App\Controllers\Admin\AdminController))
#3 /home/keyline1/public_html/dev/ecoex_portaldev/system/CodeIgniter.php(326): CodeIgniter\CodeIgniter->handleRequest(NULL, Object(Config\Cache), false)
#4 /home/keyline1/public_html/dev/ecoex_portaldev/index.php(37): CodeIgniter\CodeIgniter->run()
#5 {main}
ERROR - 2022-06-03 08:02:39 --> Column 'c_id' in order clause is ambiguous
CRITICAL - 2022-06-03 08:02:39 --> Call to a member function getResultArray() on bool
#0 /home/keyline1/public_html/dev/ecoex_portaldev/app/Controllers/Admin/AdminController.php(367): App\Models\AdminAuth->getApprovedMemberListByType('1')
#1 /home/keyline1/public_html/dev/ecoex_portaldev/system/CodeIgniter.php(832): App\Controllers\Admin\AdminController->memberTypeWiseList('1')
#2 /home/keyline1/public_html/dev/ecoex_portaldev/system/CodeIgniter.php(419): CodeIgniter\CodeIgniter->runController(Object(App\Controllers\Admin\AdminController))
#3 /home/keyline1/public_html/dev/ecoex_portaldev/system/CodeIgniter.php(326): CodeIgniter\CodeIgniter->handleRequest(NULL, Object(Config\Cache), false)
#4 /home/keyline1/public_html/dev/ecoex_portaldev/index.php(37): CodeIgniter\CodeIgniter->run()
#5 {main}
CRITICAL - 2022-06-03 22:59:57 --> Invalid argument supplied for foreach()
#0 /home/keyline1/public_html/dev/ecoex_portaldev/app/Views/companyRegistrationStepOne.php(307): CodeIgniter\Debug\Exceptions->errorHandler(2, 'Invalid argumen...', '/home/keyline1/...', 307, Array)
#1 /home/keyline1/public_html/dev/ecoex_portaldev/system/View/View.php(210): include('/home/keyline1/...')
#2 /home/keyline1/public_html/dev/ecoex_portaldev/system/View/View.php(213): CodeIgniter\View\View->CodeIgniter\View\{closure}()
#3 /home/keyline1/public_html/dev/ecoex_portaldev/system/Common.php(1089): CodeIgniter\View\View->render('companyRegistra...', Array, true)
#4 /home/keyline1/public_html/dev/ecoex_portaldev/app/Controllers/CompanyController.php(126): view('companyRegistra...', Array)
#5 /home/keyline1/public_html/dev/ecoex_portaldev/system/CodeIgniter.php(832): App\Controllers\CompanyController->companyRegistration('1')
#6 /home/keyline1/public_html/dev/ecoex_portaldev/system/CodeIgniter.php(419): CodeIgniter\CodeIgniter->runController(Object(App\Controllers\CompanyController))
#7 /home/keyline1/public_html/dev/ecoex_portaldev/system/CodeIgniter.php(326): CodeIgniter\CodeIgniter->handleRequest(NULL, Object(Config\Cache), false)
#8 /home/keyline1/public_html/dev/ecoex_portaldev/index.php(37): CodeIgniter\CodeIgniter->run()
#9 {main}
CRITICAL - 2022-06-03 23:07:08 --> Illegal string offset 'id'
#0 /home/keyline1/public_html/dev/ecoex_portaldev/app/Views/companyRegistrationStepOne.php(236): CodeIgniter\Debug\Exceptions->errorHandler(2, 'Illegal string ...', '/home/keyline1/...', 236, Array)
#1 /home/keyline1/public_html/dev/ecoex_portaldev/system/View/View.php(210): include('/home/keyline1/...')
#2 /home/keyline1/public_html/dev/ecoex_portaldev/system/View/View.php(213): CodeIgniter\View\View->CodeIgniter\View\{closure}()
#3 /home/keyline1/public_html/dev/ecoex_portaldev/system/Common.php(1089): CodeIgniter\View\View->render('companyRegistra...', Array, true)
#4 /home/keyline1/public_html/dev/ecoex_portaldev/app/Controllers/CompanyController.php(126): view('companyRegistra...', Array)
#5 /home/keyline1/public_html/dev/ecoex_portaldev/system/CodeIgniter.php(832): App\Controllers\CompanyController->companyRegistration('1')
#6 /home/keyline1/public_html/dev/ecoex_portaldev/system/CodeIgniter.php(419): CodeIgniter\CodeIgniter->runController(Object(App\Controllers\CompanyController))
#7 /home/keyline1/public_html/dev/ecoex_portaldev/system/CodeIgniter.php(326): CodeIgniter\CodeIgniter->handleRequest(NULL, Object(Config\Cache), false)
#8 /home/keyline1/public_html/dev/ecoex_portaldev/index.php(37): CodeIgniter\CodeIgniter->run()
#9 {main}
CRITICAL - 2022-06-03 23:11:03 --> Illegal string offset 'id'
#0 /home/keyline1/public_html/dev/ecoex_portaldev/app/Views/companyRegistrationStepOne.php(282): CodeIgniter\Debug\Exceptions->errorHandler(2, 'Illegal string ...', '/home/keyline1/...', 282, Array)
#1 /home/keyline1/public_html/dev/ecoex_portaldev/system/View/View.php(210): include('/home/keyline1/...')
#2 /home/keyline1/public_html/dev/ecoex_portaldev/system/View/View.php(213): CodeIgniter\View\View->CodeIgniter\View\{closure}()
#3 /home/keyline1/public_html/dev/ecoex_portaldev/system/Common.php(1089): CodeIgniter\View\View->render('companyRegistra...', Array, true)
#4 /home/keyline1/public_html/dev/ecoex_portaldev/app/Controllers/CompanyController.php(126): view('companyRegistra...', Array)
#5 /home/keyline1/public_html/dev/ecoex_portaldev/system/CodeIgniter.php(832): App\Controllers\CompanyController->companyRegistration('1')
#6 /home/keyline1/public_html/dev/ecoex_portaldev/system/CodeIgniter.php(419): CodeIgniter\CodeIgniter->runController(Object(App\Controllers\CompanyController))
#7 /home/keyline1/public_html/dev/ecoex_portaldev/system/CodeIgniter.php(326): CodeIgniter\CodeIgniter->handleRequest(NULL, Object(Config\Cache), false)
#8 /home/keyline1/public_html/dev/ecoex_portaldev/index.php(37): CodeIgniter\CodeIgniter->run()
#9 {main}
CRITICAL - 2022-06-03 23:12:23 --> Illegal string offset 'id'
#0 /home/keyline1/public_html/dev/ecoex_portaldev/app/Views/companyRegistrationStepOne.php(282): CodeIgniter\Debug\Exceptions->errorHandler(2, 'Illegal string ...', '/home/keyline1/...', 282, Array)
#1 /home/keyline1/public_html/dev/ecoex_portaldev/system/View/View.php(210): include('/home/keyline1/...')
#2 /home/keyline1/public_html/dev/ecoex_portaldev/system/View/View.php(213): CodeIgniter\View\View->CodeIgniter\View\{closure}()
#3 /home/keyline1/public_html/dev/ecoex_portaldev/system/Common.php(1089): CodeIgniter\View\View->render('companyRegistra...', Array, true)
#4 /home/keyline1/public_html/dev/ecoex_portaldev/app/Controllers/CompanyController.php(126): view('companyRegistra...', Array)
#5 /home/keyline1/public_html/dev/ecoex_portaldev/system/CodeIgniter.php(832): App\Controllers\CompanyController->companyRegistration('1')
#6 /home/keyline1/public_html/dev/ecoex_portaldev/system/CodeIgniter.php(419): CodeIgniter\CodeIgniter->runController(Object(App\Controllers\CompanyController))
#7 /home/keyline1/public_html/dev/ecoex_portaldev/system/CodeIgniter.php(326): CodeIgniter\CodeIgniter->handleRequest(NULL, Object(Config\Cache), false)
#8 /home/keyline1/public_html/dev/ecoex_portaldev/index.php(37): CodeIgniter\CodeIgniter->run()
#9 {main}
CRITICAL - 2022-06-03 23:16:47 --> Illegal string offset 'id'
#0 /home/keyline1/public_html/dev/ecoex_portaldev/app/Views/companyRegistrationStepOne.php(236): CodeIgniter\Debug\Exceptions->errorHandler(2, 'Illegal string ...', '/home/keyline1/...', 236, Array)
#1 /home/keyline1/public_html/dev/ecoex_portaldev/system/View/View.php(210): include('/home/keyline1/...')
#2 /home/keyline1/public_html/dev/ecoex_portaldev/system/View/View.php(213): CodeIgniter\View\View->CodeIgniter\View\{closure}()
#3 /home/keyline1/public_html/dev/ecoex_portaldev/system/Common.php(1089): CodeIgniter\View\View->render('companyRegistra...', Array, true)
#4 /home/keyline1/public_html/dev/ecoex_portaldev/app/Controllers/CompanyController.php(126): view('companyRegistra...', Array)
#5 /home/keyline1/public_html/dev/ecoex_portaldev/system/CodeIgniter.php(832): App\Controllers\CompanyController->companyRegistration('1')
#6 /home/keyline1/public_html/dev/ecoex_portaldev/system/CodeIgniter.php(419): CodeIgniter\CodeIgniter->runController(Object(App\Controllers\CompanyController))
#7 /home/keyline1/public_html/dev/ecoex_portaldev/system/CodeIgniter.php(326): CodeIgniter\CodeIgniter->handleRequest(NULL, Object(Config\Cache), false)
#8 /home/keyline1/public_html/dev/ecoex_portaldev/index.php(37): CodeIgniter\CodeIgniter->run()
#9 {main}
CRITICAL - 2022-06-03 23:17:06 --> Illegal string offset 'id'
#0 /home/keyline1/public_html/dev/ecoex_portaldev/app/Views/companyRegistrationStepOne.php(237): CodeIgniter\Debug\Exceptions->errorHandler(2, 'Illegal string ...', '/home/keyline1/...', 237, Array)
#1 /home/keyline1/public_html/dev/ecoex_portaldev/system/View/View.php(210): include('/home/keyline1/...')
#2 /home/keyline1/public_html/dev/ecoex_portaldev/system/View/View.php(213): CodeIgniter\View\View->CodeIgniter\View\{closure}()
#3 /home/keyline1/public_html/dev/ecoex_portaldev/system/Common.php(1089): CodeIgniter\View\View->render('companyRegistra...', Array, true)
#4 /home/keyline1/public_html/dev/ecoex_portaldev/app/Controllers/CompanyController.php(126): view('companyRegistra...', Array)
#5 /home/keyline1/public_html/dev/ecoex_portaldev/system/CodeIgniter.php(832): App\Controllers\CompanyController->companyRegistration('1')
#6 /home/keyline1/public_html/dev/ecoex_portaldev/system/CodeIgniter.php(419): CodeIgniter\CodeIgniter->runController(Object(App\Controllers\CompanyController))
#7 /home/keyline1/public_html/dev/ecoex_portaldev/system/CodeIgniter.php(326): CodeIgniter\CodeIgniter->handleRequest(NULL, Object(Config\Cache), false)
#8 /home/keyline1/public_html/dev/ecoex_portaldev/index.php(37): CodeIgniter\CodeIgniter->run()
#9 {main}
CRITICAL - 2022-06-03 23:17:24 --> Illegal string offset 'name'
#0 /home/keyline1/public_html/dev/ecoex_portaldev/app/Views/companyRegistrationStepOne.php(241): CodeIgniter\Debug\Exceptions->errorHandler(2, 'Illegal string ...', '/home/keyline1/...', 241, Array)
#1 /home/keyline1/public_html/dev/ecoex_portaldev/system/View/View.php(210): include('/home/keyline1/...')
#2 /home/keyline1/public_html/dev/ecoex_portaldev/system/View/View.php(213): CodeIgniter\View\View->CodeIgniter\View\{closure}()
#3 /home/keyline1/public_html/dev/ecoex_portaldev/system/Common.php(1089): CodeIgniter\View\View->render('companyRegistra...', Array, true)
#4 /home/keyline1/public_html/dev/ecoex_portaldev/app/Controllers/CompanyController.php(126): view('companyRegistra...', Array)
#5 /home/keyline1/public_html/dev/ecoex_portaldev/system/CodeIgniter.php(832): App\Controllers\CompanyController->companyRegistration('1')
#6 /home/keyline1/public_html/dev/ecoex_portaldev/system/CodeIgniter.php(419): CodeIgniter\CodeIgniter->runController(Object(App\Controllers\CompanyController))
#7 /home/keyline1/public_html/dev/ecoex_portaldev/system/CodeIgniter.php(326): CodeIgniter\CodeIgniter->handleRequest(NULL, Object(Config\Cache), false)
#8 /home/keyline1/public_html/dev/ecoex_portaldev/index.php(37): CodeIgniter\CodeIgniter->run()
#9 {main}
