ERROR - 2022-06-27 02:35:13 --> Unknown column 'state_id' in 'where clause'
CRITICAL - 2022-06-27 02:35:13 --> Call to a member function getNumRows() on bool
#0 /home/keyline1/public_html/dev/ecoex_portaldev/app/Controllers/Admin/AdminController.php(159): App\Models\CommonModel->find_data('ecoex_document_...', 'row', Array)
#1 /home/keyline1/public_html/dev/ecoex_portaldev/system/CodeIgniter.php(832): App\Controllers\Admin\AdminController->updateDocumentList('11')
#2 /home/keyline1/public_html/dev/ecoex_portaldev/system/CodeIgniter.php(419): CodeIgniter\CodeIgniter->runController(Object(App\Controllers\Admin\AdminController))
#3 /home/keyline1/public_html/dev/ecoex_portaldev/system/CodeIgniter.php(326): CodeIgniter\CodeIgniter->handleRequest(NULL, Object(Config\Cache), false)
#4 /home/keyline1/public_html/dev/ecoex_portaldev/index.php(37): CodeIgniter\CodeIgniter->run()
#5 {main}
CRITICAL - 2022-06-27 05:51:48 --> syntax error, unexpected ']', expecting ';' or ','
#0 /home/keyline1/public_html/dev/ecoex_portaldev/system/View/View.php(213): CodeIgniter\View\View->CodeIgniter\View\{closure}()
#1 /home/keyline1/public_html/dev/ecoex_portaldev/system/Common.php(1089): CodeIgniter\View\View->render('admin/layout/in...', Array, true)
#2 /home/keyline1/public_html/dev/ecoex_portaldev/app/Controllers/Admin/AdminController.php(1398): view('admin/layout/in...', Array)
#3 /home/keyline1/public_html/dev/ecoex_portaldev/system/CodeIgniter.php(832): App\Controllers\Admin\AdminController->inquiryDetails('Ng==')
#4 /home/keyline1/public_html/dev/ecoex_portaldev/system/CodeIgniter.php(419): CodeIgniter\CodeIgniter->runController(Object(App\Controllers\Admin\AdminController))
#5 /home/keyline1/public_html/dev/ecoex_portaldev/system/CodeIgniter.php(326): CodeIgniter\CodeIgniter->handleRequest(NULL, Object(Config\Cache), false)
#6 /home/keyline1/public_html/dev/ecoex_portaldev/index.php(37): CodeIgniter\CodeIgniter->run()
#7 {main}
CRITICAL - 2022-06-27 05:51:50 --> syntax error, unexpected ']', expecting ';' or ','
#0 /home/keyline1/public_html/dev/ecoex_portaldev/system/View/View.php(213): CodeIgniter\View\View->CodeIgniter\View\{closure}()
#1 /home/keyline1/public_html/dev/ecoex_portaldev/system/Common.php(1089): CodeIgniter\View\View->render('admin/layout/in...', Array, true)
#2 /home/keyline1/public_html/dev/ecoex_portaldev/app/Controllers/Admin/AdminController.php(1398): view('admin/layout/in...', Array)
#3 /home/keyline1/public_html/dev/ecoex_portaldev/system/CodeIgniter.php(832): App\Controllers\Admin\AdminController->inquiryDetails('Ng==')
#4 /home/keyline1/public_html/dev/ecoex_portaldev/system/CodeIgniter.php(419): CodeIgniter\CodeIgniter->runController(Object(App\Controllers\Admin\AdminController))
#5 /home/keyline1/public_html/dev/ecoex_portaldev/system/CodeIgniter.php(326): CodeIgniter\CodeIgniter->handleRequest(NULL, Object(Config\Cache), false)
#6 /home/keyline1/public_html/dev/ecoex_portaldev/index.php(37): CodeIgniter\CodeIgniter->run()
#7 {main}
CRITICAL - 2022-06-27 06:14:41 --> Call to a member function find_data() on null
#0 /home/keyline1/public_html/dev/ecoex_portaldev/system/CodeIgniter.php(832): App\Controllers\Admin\AdminController->inquiryDetails('Ng==')
#1 /home/keyline1/public_html/dev/ecoex_portaldev/system/CodeIgniter.php(419): CodeIgniter\CodeIgniter->runController(Object(App\Controllers\Admin\AdminController))
#2 /home/keyline1/public_html/dev/ecoex_portaldev/system/CodeIgniter.php(326): CodeIgniter\CodeIgniter->handleRequest(NULL, Object(Config\Cache), false)
#3 /home/keyline1/public_html/dev/ecoex_portaldev/index.php(37): CodeIgniter\CodeIgniter->run()
#4 {main}
CRITICAL - 2022-06-27 07:00:00 --> Invalid file: email-template/inquiry-document-accepted.php
#0 /home/keyline1/public_html/dev/ecoex_portaldev/system/View/View.php(198): CodeIgniter\Exceptions\FrameworkException::forInvalidFile('email-template/...')
#1 /home/keyline1/public_html/dev/ecoex_portaldev/system/Common.php(1089): CodeIgniter\View\View->render('email-template/...', Array, true)
#2 /home/keyline1/public_html/dev/ecoex_portaldev/app/Controllers/User/DashboardController.php(529): view('email-template/...', Array)
#3 /home/keyline1/public_html/dev/ecoex_portaldev/system/CodeIgniter.php(832): App\Controllers\User\DashboardController->inquiryAcceptDocument('Ng==')
#4 /home/keyline1/public_html/dev/ecoex_portaldev/system/CodeIgniter.php(419): CodeIgniter\CodeIgniter->runController(Object(App\Controllers\User\DashboardController))
#5 /home/keyline1/public_html/dev/ecoex_portaldev/system/CodeIgniter.php(326): CodeIgniter\CodeIgniter->handleRequest(NULL, Object(Config\Cache), false)
#6 /home/keyline1/public_html/dev/ecoex_portaldev/index.php(37): CodeIgniter\CodeIgniter->run()
#7 {main}
CRITICAL - 2022-06-27 07:23:12 --> Cannot use object of type CodeIgniter\HTTP\Files\UploadedFile as array
#0 /home/keyline1/public_html/dev/ecoex_portaldev/system/CodeIgniter.php(832): App\Controllers\User\DashboardController->uploadPO('Ng==')
#1 /home/keyline1/public_html/dev/ecoex_portaldev/system/CodeIgniter.php(419): CodeIgniter\CodeIgniter->runController(Object(App\Controllers\User\DashboardController))
#2 /home/keyline1/public_html/dev/ecoex_portaldev/system/CodeIgniter.php(326): CodeIgniter\CodeIgniter->handleRequest(NULL, Object(Config\Cache), false)
#3 /home/keyline1/public_html/dev/ecoex_portaldev/index.php(37): CodeIgniter\CodeIgniter->run()
#4 {main}
CRITICAL - 2022-06-27 07:30:23 --> count(): Parameter must be an array or an object that implements Countable
#0 /home/keyline1/public_html/dev/ecoex_portaldev/app/Views/email-template/inquiry-po-upload.php(164): CodeIgniter\Debug\Exceptions->errorHandler(2, 'count(): Parame...', '/home/keyline1/...', 164, Array)
#1 /home/keyline1/public_html/dev/ecoex_portaldev/system/View/View.php(210): include('/home/keyline1/...')
#2 /home/keyline1/public_html/dev/ecoex_portaldev/system/View/View.php(213): CodeIgniter\View\View->CodeIgniter\View\{closure}()
#3 /home/keyline1/public_html/dev/ecoex_portaldev/system/Common.php(1089): CodeIgniter\View\View->render('email-template/...', Array, true)
#4 /home/keyline1/public_html/dev/ecoex_portaldev/app/Controllers/User/DashboardController.php(570): view('email-template/...', Array)
#5 /home/keyline1/public_html/dev/ecoex_portaldev/system/CodeIgniter.php(832): App\Controllers\User\DashboardController->uploadPO('Ng==')
#6 /home/keyline1/public_html/dev/ecoex_portaldev/system/CodeIgniter.php(419): CodeIgniter\CodeIgniter->runController(Object(App\Controllers\User\DashboardController))
#7 /home/keyline1/public_html/dev/ecoex_portaldev/system/CodeIgniter.php(326): CodeIgniter\CodeIgniter->handleRequest(NULL, Object(Config\Cache), false)
#8 /home/keyline1/public_html/dev/ecoex_portaldev/index.php(37): CodeIgniter\CodeIgniter->run()
#9 {main}
CRITICAL - 2022-06-27 08:00:15 --> syntax error, unexpected '}'
#0 /home/keyline1/public_html/dev/ecoex_portaldev/system/Autoloader/Autoloader.php(241): CodeIgniter\Autoloader\Autoloader->includeFile('/home/keyline1/...')
#1 /home/keyline1/public_html/dev/ecoex_portaldev/system/Autoloader/Autoloader.php(219): CodeIgniter\Autoloader\Autoloader->loadInNamespace('App\\Models\\Comm...')
#2 [internal function]: CodeIgniter\Autoloader\Autoloader->loadClass('App\\Models\\Comm...')
#3 /home/keyline1/public_html/dev/ecoex_portaldev/app/Controllers/User/DashboardController.php(468): spl_autoload_call('App\\Models\\Comm...')
#4 /home/keyline1/public_html/dev/ecoex_portaldev/system/CodeIgniter.php(832): App\Controllers\User\DashboardController->uploadInquiryDocument('Ng==')
#5 /home/keyline1/public_html/dev/ecoex_portaldev/system/CodeIgniter.php(419): CodeIgniter\CodeIgniter->runController(Object(App\Controllers\User\DashboardController))
#6 /home/keyline1/public_html/dev/ecoex_portaldev/system/CodeIgniter.php(326): CodeIgniter\CodeIgniter->handleRequest(NULL, Object(Config\Cache), false)
#7 /home/keyline1/public_html/dev/ecoex_portaldev/index.php(37): CodeIgniter\CodeIgniter->run()
#8 {main}
CRITICAL - 2022-06-27 23:00:39 --> count(): Parameter must be an array or an object that implements Countable
#0 [internal function]: CodeIgniter\Debug\Exceptions->errorHandler(2, 'count(): Parame...', '/home/keyline1/...', 306, Array)
#1 /home/keyline1/public_html/dev/ecoex_portaldev/app/Models/CommonModel.php(306): count(NULL)
#2 /home/keyline1/public_html/dev/ecoex_portaldev/app/Controllers/User/DashboardController.php(478): App\Models\CommonModel->commonFileArrayUpload('writable/upload...', NULL, 'image')
#3 /home/keyline1/public_html/dev/ecoex_portaldev/system/CodeIgniter.php(832): App\Controllers\User\DashboardController->uploadInquiryDocument('Nw==')
#4 /home/keyline1/public_html/dev/ecoex_portaldev/system/CodeIgniter.php(419): CodeIgniter\CodeIgniter->runController(Object(App\Controllers\User\DashboardController))
#5 /home/keyline1/public_html/dev/ecoex_portaldev/system/CodeIgniter.php(326): CodeIgniter\CodeIgniter->handleRequest(NULL, Object(Config\Cache), false)
#6 /home/keyline1/public_html/dev/ecoex_portaldev/index.php(37): CodeIgniter\CodeIgniter->run()
#7 {main}
CRITICAL - 2022-06-27 23:01:28 --> count(): Parameter must be an array or an object that implements Countable
#0 [internal function]: CodeIgniter\Debug\Exceptions->errorHandler(2, 'count(): Parame...', '/home/keyline1/...', 306, Array)
#1 /home/keyline1/public_html/dev/ecoex_portaldev/app/Models/CommonModel.php(306): count(NULL)
#2 /home/keyline1/public_html/dev/ecoex_portaldev/app/Controllers/User/DashboardController.php(478): App\Models\CommonModel->commonFileArrayUpload('writable/upload...', NULL, 'image')
#3 /home/keyline1/public_html/dev/ecoex_portaldev/system/CodeIgniter.php(832): App\Controllers\User\DashboardController->uploadInquiryDocument('Nw==')
#4 /home/keyline1/public_html/dev/ecoex_portaldev/system/CodeIgniter.php(419): CodeIgniter\CodeIgniter->runController(Object(App\Controllers\User\DashboardController))
#5 /home/keyline1/public_html/dev/ecoex_portaldev/system/CodeIgniter.php(326): CodeIgniter\CodeIgniter->handleRequest(NULL, Object(Config\Cache), false)
#6 /home/keyline1/public_html/dev/ecoex_portaldev/index.php(37): CodeIgniter\CodeIgniter->run()
#7 {main}
CRITICAL - 2022-06-27 23:01:46 --> count(): Parameter must be an array or an object that implements Countable
#0 [internal function]: CodeIgniter\Debug\Exceptions->errorHandler(2, 'count(): Parame...', '/home/keyline1/...', 306, Array)
#1 /home/keyline1/public_html/dev/ecoex_portaldev/app/Models/CommonModel.php(306): count(NULL)
#2 /home/keyline1/public_html/dev/ecoex_portaldev/app/Controllers/User/DashboardController.php(478): App\Models\CommonModel->commonFileArrayUpload('writable/upload...', NULL, 'image')
#3 /home/keyline1/public_html/dev/ecoex_portaldev/system/CodeIgniter.php(832): App\Controllers\User\DashboardController->uploadInquiryDocument('OA==')
#4 /home/keyline1/public_html/dev/ecoex_portaldev/system/CodeIgniter.php(419): CodeIgniter\CodeIgniter->runController(Object(App\Controllers\User\DashboardController))
#5 /home/keyline1/public_html/dev/ecoex_portaldev/system/CodeIgniter.php(326): CodeIgniter\CodeIgniter->handleRequest(NULL, Object(Config\Cache), false)
#6 /home/keyline1/public_html/dev/ecoex_portaldev/index.php(37): CodeIgniter\CodeIgniter->run()
#7 {main}
CRITICAL - 2022-06-27 23:02:03 --> count(): Parameter must be an array or an object that implements Countable
#0 [internal function]: CodeIgniter\Debug\Exceptions->errorHandler(2, 'count(): Parame...', '/home/keyline1/...', 306, Array)
#1 /home/keyline1/public_html/dev/ecoex_portaldev/app/Models/CommonModel.php(306): count(NULL)
#2 /home/keyline1/public_html/dev/ecoex_portaldev/app/Controllers/User/DashboardController.php(478): App\Models\CommonModel->commonFileArrayUpload('writable/upload...', NULL, 'image')
#3 /home/keyline1/public_html/dev/ecoex_portaldev/system/CodeIgniter.php(832): App\Controllers\User\DashboardController->uploadInquiryDocument('OA==')
#4 /home/keyline1/public_html/dev/ecoex_portaldev/system/CodeIgniter.php(419): CodeIgniter\CodeIgniter->runController(Object(App\Controllers\User\DashboardController))
#5 /home/keyline1/public_html/dev/ecoex_portaldev/system/CodeIgniter.php(326): CodeIgniter\CodeIgniter->handleRequest(NULL, Object(Config\Cache), false)
#6 /home/keyline1/public_html/dev/ecoex_portaldev/index.php(37): CodeIgniter\CodeIgniter->run()
#7 {main}
CRITICAL - 2022-06-27 23:08:13 --> count(): Parameter must be an array or an object that implements Countable
#0 [internal function]: CodeIgniter\Debug\Exceptions->errorHandler(2, 'count(): Parame...', '/home/keyline1/...', 306, Array)
#1 /home/keyline1/public_html/dev/ecoex_portaldev/app/Models/CommonModel.php(306): count(NULL)
#2 /home/keyline1/public_html/dev/ecoex_portaldev/app/Controllers/User/DashboardController.php(478): App\Models\CommonModel->commonFileArrayUpload('writable/upload...', NULL, 'image')
#3 /home/keyline1/public_html/dev/ecoex_portaldev/system/CodeIgniter.php(832): App\Controllers\User\DashboardController->uploadInquiryDocument('Nw==')
#4 /home/keyline1/public_html/dev/ecoex_portaldev/system/CodeIgniter.php(419): CodeIgniter\CodeIgniter->runController(Object(App\Controllers\User\DashboardController))
#5 /home/keyline1/public_html/dev/ecoex_portaldev/system/CodeIgniter.php(326): CodeIgniter\CodeIgniter->handleRequest(NULL, Object(Config\Cache), false)
#6 /home/keyline1/public_html/dev/ecoex_portaldev/index.php(37): CodeIgniter\CodeIgniter->run()
#7 {main}
CRITICAL - 2022-06-27 23:08:13 --> count(): Parameter must be an array or an object that implements Countable
#0 [internal function]: CodeIgniter\Debug\Exceptions->errorHandler(2, 'count(): Parame...', '/home/keyline1/...', 306, Array)
#1 /home/keyline1/public_html/dev/ecoex_portaldev/app/Models/CommonModel.php(306): count(NULL)
#2 /home/keyline1/public_html/dev/ecoex_portaldev/app/Controllers/User/DashboardController.php(478): App\Models\CommonModel->commonFileArrayUpload('writable/upload...', NULL, 'image')
#3 /home/keyline1/public_html/dev/ecoex_portaldev/system/CodeIgniter.php(832): App\Controllers\User\DashboardController->uploadInquiryDocument('Nw==')
#4 /home/keyline1/public_html/dev/ecoex_portaldev/system/CodeIgniter.php(419): CodeIgniter\CodeIgniter->runController(Object(App\Controllers\User\DashboardController))
#5 /home/keyline1/public_html/dev/ecoex_portaldev/system/CodeIgniter.php(326): CodeIgniter\CodeIgniter->handleRequest(NULL, Object(Config\Cache), false)
#6 /home/keyline1/public_html/dev/ecoex_portaldev/index.php(37): CodeIgniter\CodeIgniter->run()
#7 {main}
