CRITICAL - 2022-07-26 00:59:35 --> count(): Parameter must be an array or an object that implements Countable
#0 E:\xampp\htdocs\ecoex_portaldev\ecoex-app-portal\app\Views\item-details.php(145): CodeIgniter\Debug\Exceptions->errorHandler(2, 'count(): Parame...', 'E:\\xampp\\htdocs...', 145, Array)
#1 E:\xampp\htdocs\ecoex_portaldev\ecoex-app-portal\system\View\View.php(210): include('E:\\xampp\\htdocs...')
#2 E:\xampp\htdocs\ecoex_portaldev\ecoex-app-portal\system\View\View.php(213): CodeIgniter\View\View->CodeIgniter\View\{closure}()
#3 E:\xampp\htdocs\ecoex_portaldev\ecoex-app-portal\system\Common.php(1089): CodeIgniter\View\View->render('item-details', Array, true)
#4 E:\xampp\htdocs\ecoex_portaldev\ecoex-app-portal\app\Controllers\Home.php(627): view('item-details', Array)
#5 E:\xampp\htdocs\ecoex_portaldev\ecoex-app-portal\system\CodeIgniter.php(832): App\Controllers\Home->itemDetails('QnJhbmQ=', 'images', 'email.png')
#6 E:\xampp\htdocs\ecoex_portaldev\ecoex-app-portal\system\CodeIgniter.php(419): CodeIgniter\CodeIgniter->runController(Object(App\Controllers\Home))
#7 E:\xampp\htdocs\ecoex_portaldev\ecoex-app-portal\system\CodeIgniter.php(326): CodeIgniter\CodeIgniter->handleRequest(NULL, Object(Config\Cache), false)
#8 E:\xampp\htdocs\ecoex_portaldev\ecoex-app-portal\index.php(37): CodeIgniter\CodeIgniter->run()
#9 {main}
CRITICAL - 2022-07-26 01:00:10 --> count(): Parameter must be an array or an object that implements Countable
#0 E:\xampp\htdocs\ecoex_portaldev\ecoex-app-portal\app\Views\item-details.php(145): CodeIgniter\Debug\Exceptions->errorHandler(2, 'count(): Parame...', 'E:\\xampp\\htdocs...', 145, Array)
#1 E:\xampp\htdocs\ecoex_portaldev\ecoex-app-portal\system\View\View.php(210): include('E:\\xampp\\htdocs...')
#2 E:\xampp\htdocs\ecoex_portaldev\ecoex-app-portal\system\View\View.php(213): CodeIgniter\View\View->CodeIgniter\View\{closure}()
#3 E:\xampp\htdocs\ecoex_portaldev\ecoex-app-portal\system\Common.php(1089): CodeIgniter\View\View->render('item-details', Array, true)
#4 E:\xampp\htdocs\ecoex_portaldev\ecoex-app-portal\app\Controllers\Home.php(627): view('item-details', Array)
#5 E:\xampp\htdocs\ecoex_portaldev\ecoex-app-portal\system\CodeIgniter.php(832): App\Controllers\Home->itemDetails('QnJhbmQ=', 'images', 'email.png')
#6 E:\xampp\htdocs\ecoex_portaldev\ecoex-app-portal\system\CodeIgniter.php(419): CodeIgniter\CodeIgniter->runController(Object(App\Controllers\Home))
#7 E:\xampp\htdocs\ecoex_portaldev\ecoex-app-portal\system\CodeIgniter.php(326): CodeIgniter\CodeIgniter->handleRequest(NULL, Object(Config\Cache), false)
#8 E:\xampp\htdocs\ecoex_portaldev\ecoex-app-portal\index.php(37): CodeIgniter\CodeIgniter->run()
#9 {main}
CRITICAL - 2022-07-26 01:15:07 --> mail(): Failed to connect to mailserver at &quot;localhost&quot; port 25, verify your &quot;SMTP&quot; and &quot;smtp_port&quot; setting in php.ini or use ini_set()
#0 [internal function]: CodeIgniter\Debug\Exceptions->errorHandler(2, 'mail(): Failed ...', 'E:\\xampp\\htdocs...', 52, Array)
#1 E:\xampp\htdocs\ecoex_portaldev\ecoex-app-portal\app\Controllers\CompanyController.php(52): mail('subhomoy@keylin...', 'Email Verificat...', '<p style="text-...', 'From: Ecoex Por...')
#2 E:\xampp\htdocs\ecoex_portaldev\ecoex-app-portal\system\CodeIgniter.php(832): App\Controllers\CompanyController->storeLogin()
#3 E:\xampp\htdocs\ecoex_portaldev\ecoex-app-portal\system\CodeIgniter.php(419): CodeIgniter\CodeIgniter->runController(Object(App\Controllers\CompanyController))
#4 E:\xampp\htdocs\ecoex_portaldev\ecoex-app-portal\system\CodeIgniter.php(326): CodeIgniter\CodeIgniter->handleRequest(NULL, Object(Config\Cache), false)
#5 E:\xampp\htdocs\ecoex_portaldev\ecoex-app-portal\index.php(37): CodeIgniter\CodeIgniter->run()
#6 {main}
CRITICAL - 2022-07-26 01:35:35 --> count(): Parameter must be an array or an object that implements Countable
#0 E:\xampp\htdocs\ecoex_portaldev\ecoex-app-portal\app\Views\item-details.php(145): CodeIgniter\Debug\Exceptions->errorHandler(2, 'count(): Parame...', 'E:\\xampp\\htdocs...', 145, Array)
#1 E:\xampp\htdocs\ecoex_portaldev\ecoex-app-portal\system\View\View.php(210): include('E:\\xampp\\htdocs...')
#2 E:\xampp\htdocs\ecoex_portaldev\ecoex-app-portal\system\View\View.php(213): CodeIgniter\View\View->CodeIgniter\View\{closure}()
#3 E:\xampp\htdocs\ecoex_portaldev\ecoex-app-portal\system\Common.php(1089): CodeIgniter\View\View->render('item-details', Array, true)
#4 E:\xampp\htdocs\ecoex_portaldev\ecoex-app-portal\app\Controllers\Home.php(627): view('item-details', Array)
#5 E:\xampp\htdocs\ecoex_portaldev\ecoex-app-portal\system\CodeIgniter.php(832): App\Controllers\Home->itemDetails('VHJhZGVy', 'images', 'email.png')
#6 E:\xampp\htdocs\ecoex_portaldev\ecoex-app-portal\system\CodeIgniter.php(419): CodeIgniter\CodeIgniter->runController(Object(App\Controllers\Home))
#7 E:\xampp\htdocs\ecoex_portaldev\ecoex-app-portal\system\CodeIgniter.php(326): CodeIgniter\CodeIgniter->handleRequest(NULL, Object(Config\Cache), false)
#8 E:\xampp\htdocs\ecoex_portaldev\ecoex-app-portal\index.php(37): CodeIgniter\CodeIgniter->run()
#9 {main}
CRITICAL - 2022-07-26 01:36:39 --> finfo_file(E:\xampp\tmp\php5C2D.tmp): failed to open stream: No such file or directory
#0 [internal function]: CodeIgniter\Debug\Exceptions->errorHandler(2, 'finfo_file(E:\\x...', 'E:\\xampp\\htdocs...', 109, Array)
#1 E:\xampp\htdocs\ecoex_portaldev\ecoex-app-portal\system\Files\File.php(109): finfo_file(Resource id #142, 'E:\\xampp\\tmp\\ph...')
#2 E:\xampp\htdocs\ecoex_portaldev\ecoex-app-portal\system\HTTP\Files\UploadedFile.php(302): CodeIgniter\Files\File->getMimeType()
#3 E:\xampp\htdocs\ecoex_portaldev\ecoex-app-portal\system\HTTP\Files\UploadedFile.php(291): CodeIgniter\HTTP\Files\UploadedFile->guessExtension()
#4 E:\xampp\htdocs\ecoex_portaldev\ecoex-app-portal\system\Files\File.php(121): CodeIgniter\HTTP\Files\UploadedFile->getExtension()
#5 E:\xampp\htdocs\ecoex_portaldev\ecoex-app-portal\app\Controllers\User\DashboardController.php(581): CodeIgniter\Files\File->getRandomName()
#6 E:\xampp\htdocs\ecoex_portaldev\ecoex-app-portal\system\CodeIgniter.php(832): App\Controllers\User\DashboardController->uploadInquiryDocument('MQ==')
#7 E:\xampp\htdocs\ecoex_portaldev\ecoex-app-portal\system\CodeIgniter.php(419): CodeIgniter\CodeIgniter->runController(Object(App\Controllers\User\DashboardController))
#8 E:\xampp\htdocs\ecoex_portaldev\ecoex-app-portal\system\CodeIgniter.php(326): CodeIgniter\CodeIgniter->handleRequest(NULL, Object(Config\Cache), false)
#9 E:\xampp\htdocs\ecoex_portaldev\ecoex-app-portal\index.php(37): CodeIgniter\CodeIgniter->run()
#10 {main}
CRITICAL - 2022-07-26 02:12:37 --> count(): Parameter must be an array or an object that implements Countable
#0 E:\xampp\htdocs\ecoex_portaldev\ecoex-app-portal\app\Views\item-details.php(145): CodeIgniter\Debug\Exceptions->errorHandler(2, 'count(): Parame...', 'E:\\xampp\\htdocs...', 145, Array)
#1 E:\xampp\htdocs\ecoex_portaldev\ecoex-app-portal\system\View\View.php(210): include('E:\\xampp\\htdocs...')
#2 E:\xampp\htdocs\ecoex_portaldev\ecoex-app-portal\system\View\View.php(213): CodeIgniter\View\View->CodeIgniter\View\{closure}()
#3 E:\xampp\htdocs\ecoex_portaldev\ecoex-app-portal\system\Common.php(1089): CodeIgniter\View\View->render('item-details', Array, true)
#4 E:\xampp\htdocs\ecoex_portaldev\ecoex-app-portal\app\Controllers\Home.php(627): view('item-details', Array)
#5 E:\xampp\htdocs\ecoex_portaldev\ecoex-app-portal\system\CodeIgniter.php(832): App\Controllers\Home->itemDetails('VHJhZGVy', 'images', 'email.png')
#6 E:\xampp\htdocs\ecoex_portaldev\ecoex-app-portal\system\CodeIgniter.php(419): CodeIgniter\CodeIgniter->runController(Object(App\Controllers\Home))
#7 E:\xampp\htdocs\ecoex_portaldev\ecoex-app-portal\system\CodeIgniter.php(326): CodeIgniter\CodeIgniter->handleRequest(NULL, Object(Config\Cache), false)
#8 E:\xampp\htdocs\ecoex_portaldev\ecoex-app-portal\index.php(37): CodeIgniter\CodeIgniter->run()
#9 {main}
CRITICAL - 2022-07-26 02:13:01 --> count(): Parameter must be an array or an object that implements Countable
#0 E:\xampp\htdocs\ecoex_portaldev\ecoex-app-portal\app\Views\item-details.php(145): CodeIgniter\Debug\Exceptions->errorHandler(2, 'count(): Parame...', 'E:\\xampp\\htdocs...', 145, Array)
#1 E:\xampp\htdocs\ecoex_portaldev\ecoex-app-portal\system\View\View.php(210): include('E:\\xampp\\htdocs...')
#2 E:\xampp\htdocs\ecoex_portaldev\ecoex-app-portal\system\View\View.php(213): CodeIgniter\View\View->CodeIgniter\View\{closure}()
#3 E:\xampp\htdocs\ecoex_portaldev\ecoex-app-portal\system\Common.php(1089): CodeIgniter\View\View->render('item-details', Array, true)
#4 E:\xampp\htdocs\ecoex_portaldev\ecoex-app-portal\app\Controllers\Home.php(627): view('item-details', Array)
#5 E:\xampp\htdocs\ecoex_portaldev\ecoex-app-portal\system\CodeIgniter.php(832): App\Controllers\Home->itemDetails('VHJhZGVy', 'images', 'email.png')
#6 E:\xampp\htdocs\ecoex_portaldev\ecoex-app-portal\system\CodeIgniter.php(419): CodeIgniter\CodeIgniter->runController(Object(App\Controllers\Home))
#7 E:\xampp\htdocs\ecoex_portaldev\ecoex-app-portal\system\CodeIgniter.php(326): CodeIgniter\CodeIgniter->handleRequest(NULL, Object(Config\Cache), false)
#8 E:\xampp\htdocs\ecoex_portaldev\ecoex-app-portal\index.php(37): CodeIgniter\CodeIgniter->run()
#9 {main}
CRITICAL - 2022-07-26 03:23:02 --> implode(): Invalid arguments passed
#0 [internal function]: CodeIgniter\Debug\Exceptions->errorHandler(2, 'implode(): Inva...', 'E:\\xampp\\htdocs...', 62, Array)
#1 E:\xampp\htdocs\ecoex_portaldev\ecoex-app-portal\app\Views\brand\targetToInquiry.php(62): implode(',', NULL)
#2 E:\xampp\htdocs\ecoex_portaldev\ecoex-app-portal\system\View\View.php(210): include('E:\\xampp\\htdocs...')
#3 E:\xampp\htdocs\ecoex_portaldev\ecoex-app-portal\system\View\View.php(213): CodeIgniter\View\View->CodeIgniter\View\{closure}()
#4 E:\xampp\htdocs\ecoex_portaldev\ecoex-app-portal\system\Common.php(1089): CodeIgniter\View\View->render('brand/targetToI...', Array, true)
#5 E:\xampp\htdocs\ecoex_portaldev\ecoex-app-portal\app\Controllers\Brand\DashboardController.php(585): view('brand/targetToI...', Array)
#6 E:\xampp\htdocs\ecoex_portaldev\ecoex-app-portal\system\CodeIgniter.php(832): App\Controllers\Brand\DashboardController->targetToInquiry('1')
#7 E:\xampp\htdocs\ecoex_portaldev\ecoex-app-portal\system\CodeIgniter.php(419): CodeIgniter\CodeIgniter->runController(Object(App\Controllers\Brand\DashboardController))
#8 E:\xampp\htdocs\ecoex_portaldev\ecoex-app-portal\system\CodeIgniter.php(326): CodeIgniter\CodeIgniter->handleRequest(NULL, Object(Config\Cache), false)
#9 E:\xampp\htdocs\ecoex_portaldev\ecoex-app-portal\index.php(37): CodeIgniter\CodeIgniter->run()
#10 {main}
CRITICAL - 2022-07-26 23:57:16 --> count(): Parameter must be an array or an object that implements Countable
#0 E:\xampp\htdocs\ecoex_portaldev\ecoex-app-portal\app\Views\email-template\inquiry-request.php(151): CodeIgniter\Debug\Exceptions->errorHandler(2, 'count(): Parame...', 'E:\\xampp\\htdocs...', 151, Array)
#1 E:\xampp\htdocs\ecoex_portaldev\ecoex-app-portal\system\View\View.php(210): include('E:\\xampp\\htdocs...')
#2 E:\xampp\htdocs\ecoex_portaldev\ecoex-app-portal\system\View\View.php(213): CodeIgniter\View\View->CodeIgniter\View\{closure}()
#3 E:\xampp\htdocs\ecoex_portaldev\ecoex-app-portal\system\Common.php(1089): CodeIgniter\View\View->render('email-template/...', Array, true)
#4 E:\xampp\htdocs\ecoex_portaldev\ecoex-app-portal\app\Controllers\Brand\DashboardController.php(659): view('email-template/...', Array)
#5 E:\xampp\htdocs\ecoex_portaldev\ecoex-app-portal\system\CodeIgniter.php(832): App\Controllers\Brand\DashboardController->targetToInquiryData()
#6 E:\xampp\htdocs\ecoex_portaldev\ecoex-app-portal\system\CodeIgniter.php(419): CodeIgniter\CodeIgniter->runController(Object(App\Controllers\Brand\DashboardController))
#7 E:\xampp\htdocs\ecoex_portaldev\ecoex-app-portal\system\CodeIgniter.php(326): CodeIgniter\CodeIgniter->handleRequest(NULL, Object(Config\Cache), false)
#8 E:\xampp\htdocs\ecoex_portaldev\ecoex-app-portal\index.php(37): CodeIgniter\CodeIgniter->run()
#9 {main}
CRITICAL - 2022-07-26 23:57:40 --> count(): Parameter must be an array or an object that implements Countable
#0 E:\xampp\htdocs\ecoex_portaldev\ecoex-app-portal\app\Views\email-template\inquiry-request.php(151): CodeIgniter\Debug\Exceptions->errorHandler(2, 'count(): Parame...', 'E:\\xampp\\htdocs...', 151, Array)
#1 E:\xampp\htdocs\ecoex_portaldev\ecoex-app-portal\system\View\View.php(210): include('E:\\xampp\\htdocs...')
#2 E:\xampp\htdocs\ecoex_portaldev\ecoex-app-portal\system\View\View.php(213): CodeIgniter\View\View->CodeIgniter\View\{closure}()
#3 E:\xampp\htdocs\ecoex_portaldev\ecoex-app-portal\system\Common.php(1089): CodeIgniter\View\View->render('email-template/...', Array, true)
#4 E:\xampp\htdocs\ecoex_portaldev\ecoex-app-portal\app\Controllers\Brand\DashboardController.php(659): view('email-template/...', Array)
#5 E:\xampp\htdocs\ecoex_portaldev\ecoex-app-portal\system\CodeIgniter.php(832): App\Controllers\Brand\DashboardController->targetToInquiryData()
#6 E:\xampp\htdocs\ecoex_portaldev\ecoex-app-portal\system\CodeIgniter.php(419): CodeIgniter\CodeIgniter->runController(Object(App\Controllers\Brand\DashboardController))
#7 E:\xampp\htdocs\ecoex_portaldev\ecoex-app-portal\system\CodeIgniter.php(326): CodeIgniter\CodeIgniter->handleRequest(NULL, Object(Config\Cache), false)
#8 E:\xampp\htdocs\ecoex_portaldev\ecoex-app-portal\index.php(37): CodeIgniter\CodeIgniter->run()
#9 {main}
