CRITICAL - 2022-07-11 03:52:09 --> count(): Parameter must be an array or an object that implements Countable
#0 /home/keyline1/public_html/dev/ecoex_portaldev/app/Views/email-template/admin-post-status-change.php(141): CodeIgniter\Debug\Exceptions->errorHandler(2, 'count(): Parame...', '/home/keyline1/...', 141, Array)
#1 /home/keyline1/public_html/dev/ecoex_portaldev/system/View/View.php(210): include('/home/keyline1/...')
#2 /home/keyline1/public_html/dev/ecoex_portaldev/system/View/View.php(213): CodeIgniter\View\View->CodeIgniter\View\{closure}()
#3 /home/keyline1/public_html/dev/ecoex_portaldev/system/Common.php(1089): CodeIgniter\View\View->render('email-template/...', Array, true)
#4 /home/keyline1/public_html/dev/ecoex_portaldev/app/Controllers/Admin/PostController.php(170): view('email-template/...', Array)
#5 /home/keyline1/public_html/dev/ecoex_portaldev/system/CodeIgniter.php(832): App\Controllers\Admin\PostController->postApprove('25', '2')
#6 /home/keyline1/public_html/dev/ecoex_portaldev/system/CodeIgniter.php(419): CodeIgniter\CodeIgniter->runController(Object(App\Controllers\Admin\PostController))
#7 /home/keyline1/public_html/dev/ecoex_portaldev/system/CodeIgniter.php(326): CodeIgniter\CodeIgniter->handleRequest(NULL, Object(Config\Cache), false)
#8 /home/keyline1/public_html/dev/ecoex_portaldev/index.php(37): CodeIgniter\CodeIgniter->run()
#9 {main}
ERROR - 2022-07-11 03:54:40 --> Unknown column 'id' in 'where clause'
CRITICAL - 2022-07-11 03:54:40 --> Call to a member function getNumRows() on bool
#0 /home/keyline1/public_html/dev/ecoex_portaldev/app/Views/email-template/admin-post-status-change.php(139): App\Models\CommonModel->find_data('ecoex_state', 'row', Array, 'state_title')
#1 /home/keyline1/public_html/dev/ecoex_portaldev/system/View/View.php(210): include('/home/keyline1/...')
#2 /home/keyline1/public_html/dev/ecoex_portaldev/system/View/View.php(213): CodeIgniter\View\View->CodeIgniter\View\{closure}()
#3 /home/keyline1/public_html/dev/ecoex_portaldev/system/Common.php(1089): CodeIgniter\View\View->render('email-template/...', Array, true)
#4 /home/keyline1/public_html/dev/ecoex_portaldev/app/Controllers/Admin/PostController.php(170): view('email-template/...', Array)
#5 /home/keyline1/public_html/dev/ecoex_portaldev/system/CodeIgniter.php(832): App\Controllers\Admin\PostController->postApprove('25', '2')
#6 /home/keyline1/public_html/dev/ecoex_portaldev/system/CodeIgniter.php(419): CodeIgniter\CodeIgniter->runController(Object(App\Controllers\Admin\PostController))
#7 /home/keyline1/public_html/dev/ecoex_portaldev/system/CodeIgniter.php(326): CodeIgniter\CodeIgniter->handleRequest(NULL, Object(Config\Cache), false)
#8 /home/keyline1/public_html/dev/ecoex_portaldev/index.php(37): CodeIgniter\CodeIgniter->run()
#9 {main}
CRITICAL - 2022-07-11 04:04:52 --> Call to a member function find_data() on null
#0 /home/keyline1/public_html/dev/ecoex_portaldev/system/CodeIgniter.php(832): App\Controllers\Admin\PostController->postApprove('25', '2')
#1 /home/keyline1/public_html/dev/ecoex_portaldev/system/CodeIgniter.php(419): CodeIgniter\CodeIgniter->runController(Object(App\Controllers\Admin\PostController))
#2 /home/keyline1/public_html/dev/ecoex_portaldev/system/CodeIgniter.php(326): CodeIgniter\CodeIgniter->handleRequest(NULL, Object(Config\Cache), false)
#3 /home/keyline1/public_html/dev/ecoex_portaldev/index.php(37): CodeIgniter\CodeIgniter->run()
#4 {main}
CRITICAL - 2022-07-11 06:50:14 --> Call to a member function find_data() on null
#0 /home/keyline1/public_html/dev/ecoex_portaldev/system/View/View.php(210): include()
#1 /home/keyline1/public_html/dev/ecoex_portaldev/system/View/View.php(213): CodeIgniter\View\View->CodeIgniter\View\{closure}()
#2 /home/keyline1/public_html/dev/ecoex_portaldev/system/Common.php(1089): CodeIgniter\View\View->render('admin/layout/me...', Array, true)
#3 /home/keyline1/public_html/dev/ecoex_portaldev/app/Controllers/Admin/AdminController.php(615): view('admin/layout/me...', Array)
#4 /home/keyline1/public_html/dev/ecoex_portaldev/system/CodeIgniter.php(832): App\Controllers\Admin\AdminController->memberTypeWiseList('1')
#5 /home/keyline1/public_html/dev/ecoex_portaldev/system/CodeIgniter.php(419): CodeIgniter\CodeIgniter->runController(Object(App\Controllers\Admin\AdminController))
#6 /home/keyline1/public_html/dev/ecoex_portaldev/system/CodeIgniter.php(326): CodeIgniter\CodeIgniter->handleRequest(NULL, Object(Config\Cache), false)
#7 /home/keyline1/public_html/dev/ecoex_portaldev/index.php(37): CodeIgniter\CodeIgniter->run()
#8 {main}
CRITICAL - 2022-07-11 06:50:17 --> Call to a member function find_data() on null
#0 /home/keyline1/public_html/dev/ecoex_portaldev/system/View/View.php(210): include()
#1 /home/keyline1/public_html/dev/ecoex_portaldev/system/View/View.php(213): CodeIgniter\View\View->CodeIgniter\View\{closure}()
#2 /home/keyline1/public_html/dev/ecoex_portaldev/system/Common.php(1089): CodeIgniter\View\View->render('admin/layout/me...', Array, true)
#3 /home/keyline1/public_html/dev/ecoex_portaldev/app/Controllers/Admin/AdminController.php(615): view('admin/layout/me...', Array)
#4 /home/keyline1/public_html/dev/ecoex_portaldev/system/CodeIgniter.php(832): App\Controllers\Admin\AdminController->memberTypeWiseList('2')
#5 /home/keyline1/public_html/dev/ecoex_portaldev/system/CodeIgniter.php(419): CodeIgniter\CodeIgniter->runController(Object(App\Controllers\Admin\AdminController))
#6 /home/keyline1/public_html/dev/ecoex_portaldev/system/CodeIgniter.php(326): CodeIgniter\CodeIgniter->handleRequest(NULL, Object(Config\Cache), false)
#7 /home/keyline1/public_html/dev/ecoex_portaldev/index.php(37): CodeIgniter\CodeIgniter->run()
#8 {main}
CRITICAL - 2022-07-11 06:50:29 --> Call to a member function find_data() on null
#0 /home/keyline1/public_html/dev/ecoex_portaldev/system/View/View.php(210): include()
#1 /home/keyline1/public_html/dev/ecoex_portaldev/system/View/View.php(213): CodeIgniter\View\View->CodeIgniter\View\{closure}()
#2 /home/keyline1/public_html/dev/ecoex_portaldev/system/Common.php(1089): CodeIgniter\View\View->render('admin/layout/me...', Array, true)
#3 /home/keyline1/public_html/dev/ecoex_portaldev/app/Controllers/Admin/AdminController.php(615): view('admin/layout/me...', Array)
#4 /home/keyline1/public_html/dev/ecoex_portaldev/system/CodeIgniter.php(832): App\Controllers\Admin\AdminController->memberTypeWiseList('2')
#5 /home/keyline1/public_html/dev/ecoex_portaldev/system/CodeIgniter.php(419): CodeIgniter\CodeIgniter->runController(Object(App\Controllers\Admin\AdminController))
#6 /home/keyline1/public_html/dev/ecoex_portaldev/system/CodeIgniter.php(326): CodeIgniter\CodeIgniter->handleRequest(NULL, Object(Config\Cache), false)
#7 /home/keyline1/public_html/dev/ecoex_portaldev/index.php(37): CodeIgniter\CodeIgniter->run()
#8 {main}
ERROR - 2022-07-11 07:45:17 --> Unknown column 'updatedAt' in 'field list'
ERROR - 2022-07-11 07:45:17 --> Unknown column 'updatedAt' in 'field list'
ERROR - 2022-07-11 07:45:17 --> Unknown column 'updatedAt' in 'field list'
ERROR - 2022-07-11 07:48:34 --> Unknown column 'updatedAt' in 'field list'
ERROR - 2022-07-11 07:48:34 --> Unknown column 'updatedAt' in 'field list'
ERROR - 2022-07-11 07:48:34 --> Unknown column 'updatedAt' in 'field list'
ERROR - 2022-07-11 07:48:34 --> Unknown column 'updatedAt' in 'field list'
CRITICAL - 2022-07-11 08:01:27 --> Call to a member function getStateList() on null
#0 /home/keyline1/public_html/dev/ecoex_portaldev/system/View/View.php(210): include()
#1 /home/keyline1/public_html/dev/ecoex_portaldev/system/View/View.php(213): CodeIgniter\View\View->CodeIgniter\View\{closure}()
#2 /home/keyline1/public_html/dev/ecoex_portaldev/system/Common.php(1089): CodeIgniter\View\View->render('admin/layout/me...', Array, true)
#3 /home/keyline1/public_html/dev/ecoex_portaldev/app/Controllers/Admin/AdminController.php(653): view('admin/layout/me...', Array)
#4 /home/keyline1/public_html/dev/ecoex_portaldev/system/CodeIgniter.php(832): App\Controllers\Admin\AdminController->memberDetail('2')
#5 /home/keyline1/public_html/dev/ecoex_portaldev/system/CodeIgniter.php(419): CodeIgniter\CodeIgniter->runController(Object(App\Controllers\Admin\AdminController))
#6 /home/keyline1/public_html/dev/ecoex_portaldev/system/CodeIgniter.php(326): CodeIgniter\CodeIgniter->handleRequest(NULL, Object(Config\Cache), false)
#7 /home/keyline1/public_html/dev/ecoex_portaldev/index.php(37): CodeIgniter\CodeIgniter->run()
#8 {main}
