CRITICAL - 2022-06-17 06:11:25 --> implode(): Invalid arguments passed
#0 [internal function]: CodeIgniter\Debug\Exceptions->errorHandler(2, 'implode(): Inva...', '/home/keyline1/...', 203, Array)
#1 /home/keyline1/public_html/dev/ecoex_portaldev/app/Controllers/Home.php(203): implode(',', NULL)
#2 /home/keyline1/public_html/dev/ecoex_portaldev/system/CodeIgniter.php(832): App\Controllers\Home->getFilterData()
#3 /home/keyline1/public_html/dev/ecoex_portaldev/system/CodeIgniter.php(419): CodeIgniter\CodeIgniter->runController(Object(App\Controllers\Home))
#4 /home/keyline1/public_html/dev/ecoex_portaldev/system/CodeIgniter.php(326): CodeIgniter\CodeIgniter->handleRequest(NULL, Object(Config\Cache), false)
#5 /home/keyline1/public_html/dev/ecoex_portaldev/index.php(37): CodeIgniter\CodeIgniter->run()
#6 {main}
CRITICAL - 2022-06-17 06:11:58 --> Undefined variable: config
#0 /home/keyline1/public_html/dev/ecoex_portaldev/app/Controllers/Home.php(193): CodeIgniter\Debug\Exceptions->errorHandler(8, 'Undefined varia...', '/home/keyline1/...', 193, Array)
#1 /home/keyline1/public_html/dev/ecoex_portaldev/system/CodeIgniter.php(832): App\Controllers\Home->getFilterData()
#2 /home/keyline1/public_html/dev/ecoex_portaldev/system/CodeIgniter.php(419): CodeIgniter\CodeIgniter->runController(Object(App\Controllers\Home))
#3 /home/keyline1/public_html/dev/ecoex_portaldev/system/CodeIgniter.php(326): CodeIgniter\CodeIgniter->handleRequest(NULL, Object(Config\Cache), false)
#4 /home/keyline1/public_html/dev/ecoex_portaldev/index.php(37): CodeIgniter\CodeIgniter->run()
#5 {main}
CRITICAL - 2022-06-17 06:12:23 --> Undefined index: inventoryTypeAttributeArray
#0 /home/keyline1/public_html/dev/ecoex_portaldev/app/Controllers/Home.php(203): CodeIgniter\Debug\Exceptions->errorHandler(8, 'Undefined index...', '/home/keyline1/...', 203, Array)
#1 /home/keyline1/public_html/dev/ecoex_portaldev/system/CodeIgniter.php(832): App\Controllers\Home->getFilterData()
#2 /home/keyline1/public_html/dev/ecoex_portaldev/system/CodeIgniter.php(419): CodeIgniter\CodeIgniter->runController(Object(App\Controllers\Home))
#3 /home/keyline1/public_html/dev/ecoex_portaldev/system/CodeIgniter.php(326): CodeIgniter\CodeIgniter->handleRequest(NULL, Object(Config\Cache), false)
#4 /home/keyline1/public_html/dev/ecoex_portaldev/index.php(37): CodeIgniter\CodeIgniter->run()
#5 {main}
CRITICAL - 2022-06-17 06:30:22 --> Too few arguments to function CodeIgniter\Database\BaseConnection::query(), 0 passed in /home/keyline1/public_html/dev/ecoex_portaldev/app/Controllers/Home.php on line 246 and at least 1 expected
#0 /home/keyline1/public_html/dev/ecoex_portaldev/app/Controllers/Home.php(246): CodeIgniter\Database\BaseConnection->query()
#1 /home/keyline1/public_html/dev/ecoex_portaldev/system/CodeIgniter.php(832): App\Controllers\Home->getFilterData()
#2 /home/keyline1/public_html/dev/ecoex_portaldev/system/CodeIgniter.php(419): CodeIgniter\CodeIgniter->runController(Object(App\Controllers\Home))
#3 /home/keyline1/public_html/dev/ecoex_portaldev/system/CodeIgniter.php(326): CodeIgniter\CodeIgniter->handleRequest(NULL, Object(Config\Cache), false)
#4 /home/keyline1/public_html/dev/ecoex_portaldev/index.php(37): CodeIgniter\CodeIgniter->run()
#5 {main}
CRITICAL - 2022-06-17 06:30:46 --> Undefined variable: config
#0 /home/keyline1/public_html/dev/ecoex_portaldev/app/Controllers/Brand/DashboardController.php(23): CodeIgniter\Debug\Exceptions->errorHandler(8, 'Undefined varia...', '/home/keyline1/...', 23, Array)
#1 /home/keyline1/public_html/dev/ecoex_portaldev/system/CodeIgniter.php(832): App\Controllers\Brand\DashboardController->myDashboard()
#2 /home/keyline1/public_html/dev/ecoex_portaldev/system/CodeIgniter.php(419): CodeIgniter\CodeIgniter->runController(Object(App\Controllers\Brand\DashboardController))
#3 /home/keyline1/public_html/dev/ecoex_portaldev/system/CodeIgniter.php(326): CodeIgniter\CodeIgniter->handleRequest(NULL, Object(Config\Cache), false)
#4 /home/keyline1/public_html/dev/ecoex_portaldev/index.php(37): CodeIgniter\CodeIgniter->run()
#5 {main}
CRITICAL - 2022-06-17 06:30:53 --> Undefined property: stdClass::$rate
#0 /home/keyline1/public_html/dev/ecoex_portaldev/app/Controllers/Home.php(263): CodeIgniter\Debug\Exceptions->errorHandler(8, 'Undefined prope...', '/home/keyline1/...', 263, Array)
#1 /home/keyline1/public_html/dev/ecoex_portaldev/system/CodeIgniter.php(832): App\Controllers\Home->getFilterData()
#2 /home/keyline1/public_html/dev/ecoex_portaldev/system/CodeIgniter.php(419): CodeIgniter\CodeIgniter->runController(Object(App\Controllers\Home))
#3 /home/keyline1/public_html/dev/ecoex_portaldev/system/CodeIgniter.php(326): CodeIgniter\CodeIgniter->handleRequest(NULL, Object(Config\Cache), false)
#4 /home/keyline1/public_html/dev/ecoex_portaldev/index.php(37): CodeIgniter\CodeIgniter->run()
#5 {main}
CRITICAL - 2022-06-17 06:32:36 --> Undefined variable: listingData
#0 /home/keyline1/public_html/dev/ecoex_portaldev/app/Controllers/Home.php(274): CodeIgniter\Debug\Exceptions->errorHandler(8, 'Undefined varia...', '/home/keyline1/...', 274, Array)
#1 /home/keyline1/public_html/dev/ecoex_portaldev/system/CodeIgniter.php(832): App\Controllers\Home->getFilterData()
#2 /home/keyline1/public_html/dev/ecoex_portaldev/system/CodeIgniter.php(419): CodeIgniter\CodeIgniter->runController(Object(App\Controllers\Home))
#3 /home/keyline1/public_html/dev/ecoex_portaldev/system/CodeIgniter.php(326): CodeIgniter\CodeIgniter->handleRequest(NULL, Object(Config\Cache), false)
#4 /home/keyline1/public_html/dev/ecoex_portaldev/index.php(37): CodeIgniter\CodeIgniter->run()
#5 {main}
CRITICAL - 2022-06-17 06:41:11 --> Undefined variable: config
#0 /home/keyline1/public_html/dev/ecoex_portaldev/app/Controllers/Brand/DashboardController.php(23): CodeIgniter\Debug\Exceptions->errorHandler(8, 'Undefined varia...', '/home/keyline1/...', 23, Array)
#1 /home/keyline1/public_html/dev/ecoex_portaldev/system/CodeIgniter.php(832): App\Controllers\Brand\DashboardController->myDashboard()
#2 /home/keyline1/public_html/dev/ecoex_portaldev/system/CodeIgniter.php(419): CodeIgniter\CodeIgniter->runController(Object(App\Controllers\Brand\DashboardController))
#3 /home/keyline1/public_html/dev/ecoex_portaldev/system/CodeIgniter.php(326): CodeIgniter\CodeIgniter->handleRequest(NULL, Object(Config\Cache), false)
#4 /home/keyline1/public_html/dev/ecoex_portaldev/index.php(37): CodeIgniter\CodeIgniter->run()
#5 {main}
CRITICAL - 2022-06-17 06:41:19 --> Undefined variable: config
#0 /home/keyline1/public_html/dev/ecoex_portaldev/app/Controllers/Home.php(187): CodeIgniter\Debug\Exceptions->errorHandler(8, 'Undefined varia...', '/home/keyline1/...', 187, Array)
#1 /home/keyline1/public_html/dev/ecoex_portaldev/system/CodeIgniter.php(832): App\Controllers\Home->login()
#2 /home/keyline1/public_html/dev/ecoex_portaldev/system/CodeIgniter.php(419): CodeIgniter\CodeIgniter->runController(Object(App\Controllers\Home))
#3 /home/keyline1/public_html/dev/ecoex_portaldev/system/CodeIgniter.php(326): CodeIgniter\CodeIgniter->handleRequest(NULL, Object(Config\Cache), false)
#4 /home/keyline1/public_html/dev/ecoex_portaldev/index.php(37): CodeIgniter\CodeIgniter->run()
#5 {main}
CRITICAL - 2022-06-17 06:41:20 --> Undefined variable: config
#0 /home/keyline1/public_html/dev/ecoex_portaldev/app/Controllers/Recycler/DashboardController.php(22): CodeIgniter\Debug\Exceptions->errorHandler(8, 'Undefined varia...', '/home/keyline1/...', 22, Array)
#1 /home/keyline1/public_html/dev/ecoex_portaldev/system/CodeIgniter.php(832): App\Controllers\Recycler\DashboardController->myDashboard()
#2 /home/keyline1/public_html/dev/ecoex_portaldev/system/CodeIgniter.php(419): CodeIgniter\CodeIgniter->runController(Object(App\Controllers\Recycler\DashboardController))
#3 /home/keyline1/public_html/dev/ecoex_portaldev/system/CodeIgniter.php(326): CodeIgniter\CodeIgniter->handleRequest(NULL, Object(Config\Cache), false)
#4 /home/keyline1/public_html/dev/ecoex_portaldev/index.php(37): CodeIgniter\CodeIgniter->run()
#5 {main}
CRITICAL - 2022-06-17 06:41:20 --> Undefined variable: config
#0 /home/keyline1/public_html/dev/ecoex_portaldev/app/Controllers/Recycler/DashboardController.php(205): CodeIgniter\Debug\Exceptions->errorHandler(8, 'Undefined varia...', '/home/keyline1/...', 205, Array)
#1 /home/keyline1/public_html/dev/ecoex_portaldev/system/CodeIgniter.php(832): App\Controllers\Recycler\DashboardController->editInventory()
#2 /home/keyline1/public_html/dev/ecoex_portaldev/system/CodeIgniter.php(419): CodeIgniter\CodeIgniter->runController(Object(App\Controllers\Recycler\DashboardController))
#3 /home/keyline1/public_html/dev/ecoex_portaldev/system/CodeIgniter.php(326): CodeIgniter\CodeIgniter->handleRequest(NULL, Object(Config\Cache), false)
#4 /home/keyline1/public_html/dev/ecoex_portaldev/index.php(37): CodeIgniter\CodeIgniter->run()
#5 {main}
CRITICAL - 2022-06-17 06:41:23 --> Undefined variable: config
#0 /home/keyline1/public_html/dev/ecoex_portaldev/app/Controllers/Recycler/DashboardController.php(205): CodeIgniter\Debug\Exceptions->errorHandler(8, 'Undefined varia...', '/home/keyline1/...', 205, Array)
#1 /home/keyline1/public_html/dev/ecoex_portaldev/system/CodeIgniter.php(832): App\Controllers\Recycler\DashboardController->editInventory()
#2 /home/keyline1/public_html/dev/ecoex_portaldev/system/CodeIgniter.php(419): CodeIgniter\CodeIgniter->runController(Object(App\Controllers\Recycler\DashboardController))
#3 /home/keyline1/public_html/dev/ecoex_portaldev/system/CodeIgniter.php(326): CodeIgniter\CodeIgniter->handleRequest(NULL, Object(Config\Cache), false)
#4 /home/keyline1/public_html/dev/ecoex_portaldev/index.php(37): CodeIgniter\CodeIgniter->run()
#5 {main}
CRITICAL - 2022-06-17 06:41:42 --> Undefined variable: config
#0 /home/keyline1/public_html/dev/ecoex_portaldev/app/Controllers/Admin/AdminController.php(162): CodeIgniter\Debug\Exceptions->errorHandler(8, 'Undefined varia...', '/home/keyline1/...', 162, Array)
#1 /home/keyline1/public_html/dev/ecoex_portaldev/system/CodeIgniter.php(832): App\Controllers\Admin\AdminController->staticContentList()
#2 /home/keyline1/public_html/dev/ecoex_portaldev/system/CodeIgniter.php(419): CodeIgniter\CodeIgniter->runController(Object(App\Controllers\Admin\AdminController))
#3 /home/keyline1/public_html/dev/ecoex_portaldev/system/CodeIgniter.php(326): CodeIgniter\CodeIgniter->handleRequest(NULL, Object(Config\Cache), false)
#4 /home/keyline1/public_html/dev/ecoex_portaldev/index.php(37): CodeIgniter\CodeIgniter->run()
#5 {main}
CRITICAL - 2022-06-17 07:00:41 --> Undefined variable: config
#0 /home/keyline1/public_html/dev/ecoex_portaldev/app/Controllers/Home.php(9): CodeIgniter\Debug\Exceptions->errorHandler(8, 'Undefined varia...', '/home/keyline1/...', 9, Array)
#1 /home/keyline1/public_html/dev/ecoex_portaldev/system/CodeIgniter.php(832): App\Controllers\Home->index()
#2 /home/keyline1/public_html/dev/ecoex_portaldev/system/CodeIgniter.php(419): CodeIgniter\CodeIgniter->runController(Object(App\Controllers\Home))
#3 /home/keyline1/public_html/dev/ecoex_portaldev/system/CodeIgniter.php(326): CodeIgniter\CodeIgniter->handleRequest(NULL, Object(Config\Cache), false)
#4 /home/keyline1/public_html/dev/ecoex_portaldev/index.php(37): CodeIgniter\CodeIgniter->run()
#5 {main}
CRITICAL - 2022-06-17 07:01:11 --> Undefined property: stdClass::$rate
#0 /home/keyline1/public_html/dev/ecoex_portaldev/app/Controllers/Home.php(106): CodeIgniter\Debug\Exceptions->errorHandler(8, 'Undefined prope...', '/home/keyline1/...', 106, Array)
#1 /home/keyline1/public_html/dev/ecoex_portaldev/system/CodeIgniter.php(832): App\Controllers\Home->index()
#2 /home/keyline1/public_html/dev/ecoex_portaldev/system/CodeIgniter.php(419): CodeIgniter\CodeIgniter->runController(Object(App\Controllers\Home))
#3 /home/keyline1/public_html/dev/ecoex_portaldev/system/CodeIgniter.php(326): CodeIgniter\CodeIgniter->handleRequest(NULL, Object(Config\Cache), false)
#4 /home/keyline1/public_html/dev/ecoex_portaldev/index.php(37): CodeIgniter\CodeIgniter->run()
#5 {main}
CRITICAL - 2022-06-17 07:18:21 --> Undefined variable: config
#0 /home/keyline1/public_html/dev/ecoex_portaldev/app/Controllers/Recycler/DashboardController.php(22): CodeIgniter\Debug\Exceptions->errorHandler(8, 'Undefined varia...', '/home/keyline1/...', 22, Array)
#1 /home/keyline1/public_html/dev/ecoex_portaldev/system/CodeIgniter.php(832): App\Controllers\Recycler\DashboardController->myDashboard()
#2 /home/keyline1/public_html/dev/ecoex_portaldev/system/CodeIgniter.php(419): CodeIgniter\CodeIgniter->runController(Object(App\Controllers\Recycler\DashboardController))
#3 /home/keyline1/public_html/dev/ecoex_portaldev/system/CodeIgniter.php(326): CodeIgniter\CodeIgniter->handleRequest(NULL, Object(Config\Cache), false)
#4 /home/keyline1/public_html/dev/ecoex_portaldev/index.php(37): CodeIgniter\CodeIgniter->run()
#5 {main}
CRITICAL - 2022-06-17 07:18:28 --> array_key_exists(): Using array_key_exists() on objects is deprecated. Use isset() or property_exists() instead
#0 [internal function]: CodeIgniter\Debug\Exceptions->errorHandler(8192, 'array_key_exist...', '/home/keyline1/...', 56, Array)
#1 /home/keyline1/public_html/dev/ecoex_portaldev/app/Controllers/Home.php(56): array_key_exists('attachment', Object(stdClass))
#2 /home/keyline1/public_html/dev/ecoex_portaldev/system/CodeIgniter.php(832): App\Controllers\Home->index()
#3 /home/keyline1/public_html/dev/ecoex_portaldev/system/CodeIgniter.php(419): CodeIgniter\CodeIgniter->runController(Object(App\Controllers\Home))
#4 /home/keyline1/public_html/dev/ecoex_portaldev/system/CodeIgniter.php(326): CodeIgniter\CodeIgniter->handleRequest(NULL, Object(Config\Cache), false)
#5 /home/keyline1/public_html/dev/ecoex_portaldev/index.php(37): CodeIgniter\CodeIgniter->run()
#6 {main}
CRITICAL - 2022-06-17 07:19:24 --> property_exists() expects parameter 2 to be string, object given
#0 [internal function]: CodeIgniter\Debug\Exceptions->errorHandler(2, 'property_exists...', '/home/keyline1/...', 56, Array)
#1 /home/keyline1/public_html/dev/ecoex_portaldev/app/Controllers/Home.php(56): property_exists('attachment', Object(stdClass))
#2 /home/keyline1/public_html/dev/ecoex_portaldev/system/CodeIgniter.php(832): App\Controllers\Home->index()
#3 /home/keyline1/public_html/dev/ecoex_portaldev/system/CodeIgniter.php(419): CodeIgniter\CodeIgniter->runController(Object(App\Controllers\Home))
#4 /home/keyline1/public_html/dev/ecoex_portaldev/system/CodeIgniter.php(326): CodeIgniter\CodeIgniter->handleRequest(NULL, Object(Config\Cache), false)
#5 /home/keyline1/public_html/dev/ecoex_portaldev/index.php(37): CodeIgniter\CodeIgniter->run()
#6 {main}
ERROR - 2022-06-17 07:42:01 --> Unknown column 'ecoex_collecter_inventory.categoryId' in 'where clause'
CRITICAL - 2022-06-17 07:42:01 --> Call to a member function getResult() on bool
#0 /home/keyline1/public_html/dev/ecoex_portaldev/system/CodeIgniter.php(832): App\Controllers\Home->getFilterData()
#1 /home/keyline1/public_html/dev/ecoex_portaldev/system/CodeIgniter.php(419): CodeIgniter\CodeIgniter->runController(Object(App\Controllers\Home))
#2 /home/keyline1/public_html/dev/ecoex_portaldev/system/CodeIgniter.php(326): CodeIgniter\CodeIgniter->handleRequest(NULL, Object(Config\Cache), false)
#3 /home/keyline1/public_html/dev/ecoex_portaldev/index.php(37): CodeIgniter\CodeIgniter->run()
#4 {main}
ERROR - 2022-06-17 07:43:14 --> Unknown column 'ecoex_collecter_inventory.categoryId' in 'where clause'
CRITICAL - 2022-06-17 07:43:14 --> Unknown column 'ecoex_collecter_inventory.categoryId' in 'where clause'
#0 /home/keyline1/public_html/dev/ecoex_portaldev/system/Database/MySQLi/Connection.php(292): mysqli->query('SELECT * FROM e...', 0)
#1 /home/keyline1/public_html/dev/ecoex_portaldev/system/Database/BaseConnection.php(670): CodeIgniter\Database\MySQLi\Connection->execute('SELECT * FROM e...')
#2 /home/keyline1/public_html/dev/ecoex_portaldev/system/Database/BaseConnection.php(598): CodeIgniter\Database\BaseConnection->simpleQuery('SELECT * FROM e...')
#3 /home/keyline1/public_html/dev/ecoex_portaldev/app/Controllers/Home.php(272): CodeIgniter\Database\BaseConnection->query('SELECT * FROM e...')
#4 /home/keyline1/public_html/dev/ecoex_portaldev/system/CodeIgniter.php(832): App\Controllers\Home->getFilterData()
#5 /home/keyline1/public_html/dev/ecoex_portaldev/system/CodeIgniter.php(419): CodeIgniter\CodeIgniter->runController(Object(App\Controllers\Home))
#6 /home/keyline1/public_html/dev/ecoex_portaldev/system/CodeIgniter.php(326): CodeIgniter\CodeIgniter->handleRequest(NULL, Object(Config\Cache), false)
#7 /home/keyline1/public_html/dev/ecoex_portaldev/index.php(37): CodeIgniter\CodeIgniter->run()
#8 {main}
ERROR - 2022-06-17 07:43:17 --> Unknown column 'ecoex_collecter_inventory.categoryId' in 'where clause'
CRITICAL - 2022-06-17 07:43:17 --> Unknown column 'ecoex_collecter_inventory.categoryId' in 'where clause'
#0 /home/keyline1/public_html/dev/ecoex_portaldev/system/Database/MySQLi/Connection.php(292): mysqli->query('SELECT * FROM e...', 0)
#1 /home/keyline1/public_html/dev/ecoex_portaldev/system/Database/BaseConnection.php(670): CodeIgniter\Database\MySQLi\Connection->execute('SELECT * FROM e...')
#2 /home/keyline1/public_html/dev/ecoex_portaldev/system/Database/BaseConnection.php(598): CodeIgniter\Database\BaseConnection->simpleQuery('SELECT * FROM e...')
#3 /home/keyline1/public_html/dev/ecoex_portaldev/app/Controllers/Home.php(272): CodeIgniter\Database\BaseConnection->query('SELECT * FROM e...')
#4 /home/keyline1/public_html/dev/ecoex_portaldev/system/CodeIgniter.php(832): App\Controllers\Home->getFilterData()
#5 /home/keyline1/public_html/dev/ecoex_portaldev/system/CodeIgniter.php(419): CodeIgniter\CodeIgniter->runController(Object(App\Controllers\Home))
#6 /home/keyline1/public_html/dev/ecoex_portaldev/system/CodeIgniter.php(326): CodeIgniter\CodeIgniter->handleRequest(NULL, Object(Config\Cache), false)
#7 /home/keyline1/public_html/dev/ecoex_portaldev/index.php(37): CodeIgniter\CodeIgniter->run()
#8 {main}
CRITICAL - 2022-06-17 07:46:13 --> array_key_exists(): Using array_key_exists() on objects is deprecated. Use isset() or property_exists() instead
#0 [internal function]: CodeIgniter\Debug\Exceptions->errorHandler(8192, 'array_key_exist...', '/home/keyline1/...', 286, Array)
#1 /home/keyline1/public_html/dev/ecoex_portaldev/app/Controllers/Home.php(286): array_key_exists('attachment', Object(stdClass))
#2 /home/keyline1/public_html/dev/ecoex_portaldev/system/CodeIgniter.php(832): App\Controllers\Home->getFilterData()
#3 /home/keyline1/public_html/dev/ecoex_portaldev/system/CodeIgniter.php(419): CodeIgniter\CodeIgniter->runController(Object(App\Controllers\Home))
#4 /home/keyline1/public_html/dev/ecoex_portaldev/system/CodeIgniter.php(326): CodeIgniter\CodeIgniter->handleRequest(NULL, Object(Config\Cache), false)
#5 /home/keyline1/public_html/dev/ecoex_portaldev/index.php(37): CodeIgniter\CodeIgniter->run()
#6 {main}
CRITICAL - 2022-06-17 07:46:15 --> array_key_exists(): Using array_key_exists() on objects is deprecated. Use isset() or property_exists() instead
#0 [internal function]: CodeIgniter\Debug\Exceptions->errorHandler(8192, 'array_key_exist...', '/home/keyline1/...', 286, Array)
#1 /home/keyline1/public_html/dev/ecoex_portaldev/app/Controllers/Home.php(286): array_key_exists('attachment', Object(stdClass))
#2 /home/keyline1/public_html/dev/ecoex_portaldev/system/CodeIgniter.php(832): App\Controllers\Home->getFilterData()
#3 /home/keyline1/public_html/dev/ecoex_portaldev/system/CodeIgniter.php(419): CodeIgniter\CodeIgniter->runController(Object(App\Controllers\Home))
#4 /home/keyline1/public_html/dev/ecoex_portaldev/system/CodeIgniter.php(326): CodeIgniter\CodeIgniter->handleRequest(NULL, Object(Config\Cache), false)
#5 /home/keyline1/public_html/dev/ecoex_portaldev/index.php(37): CodeIgniter\CodeIgniter->run()
#6 {main}
CRITICAL - 2022-06-17 07:47:55 --> array_key_exists(): Using array_key_exists() on objects is deprecated. Use isset() or property_exists() instead
#0 [internal function]: CodeIgniter\Debug\Exceptions->errorHandler(8192, 'array_key_exist...', '/home/keyline1/...', 56, Array)
#1 /home/keyline1/public_html/dev/ecoex_portaldev/app/Controllers/Home.php(56): array_key_exists('attachment', Object(stdClass))
#2 /home/keyline1/public_html/dev/ecoex_portaldev/system/CodeIgniter.php(832): App\Controllers\Home->index()
#3 /home/keyline1/public_html/dev/ecoex_portaldev/system/CodeIgniter.php(419): CodeIgniter\CodeIgniter->runController(Object(App\Controllers\Home))
#4 /home/keyline1/public_html/dev/ecoex_portaldev/system/CodeIgniter.php(326): CodeIgniter\CodeIgniter->handleRequest(NULL, Object(Config\Cache), false)
#5 /home/keyline1/public_html/dev/ecoex_portaldev/index.php(37): CodeIgniter\CodeIgniter->run()
#6 {main}
