ERROR - 2022-06-08 01:28:31 --> Unknown column 'updatedAt' in 'field list'
ERROR - 2022-06-08 01:28:31 --> Unknown column 'updatedAt' in 'field list'
ERROR - 2022-06-08 01:34:01 --> Unknown column 'updatedAt' in 'field list'
ERROR - 2022-06-08 01:34:01 --> Unknown column 'updatedAt' in 'field list'
ERROR - 2022-06-08 01:34:47 --> Unknown column 'updatedAt' in 'field list'
ERROR - 2022-06-08 01:34:47 --> Unknown column 'updatedAt' in 'field list'
CRITICAL - 2022-06-08 01:37:41 --> Call to a member function find_data() on null
#0 /home/keyline1/public_html/dev/ecoex_portaldev/system/CodeIgniter.php(832): App\Controllers\CompanyController->companyRegistration('4')
#1 /home/keyline1/public_html/dev/ecoex_portaldev/system/CodeIgniter.php(419): CodeIgniter\CodeIgniter->runController(Object(App\Controllers\CompanyController))
#2 /home/keyline1/public_html/dev/ecoex_portaldev/system/CodeIgniter.php(326): CodeIgniter\CodeIgniter->handleRequest(NULL, Object(Config\Cache), false)
#3 /home/keyline1/public_html/dev/ecoex_portaldev/index.php(37): CodeIgniter\CodeIgniter->run()
#4 {main}
ERROR - 2022-06-08 01:40:57 --> Unknown column 'updatedAt' in 'field list'
ERROR - 2022-06-08 01:40:57 --> Unknown column 'updatedAt' in 'field list'
ERROR - 2022-06-08 01:42:53 --> Unknown column 'updatedAt' in 'field list'
ERROR - 2022-06-08 01:42:53 --> Unknown column 'updatedAt' in 'field list'
ERROR - 2022-06-08 01:43:26 --> Unknown column 'updatedAt' in 'field list'
ERROR - 2022-06-08 01:43:26 --> Unknown column 'updatedAt' in 'field list'
ERROR - 2022-06-08 01:44:06 --> Unknown column 'updatedAt' in 'field list'
ERROR - 2022-06-08 01:44:06 --> Unknown column 'updatedAt' in 'field list'
ERROR - 2022-06-08 01:45:07 --> Unknown column 'updatedAt' in 'field list'
ERROR - 2022-06-08 01:45:07 --> Unknown column 'updatedAt' in 'field list'
CRITICAL - 2022-06-08 02:59:03 --> syntax error, unexpected ';'
#0 /home/keyline1/public_html/dev/ecoex_portaldev/system/View/View.php(213): CodeIgniter\View\View->CodeIgniter\View\{closure}()
#1 /home/keyline1/public_html/dev/ecoex_portaldev/system/Common.php(1089): CodeIgniter\View\View->render('brand/manageInq...', Array, true)
#2 /home/keyline1/public_html/dev/ecoex_portaldev/app/Controllers/Brand/DashboardController.php(615): view('brand/manageInq...', Array)
#3 /home/keyline1/public_html/dev/ecoex_portaldev/system/CodeIgniter.php(832): App\Controllers\Brand\DashboardController->manageInquiriesDetails('2')
#4 /home/keyline1/public_html/dev/ecoex_portaldev/system/CodeIgniter.php(419): CodeIgniter\CodeIgniter->runController(Object(App\Controllers\Brand\DashboardController))
#5 /home/keyline1/public_html/dev/ecoex_portaldev/system/CodeIgniter.php(326): CodeIgniter\CodeIgniter->handleRequest(NULL, Object(Config\Cache), false)
#6 /home/keyline1/public_html/dev/ecoex_portaldev/index.php(37): CodeIgniter\CodeIgniter->run()
#7 {main}
CRITICAL - 2022-06-08 03:14:14 --> count(): Parameter must be an array or an object that implements Countable
#0 /home/keyline1/public_html/dev/ecoex_portaldev/app/Views/brand/manageInquiriesDetails.php(147): CodeIgniter\Debug\Exceptions->errorHandler(2, 'count(): Parame...', '/home/keyline1/...', 147, Array)
#1 /home/keyline1/public_html/dev/ecoex_portaldev/system/View/View.php(210): include('/home/keyline1/...')
#2 /home/keyline1/public_html/dev/ecoex_portaldev/system/View/View.php(213): CodeIgniter\View\View->CodeIgniter\View\{closure}()
#3 /home/keyline1/public_html/dev/ecoex_portaldev/system/Common.php(1089): CodeIgniter\View\View->render('brand/manageInq...', Array, true)
#4 /home/keyline1/public_html/dev/ecoex_portaldev/app/Controllers/Brand/DashboardController.php(621): view('brand/manageInq...', Array)
#5 /home/keyline1/public_html/dev/ecoex_portaldev/system/CodeIgniter.php(832): App\Controllers\Brand\DashboardController->manageInquiriesDetails('2')
#6 /home/keyline1/public_html/dev/ecoex_portaldev/system/CodeIgniter.php(419): CodeIgniter\CodeIgniter->runController(Object(App\Controllers\Brand\DashboardController))
#7 /home/keyline1/public_html/dev/ecoex_portaldev/system/CodeIgniter.php(326): CodeIgniter\CodeIgniter->handleRequest(NULL, Object(Config\Cache), false)
#8 /home/keyline1/public_html/dev/ecoex_portaldev/index.php(37): CodeIgniter\CodeIgniter->run()
#9 {main}
CRITICAL - 2022-06-08 05:48:18 --> Call to a member function upload_single_file() on null
#0 /home/keyline1/public_html/dev/ecoex_portaldev/system/CodeIgniter.php(832): App\Controllers\Admin\AdminController->addStaticContent()
#1 /home/keyline1/public_html/dev/ecoex_portaldev/system/CodeIgniter.php(419): CodeIgniter\CodeIgniter->runController(Object(App\Controllers\Admin\AdminController))
#2 /home/keyline1/public_html/dev/ecoex_portaldev/system/CodeIgniter.php(326): CodeIgniter\CodeIgniter->handleRequest(NULL, Object(Config\Cache), false)
#3 /home/keyline1/public_html/dev/ecoex_portaldev/index.php(37): CodeIgniter\CodeIgniter->run()
#4 {main}
CRITICAL - 2022-06-08 05:48:51 --> move_uploaded_file(uploads/1654685331sample.pdf): failed to open stream: No such file or directory
#0 [internal function]: CodeIgniter\Debug\Exceptions->errorHandler(2, 'move_uploaded_f...', '/home/keyline1/...', 206, Array)
#1 /home/keyline1/public_html/dev/ecoex_portaldev/app/Models/CommonModel.php(206): move_uploaded_file('/tmp/php2E5vw4', 'uploads/1654685...')
#2 /home/keyline1/public_html/dev/ecoex_portaldev/app/Controllers/Admin/AdminController.php(185): App\Models\CommonModel->upload_single_file('content_file', 'sample.pdf', '', 'pdf')
#3 /home/keyline1/public_html/dev/ecoex_portaldev/system/CodeIgniter.php(832): App\Controllers\Admin\AdminController->addStaticContent()
#4 /home/keyline1/public_html/dev/ecoex_portaldev/system/CodeIgniter.php(419): CodeIgniter\CodeIgniter->runController(Object(App\Controllers\Admin\AdminController))
#5 /home/keyline1/public_html/dev/ecoex_portaldev/system/CodeIgniter.php(326): CodeIgniter\CodeIgniter->handleRequest(NULL, Object(Config\Cache), false)
#6 /home/keyline1/public_html/dev/ecoex_portaldev/index.php(37): CodeIgniter\CodeIgniter->run()
#7 {main}
