CRITICAL - 2022-05-23 01:57:23 --> Too few arguments to function App\Models\Recycler::getInventoryList(), 0 passed in /home/keyline1/public_html/dev/ecoex_portaldev/app/Controllers/Home.php on line 14 and exactly 1 expected
#0 /home/keyline1/public_html/dev/ecoex_portaldev/app/Controllers/Home.php(14): App\Models\Recycler->getInventoryList()
#1 /home/keyline1/public_html/dev/ecoex_portaldev/system/CodeIgniter.php(832): App\Controllers\Home->index()
#2 /home/keyline1/public_html/dev/ecoex_portaldev/system/CodeIgniter.php(419): CodeIgniter\CodeIgniter->runController(Object(App\Controllers\Home))
#3 /home/keyline1/public_html/dev/ecoex_portaldev/system/CodeIgniter.php(326): CodeIgniter\CodeIgniter->handleRequest(NULL, Object(Config\Cache), false)
#4 /home/keyline1/public_html/dev/ecoex_portaldev/index.php(37): CodeIgniter\CodeIgniter->run()
#5 {main}
CRITICAL - 2022-05-23 01:57:30 --> Too few arguments to function App\Models\Recycler::getInventoryList(), 0 passed in /home/keyline1/public_html/dev/ecoex_portaldev/app/Controllers/Home.php on line 14 and exactly 1 expected
#0 /home/keyline1/public_html/dev/ecoex_portaldev/app/Controllers/Home.php(14): App\Models\Recycler->getInventoryList()
#1 /home/keyline1/public_html/dev/ecoex_portaldev/system/CodeIgniter.php(832): App\Controllers\Home->index()
#2 /home/keyline1/public_html/dev/ecoex_portaldev/system/CodeIgniter.php(419): CodeIgniter\CodeIgniter->runController(Object(App\Controllers\Home))
#3 /home/keyline1/public_html/dev/ecoex_portaldev/system/CodeIgniter.php(326): CodeIgniter\CodeIgniter->handleRequest(NULL, Object(Config\Cache), false)
#4 /home/keyline1/public_html/dev/ecoex_portaldev/index.php(37): CodeIgniter\CodeIgniter->run()
#5 {main}
CRITICAL - 2022-05-23 01:57:39 --> Too few arguments to function App\Models\Recycler::getInventoryList(), 0 passed in /home/keyline1/public_html/dev/ecoex_portaldev/app/Controllers/Home.php on line 14 and exactly 1 expected
#0 /home/keyline1/public_html/dev/ecoex_portaldev/app/Controllers/Home.php(14): App\Models\Recycler->getInventoryList()
#1 /home/keyline1/public_html/dev/ecoex_portaldev/system/CodeIgniter.php(832): App\Controllers\Home->index()
#2 /home/keyline1/public_html/dev/ecoex_portaldev/system/CodeIgniter.php(419): CodeIgniter\CodeIgniter->runController(Object(App\Controllers\Home))
#3 /home/keyline1/public_html/dev/ecoex_portaldev/system/CodeIgniter.php(326): CodeIgniter\CodeIgniter->handleRequest(NULL, Object(Config\Cache), false)
#4 /home/keyline1/public_html/dev/ecoex_portaldev/index.php(37): CodeIgniter\CodeIgniter->run()
#5 {main}
CRITICAL - 2022-05-23 01:57:59 --> Too few arguments to function App\Models\Recycler::getInventoryList(), 0 passed in /home/keyline1/public_html/dev/ecoex_portaldev/app/Controllers/Home.php on line 14 and exactly 1 expected
#0 /home/keyline1/public_html/dev/ecoex_portaldev/app/Controllers/Home.php(14): App\Models\Recycler->getInventoryList()
#1 /home/keyline1/public_html/dev/ecoex_portaldev/system/CodeIgniter.php(832): App\Controllers\Home->index()
#2 /home/keyline1/public_html/dev/ecoex_portaldev/system/CodeIgniter.php(419): CodeIgniter\CodeIgniter->runController(Object(App\Controllers\Home))
#3 /home/keyline1/public_html/dev/ecoex_portaldev/system/CodeIgniter.php(326): CodeIgniter\CodeIgniter->handleRequest(NULL, Object(Config\Cache), false)
#4 /home/keyline1/public_html/dev/ecoex_portaldev/index.php(37): CodeIgniter\CodeIgniter->run()
#5 {main}
CRITICAL - 2022-05-23 01:58:23 --> Too few arguments to function App\Models\Recycler::getInventoryList(), 0 passed in /home/keyline1/public_html/dev/ecoex_portaldev/app/Controllers/Home.php on line 14 and exactly 1 expected
#0 /home/keyline1/public_html/dev/ecoex_portaldev/app/Controllers/Home.php(14): App\Models\Recycler->getInventoryList()
#1 /home/keyline1/public_html/dev/ecoex_portaldev/system/CodeIgniter.php(832): App\Controllers\Home->index()
#2 /home/keyline1/public_html/dev/ecoex_portaldev/system/CodeIgniter.php(419): CodeIgniter\CodeIgniter->runController(Object(App\Controllers\Home))
#3 /home/keyline1/public_html/dev/ecoex_portaldev/system/CodeIgniter.php(326): CodeIgniter\CodeIgniter->handleRequest(NULL, Object(Config\Cache), false)
#4 /home/keyline1/public_html/dev/ecoex_portaldev/index.php(37): CodeIgniter\CodeIgniter->run()
#5 {main}
CRITICAL - 2022-05-23 01:58:28 --> Too few arguments to function App\Models\Recycler::getInventoryList(), 0 passed in /home/keyline1/public_html/dev/ecoex_portaldev/app/Controllers/Home.php on line 14 and exactly 1 expected
#0 /home/keyline1/public_html/dev/ecoex_portaldev/app/Controllers/Home.php(14): App\Models\Recycler->getInventoryList()
#1 /home/keyline1/public_html/dev/ecoex_portaldev/system/CodeIgniter.php(832): App\Controllers\Home->index()
#2 /home/keyline1/public_html/dev/ecoex_portaldev/system/CodeIgniter.php(419): CodeIgniter\CodeIgniter->runController(Object(App\Controllers\Home))
#3 /home/keyline1/public_html/dev/ecoex_portaldev/system/CodeIgniter.php(326): CodeIgniter\CodeIgniter->handleRequest(NULL, Object(Config\Cache), false)
#4 /home/keyline1/public_html/dev/ecoex_portaldev/index.php(37): CodeIgniter\CodeIgniter->run()
#5 {main}
CRITICAL - 2022-05-23 01:59:14 --> Too few arguments to function App\Models\Recycler::getInventoryList(), 0 passed in /home/keyline1/public_html/dev/ecoex_portaldev/app/Controllers/Home.php on line 14 and exactly 1 expected
#0 /home/keyline1/public_html/dev/ecoex_portaldev/app/Controllers/Home.php(14): App\Models\Recycler->getInventoryList()
#1 /home/keyline1/public_html/dev/ecoex_portaldev/system/CodeIgniter.php(832): App\Controllers\Home->index()
#2 /home/keyline1/public_html/dev/ecoex_portaldev/system/CodeIgniter.php(419): CodeIgniter\CodeIgniter->runController(Object(App\Controllers\Home))
#3 /home/keyline1/public_html/dev/ecoex_portaldev/system/CodeIgniter.php(326): CodeIgniter\CodeIgniter->handleRequest(NULL, Object(Config\Cache), false)
#4 /home/keyline1/public_html/dev/ecoex_portaldev/index.php(37): CodeIgniter\CodeIgniter->run()
#5 {main}
CRITICAL - 2022-05-23 02:02:43 --> Too few arguments to function App\Models\Recycler::getInventoryList(), 0 passed in /home/keyline1/public_html/dev/ecoex_portaldev/app/Controllers/Home.php on line 14 and exactly 1 expected
#0 /home/keyline1/public_html/dev/ecoex_portaldev/app/Controllers/Home.php(14): App\Models\Recycler->getInventoryList()
#1 /home/keyline1/public_html/dev/ecoex_portaldev/system/CodeIgniter.php(832): App\Controllers\Home->index()
#2 /home/keyline1/public_html/dev/ecoex_portaldev/system/CodeIgniter.php(419): CodeIgniter\CodeIgniter->runController(Object(App\Controllers\Home))
#3 /home/keyline1/public_html/dev/ecoex_portaldev/system/CodeIgniter.php(326): CodeIgniter\CodeIgniter->handleRequest(NULL, Object(Config\Cache), false)
#4 /home/keyline1/public_html/dev/ecoex_portaldev/index.php(37): CodeIgniter\CodeIgniter->run()
#5 {main}
