CRITICAL - 2022-04-22 02:18:45 --> Invalid file: all_login.php
#0 C:\xampp\htdocs\ecoex_portal\system\View\View.php(198): CodeIgniter\Exceptions\FrameworkException::forInvalidFile('all_login.php')
#1 C:\xampp\htdocs\ecoex_portal\system\Common.php(1089): CodeIgniter\View\View->render('all_login', Array, true)
#2 C:\xampp\htdocs\ecoex_portal\app\Controllers\Home.php(9): view('all_login')
#3 C:\xampp\htdocs\ecoex_portal\system\CodeIgniter.php(832): App\Controllers\Home->index()
#4 C:\xampp\htdocs\ecoex_portal\system\CodeIgniter.php(419): CodeIgniter\CodeIgniter->runController(Object(App\Controllers\Home))
#5 C:\xampp\htdocs\ecoex_portal\system\CodeIgniter.php(326): CodeIgniter\CodeIgniter->handleRequest(NULL, Object(Config\Cache), false)
#6 C:\xampp\htdocs\ecoex_portal\index.php(37): CodeIgniter\CodeIgniter->run()
#7 {main}
CRITICAL - 2022-04-22 03:17:26 --> Too few arguments to function App\Controllers\UserController::company_details(), 0 passed in C:\xampp\htdocs\ecoex_portal\system\CodeIgniter.php on line 832 and exactly 1 expected
#0 C:\xampp\htdocs\ecoex_portal\system\CodeIgniter.php(832): App\Controllers\UserController->company_details()
#1 C:\xampp\htdocs\ecoex_portal\system\CodeIgniter.php(419): CodeIgniter\CodeIgniter->runController(Object(App\Controllers\UserController))
#2 C:\xampp\htdocs\ecoex_portal\system\CodeIgniter.php(326): CodeIgniter\CodeIgniter->handleRequest(NULL, Object(Config\Cache), false)
#3 C:\xampp\htdocs\ecoex_portal\index.php(37): CodeIgniter\CodeIgniter->run()
#4 {main}
CRITICAL - 2022-04-22 03:18:23 --> Too few arguments to function App\Controllers\UserController::company_details(), 0 passed in C:\xampp\htdocs\ecoex_portal\system\CodeIgniter.php on line 832 and exactly 1 expected
#0 C:\xampp\htdocs\ecoex_portal\system\CodeIgniter.php(832): App\Controllers\UserController->company_details()
#1 C:\xampp\htdocs\ecoex_portal\system\CodeIgniter.php(419): CodeIgniter\CodeIgniter->runController(Object(App\Controllers\UserController))
#2 C:\xampp\htdocs\ecoex_portal\system\CodeIgniter.php(326): CodeIgniter\CodeIgniter->handleRequest(NULL, Object(Config\Cache), false)
#3 C:\xampp\htdocs\ecoex_portal\index.php(37): CodeIgniter\CodeIgniter->run()
#4 {main}
CRITICAL - 2022-04-22 03:18:24 --> Too few arguments to function App\Controllers\UserController::company_details(), 0 passed in C:\xampp\htdocs\ecoex_portal\system\CodeIgniter.php on line 832 and exactly 1 expected
#0 C:\xampp\htdocs\ecoex_portal\system\CodeIgniter.php(832): App\Controllers\UserController->company_details()
#1 C:\xampp\htdocs\ecoex_portal\system\CodeIgniter.php(419): CodeIgniter\CodeIgniter->runController(Object(App\Controllers\UserController))
#2 C:\xampp\htdocs\ecoex_portal\system\CodeIgniter.php(326): CodeIgniter\CodeIgniter->handleRequest(NULL, Object(Config\Cache), false)
#3 C:\xampp\htdocs\ecoex_portal\index.php(37): CodeIgniter\CodeIgniter->run()
#4 {main}
CRITICAL - 2022-04-22 03:20:07 --> Invalid argument supplied for foreach()
#0 C:\xampp\htdocs\ecoex_portal\app\Views\company_details.php(59): CodeIgniter\Debug\Exceptions->errorHandler(2, 'Invalid argumen...', 'C:\\xampp\\htdocs...', 59, Array)
#1 C:\xampp\htdocs\ecoex_portal\system\View\View.php(210): include('C:\\xampp\\htdocs...')
#2 C:\xampp\htdocs\ecoex_portal\system\View\View.php(213): CodeIgniter\View\View->CodeIgniter\View\{closure}()
#3 C:\xampp\htdocs\ecoex_portal\system\Common.php(1089): CodeIgniter\View\View->render('company_details', Array, true)
#4 C:\xampp\htdocs\ecoex_portal\app\Controllers\UserController.php(25): view('company_details')
#5 C:\xampp\htdocs\ecoex_portal\system\CodeIgniter.php(832): App\Controllers\UserController->company_details()
#6 C:\xampp\htdocs\ecoex_portal\system\CodeIgniter.php(419): CodeIgniter\CodeIgniter->runController(Object(App\Controllers\UserController))
#7 C:\xampp\htdocs\ecoex_portal\system\CodeIgniter.php(326): CodeIgniter\CodeIgniter->handleRequest(NULL, Object(Config\Cache), false)
#8 C:\xampp\htdocs\ecoex_portal\index.php(37): CodeIgniter\CodeIgniter->run()
#9 {main}
CRITICAL - 2022-04-22 03:29:57 --> Invalid argument supplied for foreach()
#0 C:\xampp\htdocs\ecoex_portal\app\Views\company_details.php(59): CodeIgniter\Debug\Exceptions->errorHandler(2, 'Invalid argumen...', 'C:\\xampp\\htdocs...', 59, Array)
#1 C:\xampp\htdocs\ecoex_portal\system\View\View.php(210): include('C:\\xampp\\htdocs...')
#2 C:\xampp\htdocs\ecoex_portal\system\View\View.php(213): CodeIgniter\View\View->CodeIgniter\View\{closure}()
#3 C:\xampp\htdocs\ecoex_portal\system\Common.php(1089): CodeIgniter\View\View->render('company_details', Array, true)
#4 C:\xampp\htdocs\ecoex_portal\app\Controllers\UserController.php(27): view('company_details', Array)
#5 C:\xampp\htdocs\ecoex_portal\system\CodeIgniter.php(832): App\Controllers\UserController->company_details()
#6 C:\xampp\htdocs\ecoex_portal\system\CodeIgniter.php(419): CodeIgniter\CodeIgniter->runController(Object(App\Controllers\UserController))
#7 C:\xampp\htdocs\ecoex_portal\system\CodeIgniter.php(326): CodeIgniter\CodeIgniter->handleRequest(NULL, Object(Config\Cache), false)
#8 C:\xampp\htdocs\ecoex_portal\index.php(37): CodeIgniter\CodeIgniter->run()
#9 {main}
ERROR - 2022-04-22 04:16:51 --> Column 'c_id' cannot be null
ERROR - 2022-04-22 04:19:28 --> Column 'c_id' cannot be null
ERROR - 2022-04-22 04:21:49 --> Column 'c_id' cannot be null
ERROR - 2022-04-22 04:31:36 --> Column 'user_password' cannot be null
ERROR - 2022-04-22 04:35:16 --> Column 'c_id' cannot be null
CRITICAL - 2022-04-22 05:43:16 --> Call to undefined function set_value()
#0 C:\xampp\htdocs\ecoex_portal\system\View\View.php(210): include()
#1 C:\xampp\htdocs\ecoex_portal\system\View\View.php(213): CodeIgniter\View\View->CodeIgniter\View\{closure}()
#2 C:\xampp\htdocs\ecoex_portal\system\Common.php(1089): CodeIgniter\View\View->render('company_details', Array, true)
#3 C:\xampp\htdocs\ecoex_portal\app\Controllers\UserController.php(29): view('company_details', Array)
#4 C:\xampp\htdocs\ecoex_portal\system\CodeIgniter.php(832): App\Controllers\UserController->company_details()
#5 C:\xampp\htdocs\ecoex_portal\system\CodeIgniter.php(419): CodeIgniter\CodeIgniter->runController(Object(App\Controllers\UserController))
#6 C:\xampp\htdocs\ecoex_portal\system\CodeIgniter.php(326): CodeIgniter\CodeIgniter->handleRequest(NULL, Object(Config\Cache), false)
#7 C:\xampp\htdocs\ecoex_portal\index.php(37): CodeIgniter\CodeIgniter->run()
#8 {main}
CRITICAL - 2022-04-22 05:44:20 --> Call to undefined function set_value()
#0 C:\xampp\htdocs\ecoex_portal\system\View\View.php(210): include()
#1 C:\xampp\htdocs\ecoex_portal\system\View\View.php(213): CodeIgniter\View\View->CodeIgniter\View\{closure}()
#2 C:\xampp\htdocs\ecoex_portal\system\Common.php(1089): CodeIgniter\View\View->render('company_details', Array, true)
#3 C:\xampp\htdocs\ecoex_portal\app\Controllers\UserController.php(29): view('company_details', Array)
#4 C:\xampp\htdocs\ecoex_portal\system\CodeIgniter.php(832): App\Controllers\UserController->company_details()
#5 C:\xampp\htdocs\ecoex_portal\system\CodeIgniter.php(419): CodeIgniter\CodeIgniter->runController(Object(App\Controllers\UserController))
#6 C:\xampp\htdocs\ecoex_portal\system\CodeIgniter.php(326): CodeIgniter\CodeIgniter->handleRequest(NULL, Object(Config\Cache), false)
#7 C:\xampp\htdocs\ecoex_portal\index.php(37): CodeIgniter\CodeIgniter->run()
#8 {main}
CRITICAL - 2022-04-22 05:44:21 --> Call to undefined function set_value()
#0 C:\xampp\htdocs\ecoex_portal\system\View\View.php(210): include()
#1 C:\xampp\htdocs\ecoex_portal\system\View\View.php(213): CodeIgniter\View\View->CodeIgniter\View\{closure}()
#2 C:\xampp\htdocs\ecoex_portal\system\Common.php(1089): CodeIgniter\View\View->render('company_details', Array, true)
#3 C:\xampp\htdocs\ecoex_portal\app\Controllers\UserController.php(29): view('company_details', Array)
#4 C:\xampp\htdocs\ecoex_portal\system\CodeIgniter.php(832): App\Controllers\UserController->company_details()
#5 C:\xampp\htdocs\ecoex_portal\system\CodeIgniter.php(419): CodeIgniter\CodeIgniter->runController(Object(App\Controllers\UserController))
#6 C:\xampp\htdocs\ecoex_portal\system\CodeIgniter.php(326): CodeIgniter\CodeIgniter->handleRequest(NULL, Object(Config\Cache), false)
#7 C:\xampp\htdocs\ecoex_portal\index.php(37): CodeIgniter\CodeIgniter->run()
#8 {main}
CRITICAL - 2022-04-22 05:44:21 --> Call to undefined function set_value()
#0 C:\xampp\htdocs\ecoex_portal\system\View\View.php(210): include()
#1 C:\xampp\htdocs\ecoex_portal\system\View\View.php(213): CodeIgniter\View\View->CodeIgniter\View\{closure}()
#2 C:\xampp\htdocs\ecoex_portal\system\Common.php(1089): CodeIgniter\View\View->render('company_details', Array, true)
#3 C:\xampp\htdocs\ecoex_portal\app\Controllers\UserController.php(29): view('company_details', Array)
#4 C:\xampp\htdocs\ecoex_portal\system\CodeIgniter.php(832): App\Controllers\UserController->company_details()
#5 C:\xampp\htdocs\ecoex_portal\system\CodeIgniter.php(419): CodeIgniter\CodeIgniter->runController(Object(App\Controllers\UserController))
#6 C:\xampp\htdocs\ecoex_portal\system\CodeIgniter.php(326): CodeIgniter\CodeIgniter->handleRequest(NULL, Object(Config\Cache), false)
#7 C:\xampp\htdocs\ecoex_portal\index.php(37): CodeIgniter\CodeIgniter->run()
#8 {main}
CRITICAL - 2022-04-22 05:45:07 --> Call to undefined function set_value()
#0 C:\xampp\htdocs\ecoex_portal\system\View\View.php(210): include()
#1 C:\xampp\htdocs\ecoex_portal\system\View\View.php(213): CodeIgniter\View\View->CodeIgniter\View\{closure}()
#2 C:\xampp\htdocs\ecoex_portal\system\Common.php(1089): CodeIgniter\View\View->render('company_details', Array, true)
#3 C:\xampp\htdocs\ecoex_portal\app\Controllers\UserController.php(29): view('company_details', Array)
#4 C:\xampp\htdocs\ecoex_portal\system\CodeIgniter.php(832): App\Controllers\UserController->company_details()
#5 C:\xampp\htdocs\ecoex_portal\system\CodeIgniter.php(419): CodeIgniter\CodeIgniter->runController(Object(App\Controllers\UserController))
#6 C:\xampp\htdocs\ecoex_portal\system\CodeIgniter.php(326): CodeIgniter\CodeIgniter->handleRequest(NULL, Object(Config\Cache), false)
#7 C:\xampp\htdocs\ecoex_portal\index.php(37): CodeIgniter\CodeIgniter->run()
#8 {main}
CRITICAL - 2022-04-22 05:51:27 --> Call to undefined function set_value()
#0 C:\xampp\htdocs\ecoex_portal\system\View\View.php(210): include()
#1 C:\xampp\htdocs\ecoex_portal\system\View\View.php(213): CodeIgniter\View\View->CodeIgniter\View\{closure}()
#2 C:\xampp\htdocs\ecoex_portal\system\Common.php(1089): CodeIgniter\View\View->render('company_details', Array, true)
#3 C:\xampp\htdocs\ecoex_portal\app\Controllers\UserController.php(29): view('company_details', Array)
#4 C:\xampp\htdocs\ecoex_portal\system\CodeIgniter.php(832): App\Controllers\UserController->company_details()
#5 C:\xampp\htdocs\ecoex_portal\system\CodeIgniter.php(419): CodeIgniter\CodeIgniter->runController(Object(App\Controllers\UserController))
#6 C:\xampp\htdocs\ecoex_portal\system\CodeIgniter.php(326): CodeIgniter\CodeIgniter->handleRequest(NULL, Object(Config\Cache), false)
#7 C:\xampp\htdocs\ecoex_portal\index.php(37): CodeIgniter\CodeIgniter->run()
#8 {main}
CRITICAL - 2022-04-22 05:53:20 --> Call to undefined function set_value()
#0 C:\xampp\htdocs\ecoex_portal\system\View\View.php(210): include()
#1 C:\xampp\htdocs\ecoex_portal\system\View\View.php(213): CodeIgniter\View\View->CodeIgniter\View\{closure}()
#2 C:\xampp\htdocs\ecoex_portal\system\Common.php(1089): CodeIgniter\View\View->render('company_details', Array, true)
#3 C:\xampp\htdocs\ecoex_portal\app\Controllers\UserController.php(29): view('company_details', Array)
#4 C:\xampp\htdocs\ecoex_portal\system\CodeIgniter.php(832): App\Controllers\UserController->company_details()
#5 C:\xampp\htdocs\ecoex_portal\system\CodeIgniter.php(419): CodeIgniter\CodeIgniter->runController(Object(App\Controllers\UserController))
#6 C:\xampp\htdocs\ecoex_portal\system\CodeIgniter.php(326): CodeIgniter\CodeIgniter->handleRequest(NULL, Object(Config\Cache), false)
#7 C:\xampp\htdocs\ecoex_portal\index.php(37): CodeIgniter\CodeIgniter->run()
#8 {main}
CRITICAL - 2022-04-22 05:54:08 --> Call to undefined function set_value()
#0 C:\xampp\htdocs\ecoex_portal\system\View\View.php(210): include()
#1 C:\xampp\htdocs\ecoex_portal\system\View\View.php(213): CodeIgniter\View\View->CodeIgniter\View\{closure}()
#2 C:\xampp\htdocs\ecoex_portal\system\Common.php(1089): CodeIgniter\View\View->render('company_details', Array, true)
#3 C:\xampp\htdocs\ecoex_portal\app\Controllers\UserController.php(29): view('company_details', Array)
#4 C:\xampp\htdocs\ecoex_portal\system\CodeIgniter.php(832): App\Controllers\UserController->company_details()
#5 C:\xampp\htdocs\ecoex_portal\system\CodeIgniter.php(419): CodeIgniter\CodeIgniter->runController(Object(App\Controllers\UserController))
#6 C:\xampp\htdocs\ecoex_portal\system\CodeIgniter.php(326): CodeIgniter\CodeIgniter->handleRequest(NULL, Object(Config\Cache), false)
#7 C:\xampp\htdocs\ecoex_portal\index.php(37): CodeIgniter\CodeIgniter->run()
#8 {main}
CRITICAL - 2022-04-22 05:54:55 --> Call to undefined function set_value()
#0 C:\xampp\htdocs\ecoex_portal\system\View\View.php(210): include()
#1 C:\xampp\htdocs\ecoex_portal\system\View\View.php(213): CodeIgniter\View\View->CodeIgniter\View\{closure}()
#2 C:\xampp\htdocs\ecoex_portal\system\Common.php(1089): CodeIgniter\View\View->render('company_details', Array, true)
#3 C:\xampp\htdocs\ecoex_portal\app\Controllers\UserController.php(29): view('company_details', Array)
#4 C:\xampp\htdocs\ecoex_portal\system\CodeIgniter.php(832): App\Controllers\UserController->company_details()
#5 C:\xampp\htdocs\ecoex_portal\system\CodeIgniter.php(419): CodeIgniter\CodeIgniter->runController(Object(App\Controllers\UserController))
#6 C:\xampp\htdocs\ecoex_portal\system\CodeIgniter.php(326): CodeIgniter\CodeIgniter->handleRequest(NULL, Object(Config\Cache), false)
#7 C:\xampp\htdocs\ecoex_portal\index.php(37): CodeIgniter\CodeIgniter->run()
#8 {main}
CRITICAL - 2022-04-22 05:56:28 --> Call to undefined function set_value()
#0 C:\xampp\htdocs\ecoex_portal\system\View\View.php(210): include()
#1 C:\xampp\htdocs\ecoex_portal\system\View\View.php(213): CodeIgniter\View\View->CodeIgniter\View\{closure}()
#2 C:\xampp\htdocs\ecoex_portal\system\Common.php(1089): CodeIgniter\View\View->render('company_details', Array, true)
#3 C:\xampp\htdocs\ecoex_portal\app\Controllers\UserController.php(29): view('company_details', Array)
#4 C:\xampp\htdocs\ecoex_portal\system\CodeIgniter.php(832): App\Controllers\UserController->company_details()
#5 C:\xampp\htdocs\ecoex_portal\system\CodeIgniter.php(419): CodeIgniter\CodeIgniter->runController(Object(App\Controllers\UserController))
#6 C:\xampp\htdocs\ecoex_portal\system\CodeIgniter.php(326): CodeIgniter\CodeIgniter->handleRequest(NULL, Object(Config\Cache), false)
#7 C:\xampp\htdocs\ecoex_portal\index.php(37): CodeIgniter\CodeIgniter->run()
#8 {main}
CRITICAL - 2022-04-22 05:56:29 --> Call to undefined function set_value()
#0 C:\xampp\htdocs\ecoex_portal\system\View\View.php(210): include()
#1 C:\xampp\htdocs\ecoex_portal\system\View\View.php(213): CodeIgniter\View\View->CodeIgniter\View\{closure}()
#2 C:\xampp\htdocs\ecoex_portal\system\Common.php(1089): CodeIgniter\View\View->render('company_details', Array, true)
#3 C:\xampp\htdocs\ecoex_portal\app\Controllers\UserController.php(29): view('company_details', Array)
#4 C:\xampp\htdocs\ecoex_portal\system\CodeIgniter.php(832): App\Controllers\UserController->company_details()
#5 C:\xampp\htdocs\ecoex_portal\system\CodeIgniter.php(419): CodeIgniter\CodeIgniter->runController(Object(App\Controllers\UserController))
#6 C:\xampp\htdocs\ecoex_portal\system\CodeIgniter.php(326): CodeIgniter\CodeIgniter->handleRequest(NULL, Object(Config\Cache), false)
#7 C:\xampp\htdocs\ecoex_portal\index.php(37): CodeIgniter\CodeIgniter->run()
#8 {main}
CRITICAL - 2022-04-22 05:58:26 --> Call to undefined function set_value()
#0 C:\xampp\htdocs\ecoex_portal\system\View\View.php(210): include()
#1 C:\xampp\htdocs\ecoex_portal\system\View\View.php(213): CodeIgniter\View\View->CodeIgniter\View\{closure}()
#2 C:\xampp\htdocs\ecoex_portal\system\Common.php(1089): CodeIgniter\View\View->render('company_details', Array, true)
#3 C:\xampp\htdocs\ecoex_portal\app\Controllers\UserController.php(29): view('company_details', Array)
#4 C:\xampp\htdocs\ecoex_portal\system\CodeIgniter.php(832): App\Controllers\UserController->company_details()
#5 C:\xampp\htdocs\ecoex_portal\system\CodeIgniter.php(419): CodeIgniter\CodeIgniter->runController(Object(App\Controllers\UserController))
#6 C:\xampp\htdocs\ecoex_portal\system\CodeIgniter.php(326): CodeIgniter\CodeIgniter->handleRequest(NULL, Object(Config\Cache), false)
#7 C:\xampp\htdocs\ecoex_portal\index.php(37): CodeIgniter\CodeIgniter->run()
#8 {main}
