CRITICAL - 2022-05-28 03:14:29 --> You must set the database table to be used with your query.
#0 /home/keyline1/public_html/dev/ecoex_portaldev/system/Model.php(545): CodeIgniter\Database\BaseConnection->table(NULL)
#1 /home/keyline1/public_html/dev/ecoex_portaldev/system/Model.php(722): CodeIgniter\Model->builder()
#2 /home/keyline1/public_html/dev/ecoex_portaldev/app/Views/admin/layout/editCompanyDetails.php(309): CodeIgniter\Model->__call('getUnitDetailsB...', Array)
#3 /home/keyline1/public_html/dev/ecoex_portaldev/system/View/View.php(210): include('/home/keyline1/...')
#4 /home/keyline1/public_html/dev/ecoex_portaldev/system/View/View.php(213): CodeIgniter\View\View->CodeIgniter\View\{closure}()
#5 /home/keyline1/public_html/dev/ecoex_portaldev/system/Common.php(1089): CodeIgniter\View\View->render('admin/layout/ed...', Array, true)
#6 /home/keyline1/public_html/dev/ecoex_portaldev/app/Controllers/Admin/AdminController.php(465): view('admin/layout/ed...', Array)
#7 /home/keyline1/public_html/dev/ecoex_portaldev/system/CodeIgniter.php(832): App\Controllers\Admin\AdminController->editCompany('105')
#8 /home/keyline1/public_html/dev/ecoex_portaldev/system/CodeIgniter.php(419): CodeIgniter\CodeIgniter->runController(Object(App\Controllers\Admin\AdminController))
#9 /home/keyline1/public_html/dev/ecoex_portaldev/system/CodeIgniter.php(326): CodeIgniter\CodeIgniter->handleRequest(NULL, Object(Config\Cache), false)
#10 /home/keyline1/public_html/dev/ecoex_portaldev/index.php(37): CodeIgniter\CodeIgniter->run()
#11 {main}
CRITICAL - 2022-05-28 03:15:29 --> You must set the database table to be used with your query.
#0 /home/keyline1/public_html/dev/ecoex_portaldev/system/Model.php(545): CodeIgniter\Database\BaseConnection->table(NULL)
#1 /home/keyline1/public_html/dev/ecoex_portaldev/system/Model.php(722): CodeIgniter\Model->builder()
#2 /home/keyline1/public_html/dev/ecoex_portaldev/app/Views/admin/layout/editCompanyDetails.php(309): CodeIgniter\Model->__call('getUnitDetailsB...', Array)
#3 /home/keyline1/public_html/dev/ecoex_portaldev/system/View/View.php(210): include('/home/keyline1/...')
#4 /home/keyline1/public_html/dev/ecoex_portaldev/system/View/View.php(213): CodeIgniter\View\View->CodeIgniter\View\{closure}()
#5 /home/keyline1/public_html/dev/ecoex_portaldev/system/Common.php(1089): CodeIgniter\View\View->render('admin/layout/ed...', Array, true)
#6 /home/keyline1/public_html/dev/ecoex_portaldev/app/Controllers/Admin/AdminController.php(465): view('admin/layout/ed...', Array)
#7 /home/keyline1/public_html/dev/ecoex_portaldev/system/CodeIgniter.php(832): App\Controllers\Admin\AdminController->editCompany('105', '11')
#8 /home/keyline1/public_html/dev/ecoex_portaldev/system/CodeIgniter.php(419): CodeIgniter\CodeIgniter->runController(Object(App\Controllers\Admin\AdminController))
#9 /home/keyline1/public_html/dev/ecoex_portaldev/system/CodeIgniter.php(326): CodeIgniter\CodeIgniter->handleRequest(NULL, Object(Config\Cache), false)
#10 /home/keyline1/public_html/dev/ecoex_portaldev/index.php(37): CodeIgniter\CodeIgniter->run()
#11 {main}
CRITICAL - 2022-05-28 03:15:34 --> You must set the database table to be used with your query.
#0 /home/keyline1/public_html/dev/ecoex_portaldev/system/Model.php(545): CodeIgniter\Database\BaseConnection->table(NULL)
#1 /home/keyline1/public_html/dev/ecoex_portaldev/system/Model.php(722): CodeIgniter\Model->builder()
#2 /home/keyline1/public_html/dev/ecoex_portaldev/app/Views/admin/layout/editCompanyDetails.php(309): CodeIgniter\Model->__call('getUnitDetailsB...', Array)
#3 /home/keyline1/public_html/dev/ecoex_portaldev/system/View/View.php(210): include('/home/keyline1/...')
#4 /home/keyline1/public_html/dev/ecoex_portaldev/system/View/View.php(213): CodeIgniter\View\View->CodeIgniter\View\{closure}()
#5 /home/keyline1/public_html/dev/ecoex_portaldev/system/Common.php(1089): CodeIgniter\View\View->render('admin/layout/ed...', Array, true)
#6 /home/keyline1/public_html/dev/ecoex_portaldev/app/Controllers/Admin/AdminController.php(465): view('admin/layout/ed...', Array)
#7 /home/keyline1/public_html/dev/ecoex_portaldev/system/CodeIgniter.php(832): App\Controllers\Admin\AdminController->editCompany('105')
#8 /home/keyline1/public_html/dev/ecoex_portaldev/system/CodeIgniter.php(419): CodeIgniter\CodeIgniter->runController(Object(App\Controllers\Admin\AdminController))
#9 /home/keyline1/public_html/dev/ecoex_portaldev/system/CodeIgniter.php(326): CodeIgniter\CodeIgniter->handleRequest(NULL, Object(Config\Cache), false)
#10 /home/keyline1/public_html/dev/ecoex_portaldev/index.php(37): CodeIgniter\CodeIgniter->run()
#11 {main}
CRITICAL - 2022-05-28 03:18:58 --> You must set the database table to be used with your query.
#0 /home/keyline1/public_html/dev/ecoex_portaldev/system/Model.php(545): CodeIgniter\Database\BaseConnection->table(NULL)
#1 /home/keyline1/public_html/dev/ecoex_portaldev/system/Model.php(722): CodeIgniter\Model->builder()
#2 /home/keyline1/public_html/dev/ecoex_portaldev/app/Views/admin/layout/editCompanyDetails.php(309): CodeIgniter\Model->__call('getUnitDetailsB...', Array)
#3 /home/keyline1/public_html/dev/ecoex_portaldev/system/View/View.php(210): include('/home/keyline1/...')
#4 /home/keyline1/public_html/dev/ecoex_portaldev/system/View/View.php(213): CodeIgniter\View\View->CodeIgniter\View\{closure}()
#5 /home/keyline1/public_html/dev/ecoex_portaldev/system/Common.php(1089): CodeIgniter\View\View->render('admin/layout/ed...', Array, true)
#6 /home/keyline1/public_html/dev/ecoex_portaldev/app/Controllers/Admin/AdminController.php(465): view('admin/layout/ed...', Array)
#7 /home/keyline1/public_html/dev/ecoex_portaldev/system/CodeIgniter.php(832): App\Controllers\Admin\AdminController->editCompany('105')
#8 /home/keyline1/public_html/dev/ecoex_portaldev/system/CodeIgniter.php(419): CodeIgniter\CodeIgniter->runController(Object(App\Controllers\Admin\AdminController))
#9 /home/keyline1/public_html/dev/ecoex_portaldev/system/CodeIgniter.php(326): CodeIgniter\CodeIgniter->handleRequest(NULL, Object(Config\Cache), false)
#10 /home/keyline1/public_html/dev/ecoex_portaldev/index.php(37): CodeIgniter\CodeIgniter->run()
#11 {main}
CRITICAL - 2022-05-28 04:05:25 --> Cannot redeclare App\Models\AdminAuth::addUnitPlantImages()
#0 [internal function]: CodeIgniter\Debug\Exceptions->shutdownHandler()
#1 {main}
CRITICAL - 2022-05-28 04:05:26 --> Cannot redeclare App\Models\AdminAuth::addUnitPlantImages()
#0 [internal function]: CodeIgniter\Debug\Exceptions->shutdownHandler()
#1 {main}
ERROR - 2022-05-28 04:11:33 --> Unknown column 'updatedAt' in 'field list'
CRITICAL - 2022-05-28 04:11:33 --> The original file is not a valid file.
#0 /home/keyline1/public_html/dev/ecoex_portaldev/system/HTTP/Files/UploadedFile.php(137): CodeIgniter\HTTP\Exceptions\HTTPException::forInvalidFile()
#1 /home/keyline1/public_html/dev/ecoex_portaldev/app/Controllers/Admin/AdminController.php(690): CodeIgniter\HTTP\Files\UploadedFile->move('/home/keyline1/...', '1653729093_d33e...')
#2 /home/keyline1/public_html/dev/ecoex_portaldev/system/CodeIgniter.php(832): App\Controllers\Admin\AdminController->editCompanyUnitData()
#3 /home/keyline1/public_html/dev/ecoex_portaldev/system/CodeIgniter.php(419): CodeIgniter\CodeIgniter->runController(Object(App\Controllers\Admin\AdminController))
#4 /home/keyline1/public_html/dev/ecoex_portaldev/system/CodeIgniter.php(326): CodeIgniter\CodeIgniter->handleRequest(NULL, Object(Config\Cache), false)
#5 /home/keyline1/public_html/dev/ecoex_portaldev/index.php(37): CodeIgniter\CodeIgniter->run()
#6 {main}
ERROR - 2022-05-28 04:12:27 --> Unknown column 'updatedAt' in 'field list'
ERROR - 2022-05-28 04:13:07 --> Unknown column 'updatedAt' in 'field list'
