CRITICAL - 2022-04-27 00:45:47 --> Call to undefined method App\Models\Company::getBusinessCategoryList
#0 /home/keyline1/public_html/dev/ecoex_portaldev/app/Controllers/CompanyController.php(44): CodeIgniter\Model->__call('getBusinessCate...', Array)
#1 /home/keyline1/public_html/dev/ecoex_portaldev/system/CodeIgniter.php(832): App\Controllers\CompanyController->companyRegistration('1')
#2 /home/keyline1/public_html/dev/ecoex_portaldev/system/CodeIgniter.php(419): CodeIgniter\CodeIgniter->runController(Object(App\Controllers\CompanyController))
#3 /home/keyline1/public_html/dev/ecoex_portaldev/system/CodeIgniter.php(326): CodeIgniter\CodeIgniter->handleRequest(NULL, Object(Config\Cache), false)
#4 /home/keyline1/public_html/dev/ecoex_portaldev/index.php(37): CodeIgniter\CodeIgniter->run()
#5 {main}
ERROR - 2022-04-27 01:31:31 --> Column count doesn't match value count at row 1
CRITICAL - 2022-04-27 03:52:03 --> Call to undefined method App\Models\Company::getAddressDetail
#0 /home/keyline1/public_html/dev/ecoex_portaldev/app/Controllers/CompanyController.php(54): CodeIgniter\Model->__call('getAddressDetai...', Array)
#1 /home/keyline1/public_html/dev/ecoex_portaldev/system/CodeIgniter.php(832): App\Controllers\CompanyController->companyRegistration('2')
#2 /home/keyline1/public_html/dev/ecoex_portaldev/system/CodeIgniter.php(419): CodeIgniter\CodeIgniter->runController(Object(App\Controllers\CompanyController))
#3 /home/keyline1/public_html/dev/ecoex_portaldev/system/CodeIgniter.php(326): CodeIgniter\CodeIgniter->handleRequest(NULL, Object(Config\Cache), false)
#4 /home/keyline1/public_html/dev/ecoex_portaldev/index.php(37): CodeIgniter\CodeIgniter->run()
#5 {main}
CRITICAL - 2022-04-27 04:49:02 --> Invalid argument supplied for foreach()
#0 /home/keyline1/public_html/dev/ecoex_portaldev/app/Views/companyRegistrationStepTwo.php(94): CodeIgniter\Debug\Exceptions->errorHandler(2, 'Invalid argumen...', '/home/keyline1/...', 94, Array)
#1 /home/keyline1/public_html/dev/ecoex_portaldev/system/View/View.php(210): include('/home/keyline1/...')
#2 /home/keyline1/public_html/dev/ecoex_portaldev/system/View/View.php(213): CodeIgniter\View\View->CodeIgniter\View\{closure}()
#3 /home/keyline1/public_html/dev/ecoex_portaldev/system/Common.php(1089): CodeIgniter\View\View->render('companyRegistra...', Array, true)
#4 /home/keyline1/public_html/dev/ecoex_portaldev/app/Controllers/CompanyController.php(61): view('companyRegistra...', Array)
#5 /home/keyline1/public_html/dev/ecoex_portaldev/system/CodeIgniter.php(832): App\Controllers\CompanyController->companyRegistration('2')
#6 /home/keyline1/public_html/dev/ecoex_portaldev/system/CodeIgniter.php(419): CodeIgniter\CodeIgniter->runController(Object(App\Controllers\CompanyController))
#7 /home/keyline1/public_html/dev/ecoex_portaldev/system/CodeIgniter.php(326): CodeIgniter\CodeIgniter->handleRequest(NULL, Object(Config\Cache), false)
#8 /home/keyline1/public_html/dev/ecoex_portaldev/index.php(37): CodeIgniter\CodeIgniter->run()
#9 {main}
CRITICAL - 2022-04-27 04:49:10 --> Invalid argument supplied for foreach()
#0 /home/keyline1/public_html/dev/ecoex_portaldev/app/Views/companyRegistrationStepTwo.php(94): CodeIgniter\Debug\Exceptions->errorHandler(2, 'Invalid argumen...', '/home/keyline1/...', 94, Array)
#1 /home/keyline1/public_html/dev/ecoex_portaldev/system/View/View.php(210): include('/home/keyline1/...')
#2 /home/keyline1/public_html/dev/ecoex_portaldev/system/View/View.php(213): CodeIgniter\View\View->CodeIgniter\View\{closure}()
#3 /home/keyline1/public_html/dev/ecoex_portaldev/system/Common.php(1089): CodeIgniter\View\View->render('companyRegistra...', Array, true)
#4 /home/keyline1/public_html/dev/ecoex_portaldev/app/Controllers/CompanyController.php(61): view('companyRegistra...', Array)
#5 /home/keyline1/public_html/dev/ecoex_portaldev/system/CodeIgniter.php(832): App\Controllers\CompanyController->companyRegistration('2')
#6 /home/keyline1/public_html/dev/ecoex_portaldev/system/CodeIgniter.php(419): CodeIgniter\CodeIgniter->runController(Object(App\Controllers\CompanyController))
#7 /home/keyline1/public_html/dev/ecoex_portaldev/system/CodeIgniter.php(326): CodeIgniter\CodeIgniter->handleRequest(NULL, Object(Config\Cache), false)
#8 /home/keyline1/public_html/dev/ecoex_portaldev/index.php(37): CodeIgniter\CodeIgniter->run()
#9 {main}
CRITICAL - 2022-04-27 04:49:33 --> Invalid argument supplied for foreach()
#0 /home/keyline1/public_html/dev/ecoex_portaldev/app/Views/companyRegistrationStepTwo.php(94): CodeIgniter\Debug\Exceptions->errorHandler(2, 'Invalid argumen...', '/home/keyline1/...', 94, Array)
#1 /home/keyline1/public_html/dev/ecoex_portaldev/system/View/View.php(210): include('/home/keyline1/...')
#2 /home/keyline1/public_html/dev/ecoex_portaldev/system/View/View.php(213): CodeIgniter\View\View->CodeIgniter\View\{closure}()
#3 /home/keyline1/public_html/dev/ecoex_portaldev/system/Common.php(1089): CodeIgniter\View\View->render('companyRegistra...', Array, true)
#4 /home/keyline1/public_html/dev/ecoex_portaldev/app/Controllers/CompanyController.php(61): view('companyRegistra...', Array)
#5 /home/keyline1/public_html/dev/ecoex_portaldev/system/CodeIgniter.php(832): App\Controllers\CompanyController->companyRegistration('2')
#6 /home/keyline1/public_html/dev/ecoex_portaldev/system/CodeIgniter.php(419): CodeIgniter\CodeIgniter->runController(Object(App\Controllers\CompanyController))
#7 /home/keyline1/public_html/dev/ecoex_portaldev/system/CodeIgniter.php(326): CodeIgniter\CodeIgniter->handleRequest(NULL, Object(Config\Cache), false)
#8 /home/keyline1/public_html/dev/ecoex_portaldev/index.php(37): CodeIgniter\CodeIgniter->run()
#9 {main}
CRITICAL - 2022-04-27 04:51:55 --> Invalid argument supplied for foreach()
#0 /home/keyline1/public_html/dev/ecoex_portaldev/app/Views/companyRegistrationStepTwo.php(94): CodeIgniter\Debug\Exceptions->errorHandler(2, 'Invalid argumen...', '/home/keyline1/...', 94, Array)
#1 /home/keyline1/public_html/dev/ecoex_portaldev/system/View/View.php(210): include('/home/keyline1/...')
#2 /home/keyline1/public_html/dev/ecoex_portaldev/system/View/View.php(213): CodeIgniter\View\View->CodeIgniter\View\{closure}()
#3 /home/keyline1/public_html/dev/ecoex_portaldev/system/Common.php(1089): CodeIgniter\View\View->render('companyRegistra...', Array, true)
#4 /home/keyline1/public_html/dev/ecoex_portaldev/app/Controllers/CompanyController.php(61): view('companyRegistra...', Array)
#5 /home/keyline1/public_html/dev/ecoex_portaldev/system/CodeIgniter.php(832): App\Controllers\CompanyController->companyRegistration('2')
#6 /home/keyline1/public_html/dev/ecoex_portaldev/system/CodeIgniter.php(419): CodeIgniter\CodeIgniter->runController(Object(App\Controllers\CompanyController))
#7 /home/keyline1/public_html/dev/ecoex_portaldev/system/CodeIgniter.php(326): CodeIgniter\CodeIgniter->handleRequest(NULL, Object(Config\Cache), false)
#8 /home/keyline1/public_html/dev/ecoex_portaldev/index.php(37): CodeIgniter\CodeIgniter->run()
#9 {main}
CRITICAL - 2022-04-27 04:55:39 --> Invalid argument supplied for foreach()
#0 /home/keyline1/public_html/dev/ecoex_portaldev/app/Views/companyRegistrationStepTwo.php(94): CodeIgniter\Debug\Exceptions->errorHandler(2, 'Invalid argumen...', '/home/keyline1/...', 94, Array)
#1 /home/keyline1/public_html/dev/ecoex_portaldev/system/View/View.php(210): include('/home/keyline1/...')
#2 /home/keyline1/public_html/dev/ecoex_portaldev/system/View/View.php(213): CodeIgniter\View\View->CodeIgniter\View\{closure}()
#3 /home/keyline1/public_html/dev/ecoex_portaldev/system/Common.php(1089): CodeIgniter\View\View->render('companyRegistra...', Array, true)
#4 /home/keyline1/public_html/dev/ecoex_portaldev/app/Controllers/CompanyController.php(61): view('companyRegistra...', Array)
#5 /home/keyline1/public_html/dev/ecoex_portaldev/system/CodeIgniter.php(832): App\Controllers\CompanyController->companyRegistration('2')
#6 /home/keyline1/public_html/dev/ecoex_portaldev/system/CodeIgniter.php(419): CodeIgniter\CodeIgniter->runController(Object(App\Controllers\CompanyController))
#7 /home/keyline1/public_html/dev/ecoex_portaldev/system/CodeIgniter.php(326): CodeIgniter\CodeIgniter->handleRequest(NULL, Object(Config\Cache), false)
#8 /home/keyline1/public_html/dev/ecoex_portaldev/index.php(37): CodeIgniter\CodeIgniter->run()
#9 {main}
CRITICAL - 2022-04-27 04:57:50 --> Invalid argument supplied for foreach()
#0 /home/keyline1/public_html/dev/ecoex_portaldev/app/Views/companyRegistrationStepTwo.php(94): CodeIgniter\Debug\Exceptions->errorHandler(2, 'Invalid argumen...', '/home/keyline1/...', 94, Array)
#1 /home/keyline1/public_html/dev/ecoex_portaldev/system/View/View.php(210): include('/home/keyline1/...')
#2 /home/keyline1/public_html/dev/ecoex_portaldev/system/View/View.php(213): CodeIgniter\View\View->CodeIgniter\View\{closure}()
#3 /home/keyline1/public_html/dev/ecoex_portaldev/system/Common.php(1089): CodeIgniter\View\View->render('companyRegistra...', Array, true)
#4 /home/keyline1/public_html/dev/ecoex_portaldev/app/Controllers/CompanyController.php(61): view('companyRegistra...', Array)
#5 /home/keyline1/public_html/dev/ecoex_portaldev/system/CodeIgniter.php(832): App\Controllers\CompanyController->companyRegistration('2')
#6 /home/keyline1/public_html/dev/ecoex_portaldev/system/CodeIgniter.php(419): CodeIgniter\CodeIgniter->runController(Object(App\Controllers\CompanyController))
#7 /home/keyline1/public_html/dev/ecoex_portaldev/system/CodeIgniter.php(326): CodeIgniter\CodeIgniter->handleRequest(NULL, Object(Config\Cache), false)
#8 /home/keyline1/public_html/dev/ecoex_portaldev/index.php(37): CodeIgniter\CodeIgniter->run()
#9 {main}
CRITICAL - 2022-04-27 05:03:18 --> Invalid argument supplied for foreach()
#0 /home/keyline1/public_html/dev/ecoex_portaldev/app/Views/companyRegistrationStepTwo.php(94): CodeIgniter\Debug\Exceptions->errorHandler(2, 'Invalid argumen...', '/home/keyline1/...', 94, Array)
#1 /home/keyline1/public_html/dev/ecoex_portaldev/system/View/View.php(210): include('/home/keyline1/...')
#2 /home/keyline1/public_html/dev/ecoex_portaldev/system/View/View.php(213): CodeIgniter\View\View->CodeIgniter\View\{closure}()
#3 /home/keyline1/public_html/dev/ecoex_portaldev/system/Common.php(1089): CodeIgniter\View\View->render('companyRegistra...', Array, true)
#4 /home/keyline1/public_html/dev/ecoex_portaldev/app/Controllers/CompanyController.php(61): view('companyRegistra...', Array)
#5 /home/keyline1/public_html/dev/ecoex_portaldev/system/CodeIgniter.php(832): App\Controllers\CompanyController->companyRegistration('2')
#6 /home/keyline1/public_html/dev/ecoex_portaldev/system/CodeIgniter.php(419): CodeIgniter\CodeIgniter->runController(Object(App\Controllers\CompanyController))
#7 /home/keyline1/public_html/dev/ecoex_portaldev/system/CodeIgniter.php(326): CodeIgniter\CodeIgniter->handleRequest(NULL, Object(Config\Cache), false)
#8 /home/keyline1/public_html/dev/ecoex_portaldev/index.php(37): CodeIgniter\CodeIgniter->run()
#9 {main}
CRITICAL - 2022-04-27 05:15:47 --> Invalid argument supplied for foreach()
#0 /home/keyline1/public_html/dev/ecoex_portaldev/app/Views/companyRegistrationStepTwo.php(94): CodeIgniter\Debug\Exceptions->errorHandler(2, 'Invalid argumen...', '/home/keyline1/...', 94, Array)
#1 /home/keyline1/public_html/dev/ecoex_portaldev/system/View/View.php(210): include('/home/keyline1/...')
#2 /home/keyline1/public_html/dev/ecoex_portaldev/system/View/View.php(213): CodeIgniter\View\View->CodeIgniter\View\{closure}()
#3 /home/keyline1/public_html/dev/ecoex_portaldev/system/Common.php(1089): CodeIgniter\View\View->render('companyRegistra...', Array, true)
#4 /home/keyline1/public_html/dev/ecoex_portaldev/app/Controllers/CompanyController.php(61): view('companyRegistra...', Array)
#5 /home/keyline1/public_html/dev/ecoex_portaldev/system/CodeIgniter.php(832): App\Controllers\CompanyController->companyRegistration('2')
#6 /home/keyline1/public_html/dev/ecoex_portaldev/system/CodeIgniter.php(419): CodeIgniter\CodeIgniter->runController(Object(App\Controllers\CompanyController))
#7 /home/keyline1/public_html/dev/ecoex_portaldev/system/CodeIgniter.php(326): CodeIgniter\CodeIgniter->handleRequest(NULL, Object(Config\Cache), false)
#8 /home/keyline1/public_html/dev/ecoex_portaldev/index.php(37): CodeIgniter\CodeIgniter->run()
#9 {main}
CRITICAL - 2022-04-27 05:23:22 --> Invalid argument supplied for foreach()
#0 /home/keyline1/public_html/dev/ecoex_portaldev/app/Views/companyRegistrationStepTwo.php(94): CodeIgniter\Debug\Exceptions->errorHandler(2, 'Invalid argumen...', '/home/keyline1/...', 94, Array)
#1 /home/keyline1/public_html/dev/ecoex_portaldev/system/View/View.php(210): include('/home/keyline1/...')
#2 /home/keyline1/public_html/dev/ecoex_portaldev/system/View/View.php(213): CodeIgniter\View\View->CodeIgniter\View\{closure}()
#3 /home/keyline1/public_html/dev/ecoex_portaldev/system/Common.php(1089): CodeIgniter\View\View->render('companyRegistra...', Array, true)
#4 /home/keyline1/public_html/dev/ecoex_portaldev/app/Controllers/CompanyController.php(61): view('companyRegistra...', Array)
#5 /home/keyline1/public_html/dev/ecoex_portaldev/system/CodeIgniter.php(832): App\Controllers\CompanyController->companyRegistration('2')
#6 /home/keyline1/public_html/dev/ecoex_portaldev/system/CodeIgniter.php(419): CodeIgniter\CodeIgniter->runController(Object(App\Controllers\CompanyController))
#7 /home/keyline1/public_html/dev/ecoex_portaldev/system/CodeIgniter.php(326): CodeIgniter\CodeIgniter->handleRequest(NULL, Object(Config\Cache), false)
#8 /home/keyline1/public_html/dev/ecoex_portaldev/index.php(37): CodeIgniter\CodeIgniter->run()
#9 {main}
CRITICAL - 2022-04-27 05:23:41 --> Invalid argument supplied for foreach()
#0 /home/keyline1/public_html/dev/ecoex_portaldev/app/Views/companyRegistrationStepTwo.php(94): CodeIgniter\Debug\Exceptions->errorHandler(2, 'Invalid argumen...', '/home/keyline1/...', 94, Array)
#1 /home/keyline1/public_html/dev/ecoex_portaldev/system/View/View.php(210): include('/home/keyline1/...')
#2 /home/keyline1/public_html/dev/ecoex_portaldev/system/View/View.php(213): CodeIgniter\View\View->CodeIgniter\View\{closure}()
#3 /home/keyline1/public_html/dev/ecoex_portaldev/system/Common.php(1089): CodeIgniter\View\View->render('companyRegistra...', Array, true)
#4 /home/keyline1/public_html/dev/ecoex_portaldev/app/Controllers/CompanyController.php(61): view('companyRegistra...', Array)
#5 /home/keyline1/public_html/dev/ecoex_portaldev/system/CodeIgniter.php(832): App\Controllers\CompanyController->companyRegistration('2')
#6 /home/keyline1/public_html/dev/ecoex_portaldev/system/CodeIgniter.php(419): CodeIgniter\CodeIgniter->runController(Object(App\Controllers\CompanyController))
#7 /home/keyline1/public_html/dev/ecoex_portaldev/system/CodeIgniter.php(326): CodeIgniter\CodeIgniter->handleRequest(NULL, Object(Config\Cache), false)
#8 /home/keyline1/public_html/dev/ecoex_portaldev/index.php(37): CodeIgniter\CodeIgniter->run()
#9 {main}
CRITICAL - 2022-04-27 05:24:30 --> Invalid argument supplied for foreach()
#0 /home/keyline1/public_html/dev/ecoex_portaldev/app/Views/companyRegistrationStepTwo.php(94): CodeIgniter\Debug\Exceptions->errorHandler(2, 'Invalid argumen...', '/home/keyline1/...', 94, Array)
#1 /home/keyline1/public_html/dev/ecoex_portaldev/system/View/View.php(210): include('/home/keyline1/...')
#2 /home/keyline1/public_html/dev/ecoex_portaldev/system/View/View.php(213): CodeIgniter\View\View->CodeIgniter\View\{closure}()
#3 /home/keyline1/public_html/dev/ecoex_portaldev/system/Common.php(1089): CodeIgniter\View\View->render('companyRegistra...', Array, true)
#4 /home/keyline1/public_html/dev/ecoex_portaldev/app/Controllers/CompanyController.php(61): view('companyRegistra...', Array)
#5 /home/keyline1/public_html/dev/ecoex_portaldev/system/CodeIgniter.php(832): App\Controllers\CompanyController->companyRegistration('2')
#6 /home/keyline1/public_html/dev/ecoex_portaldev/system/CodeIgniter.php(419): CodeIgniter\CodeIgniter->runController(Object(App\Controllers\CompanyController))
#7 /home/keyline1/public_html/dev/ecoex_portaldev/system/CodeIgniter.php(326): CodeIgniter\CodeIgniter->handleRequest(NULL, Object(Config\Cache), false)
#8 /home/keyline1/public_html/dev/ecoex_portaldev/index.php(37): CodeIgniter\CodeIgniter->run()
#9 {main}
CRITICAL - 2022-04-27 22:30:50 --> Illegal string offset 'c_id'
#0 /home/keyline1/public_html/dev/ecoex_portaldev/app/Views/admin/layout/approvalRequest.php(48): CodeIgniter\Debug\Exceptions->errorHandler(2, 'Illegal string ...', '/home/keyline1/...', 48, Array)
#1 /home/keyline1/public_html/dev/ecoex_portaldev/system/View/View.php(210): include('/home/keyline1/...')
#2 /home/keyline1/public_html/dev/ecoex_portaldev/system/View/View.php(213): CodeIgniter\View\View->CodeIgniter\View\{closure}()
#3 /home/keyline1/public_html/dev/ecoex_portaldev/system/Common.php(1089): CodeIgniter\View\View->render('admin/layout/ap...', Array, true)
#4 /home/keyline1/public_html/dev/ecoex_portaldev/app/Controllers/Admin/AdminController.php(202): view('admin/layout/ap...', Array)
#5 /home/keyline1/public_html/dev/ecoex_portaldev/system/CodeIgniter.php(832): App\Controllers\Admin\AdminController->approvalRequest()
#6 /home/keyline1/public_html/dev/ecoex_portaldev/system/CodeIgniter.php(419): CodeIgniter\CodeIgniter->runController(Object(App\Controllers\Admin\AdminController))
#7 /home/keyline1/public_html/dev/ecoex_portaldev/system/CodeIgniter.php(326): CodeIgniter\CodeIgniter->handleRequest(NULL, Object(Config\Cache), false)
#8 /home/keyline1/public_html/dev/ecoex_portaldev/index.php(37): CodeIgniter\CodeIgniter->run()
#9 {main}
CRITICAL - 2022-04-27 23:48:16 --> Invalid argument supplied for foreach()
#0 /home/keyline1/public_html/dev/ecoex_portaldev/app/Views/companyRegistrationStepTwo.php(94): CodeIgniter\Debug\Exceptions->errorHandler(2, 'Invalid argumen...', '/home/keyline1/...', 94, Array)
#1 /home/keyline1/public_html/dev/ecoex_portaldev/system/View/View.php(210): include('/home/keyline1/...')
#2 /home/keyline1/public_html/dev/ecoex_portaldev/system/View/View.php(213): CodeIgniter\View\View->CodeIgniter\View\{closure}()
#3 /home/keyline1/public_html/dev/ecoex_portaldev/system/Common.php(1089): CodeIgniter\View\View->render('companyRegistra...', Array, true)
#4 /home/keyline1/public_html/dev/ecoex_portaldev/app/Controllers/CompanyController.php(61): view('companyRegistra...', Array)
#5 /home/keyline1/public_html/dev/ecoex_portaldev/system/CodeIgniter.php(832): App\Controllers\CompanyController->companyRegistration('2')
#6 /home/keyline1/public_html/dev/ecoex_portaldev/system/CodeIgniter.php(419): CodeIgniter\CodeIgniter->runController(Object(App\Controllers\CompanyController))
#7 /home/keyline1/public_html/dev/ecoex_portaldev/system/CodeIgniter.php(326): CodeIgniter\CodeIgniter->handleRequest(NULL, Object(Config\Cache), false)
#8 /home/keyline1/public_html/dev/ecoex_portaldev/index.php(37): CodeIgniter\CodeIgniter->run()
#9 {main}
