CRITICAL - 2022-05-15 23:52:02 --> Invalid argument supplied for foreach()
#0 /home/keyline1/public_html/dev/ecoex_portaldev/app/Views/admin/layout/manageInquiry.php(34): CodeIgniter\Debug\Exceptions->errorHandler(2, 'Invalid argumen...', '/home/keyline1/...', 34, Array)
#1 /home/keyline1/public_html/dev/ecoex_portaldev/system/View/View.php(210): include('/home/keyline1/...')
#2 /home/keyline1/public_html/dev/ecoex_portaldev/system/View/View.php(213): CodeIgniter\View\View->CodeIgniter\View\{closure}()
#3 /home/keyline1/public_html/dev/ecoex_portaldev/system/Common.php(1089): CodeIgniter\View\View->render('admin/layout/ma...', Array, true)
#4 /home/keyline1/public_html/dev/ecoex_portaldev/app/Controllers/Admin/AdminController.php(379): view('admin/layout/ma...', Array)
#5 /home/keyline1/public_html/dev/ecoex_portaldev/system/CodeIgniter.php(832): App\Controllers\Admin\AdminController->manageInquiry()
#6 /home/keyline1/public_html/dev/ecoex_portaldev/system/CodeIgniter.php(419): CodeIgniter\CodeIgniter->runController(Object(App\Controllers\Admin\AdminController))
#7 /home/keyline1/public_html/dev/ecoex_portaldev/system/CodeIgniter.php(326): CodeIgniter\CodeIgniter->handleRequest(NULL, Object(Config\Cache), false)
#8 /home/keyline1/public_html/dev/ecoex_portaldev/index.php(37): CodeIgniter\CodeIgniter->run()
#9 {main}
CRITICAL - 2022-05-15 23:58:13 --> Invalid file: admin/layout/manageEnquiry.php
#0 /home/keyline1/public_html/dev/ecoex_portaldev/system/View/View.php(198): CodeIgniter\Exceptions\FrameworkException::forInvalidFile('admin/layout/ma...')
#1 /home/keyline1/public_html/dev/ecoex_portaldev/system/Common.php(1089): CodeIgniter\View\View->render('admin/layout/ma...', Array, true)
#2 /home/keyline1/public_html/dev/ecoex_portaldev/app/Controllers/Admin/AdminController.php(379): view('admin/layout/ma...', Array)
#3 /home/keyline1/public_html/dev/ecoex_portaldev/system/CodeIgniter.php(832): App\Controllers\Admin\AdminController->manageEnquiry()
#4 /home/keyline1/public_html/dev/ecoex_portaldev/system/CodeIgniter.php(419): CodeIgniter\CodeIgniter->runController(Object(App\Controllers\Admin\AdminController))
#5 /home/keyline1/public_html/dev/ecoex_portaldev/system/CodeIgniter.php(326): CodeIgniter\CodeIgniter->handleRequest(NULL, Object(Config\Cache), false)
#6 /home/keyline1/public_html/dev/ecoex_portaldev/index.php(37): CodeIgniter\CodeIgniter->run()
#7 {main}
