CRITICAL - 2022-07-13 01:30:39 --> Cannot redeclare App\Controllers\Admin\ReportController::memberTypeWiseReportView()
#0 [internal function]: CodeIgniter\Debug\Exceptions->shutdownHandler()
#1 {main}
CRITICAL - 2022-07-13 01:43:22 --> count(): Parameter must be an array or an object that implements Countable
#0 /home/keyline1/public_html/dev/ecoex_portaldev/app/Views/brand/manageInquiriesDetails.php(148): CodeIgniter\Debug\Exceptions->errorHandler(2, 'count(): Parame...', '/home/keyline1/...', 148, Array)
#1 /home/keyline1/public_html/dev/ecoex_portaldev/system/View/View.php(210): include('/home/keyline1/...')
#2 /home/keyline1/public_html/dev/ecoex_portaldev/system/View/View.php(213): CodeIgniter\View\View->CodeIgniter\View\{closure}()
#3 /home/keyline1/public_html/dev/ecoex_portaldev/system/Common.php(1089): CodeIgniter\View\View->render('brand/manageInq...', Array, true)
#4 /home/keyline1/public_html/dev/ecoex_portaldev/app/Controllers/Brand/DashboardController.php(647): view('brand/manageInq...', Array)
#5 /home/keyline1/public_html/dev/ecoex_portaldev/system/CodeIgniter.php(832): App\Controllers\Brand\DashboardController->manageInquiriesDetails('5')
#6 /home/keyline1/public_html/dev/ecoex_portaldev/system/CodeIgniter.php(419): CodeIgniter\CodeIgniter->runController(Object(App\Controllers\Brand\DashboardController))
#7 /home/keyline1/public_html/dev/ecoex_portaldev/system/CodeIgniter.php(326): CodeIgniter\CodeIgniter->handleRequest(NULL, Object(Config\Cache), false)
#8 /home/keyline1/public_html/dev/ecoex_portaldev/index.php(37): CodeIgniter\CodeIgniter->run()
#9 {main}
CRITICAL - 2022-07-13 03:21:06 --> syntax error, unexpected 'elseif' (T_ELSEIF)
#0 /home/keyline1/public_html/dev/ecoex_portaldev/system/View/View.php(213): CodeIgniter\View\View->CodeIgniter\View\{closure}()
#1 /home/keyline1/public_html/dev/ecoex_portaldev/system/Common.php(1089): CodeIgniter\View\View->render('user/inventoryL...', Array, true)
#2 /home/keyline1/public_html/dev/ecoex_portaldev/app/Controllers/User/DashboardController.php(211): view('user/inventoryL...', Array)
#3 /home/keyline1/public_html/dev/ecoex_portaldev/system/CodeIgniter.php(832): App\Controllers\User\DashboardController->inventoryList()
#4 /home/keyline1/public_html/dev/ecoex_portaldev/system/CodeIgniter.php(419): CodeIgniter\CodeIgniter->runController(Object(App\Controllers\User\DashboardController))
#5 /home/keyline1/public_html/dev/ecoex_portaldev/system/CodeIgniter.php(326): CodeIgniter\CodeIgniter->handleRequest(NULL, Object(Config\Cache), false)
#6 /home/keyline1/public_html/dev/ecoex_portaldev/index.php(37): CodeIgniter\CodeIgniter->run()
#7 {main}
CRITICAL - 2022-07-13 03:21:19 --> syntax error, unexpected 'else' (T_ELSE)
#0 /home/keyline1/public_html/dev/ecoex_portaldev/system/View/View.php(213): CodeIgniter\View\View->CodeIgniter\View\{closure}()
#1 /home/keyline1/public_html/dev/ecoex_portaldev/system/Common.php(1089): CodeIgniter\View\View->render('user/inventoryL...', Array, true)
#2 /home/keyline1/public_html/dev/ecoex_portaldev/app/Controllers/User/DashboardController.php(211): view('user/inventoryL...', Array)
#3 /home/keyline1/public_html/dev/ecoex_portaldev/system/CodeIgniter.php(832): App\Controllers\User\DashboardController->inventoryList()
#4 /home/keyline1/public_html/dev/ecoex_portaldev/system/CodeIgniter.php(419): CodeIgniter\CodeIgniter->runController(Object(App\Controllers\User\DashboardController))
#5 /home/keyline1/public_html/dev/ecoex_portaldev/system/CodeIgniter.php(326): CodeIgniter\CodeIgniter->handleRequest(NULL, Object(Config\Cache), false)
#6 /home/keyline1/public_html/dev/ecoex_portaldev/index.php(37): CodeIgniter\CodeIgniter->run()
#7 {main}
CRITICAL - 2022-07-13 03:48:45 --> count(): Parameter must be an array or an object that implements Countable
#0 /home/keyline1/public_html/dev/ecoex_portaldev/app/Views/brand/manageInquiriesDetails.php(148): CodeIgniter\Debug\Exceptions->errorHandler(2, 'count(): Parame...', '/home/keyline1/...', 148, Array)
#1 /home/keyline1/public_html/dev/ecoex_portaldev/system/View/View.php(210): include('/home/keyline1/...')
#2 /home/keyline1/public_html/dev/ecoex_portaldev/system/View/View.php(213): CodeIgniter\View\View->CodeIgniter\View\{closure}()
#3 /home/keyline1/public_html/dev/ecoex_portaldev/system/Common.php(1089): CodeIgniter\View\View->render('brand/manageInq...', Array, true)
#4 /home/keyline1/public_html/dev/ecoex_portaldev/app/Controllers/Brand/DashboardController.php(647): view('brand/manageInq...', Array)
#5 /home/keyline1/public_html/dev/ecoex_portaldev/system/CodeIgniter.php(832): App\Controllers\Brand\DashboardController->manageInquiriesDetails('5')
#6 /home/keyline1/public_html/dev/ecoex_portaldev/system/CodeIgniter.php(419): CodeIgniter\CodeIgniter->runController(Object(App\Controllers\Brand\DashboardController))
#7 /home/keyline1/public_html/dev/ecoex_portaldev/system/CodeIgniter.php(326): CodeIgniter\CodeIgniter->handleRequest(NULL, Object(Config\Cache), false)
#8 /home/keyline1/public_html/dev/ecoex_portaldev/index.php(37): CodeIgniter\CodeIgniter->run()
#9 {main}
CRITICAL - 2022-07-13 06:09:47 --> syntax error, unexpected ':'
#0 /home/keyline1/public_html/dev/ecoex_portaldev/system/Autoloader/Autoloader.php(241): CodeIgniter\Autoloader\Autoloader->includeFile('/home/keyline1/...')
#1 /home/keyline1/public_html/dev/ecoex_portaldev/system/Autoloader/Autoloader.php(219): CodeIgniter\Autoloader\Autoloader->loadInNamespace('App\\Controllers...')
#2 [internal function]: CodeIgniter\Autoloader\Autoloader->loadClass('App\\Controllers...')
#3 [internal function]: spl_autoload_call('App\\Controllers...')
#4 /home/keyline1/public_html/dev/ecoex_portaldev/system/CodeIgniter.php(797): class_exists('\\App\\Controller...', true)
#5 /home/keyline1/public_html/dev/ecoex_portaldev/system/CodeIgniter.php(406): CodeIgniter\CodeIgniter->startController()
#6 /home/keyline1/public_html/dev/ecoex_portaldev/system/CodeIgniter.php(326): CodeIgniter\CodeIgniter->handleRequest(NULL, Object(Config\Cache), false)
#7 /home/keyline1/public_html/dev/ecoex_portaldev/index.php(37): CodeIgniter\CodeIgniter->run()
#8 {main}
