CRITICAL - 2022-05-27 08:40:53 --> Call to a member function getCityListById() on null
#0 /home/keyline1/public_html/dev/ecoex_portaldev/system/View/View.php(210): include()
#1 /home/keyline1/public_html/dev/ecoex_portaldev/system/View/View.php(213): CodeIgniter\View\View->CodeIgniter\View\{closure}()
#2 /home/keyline1/public_html/dev/ecoex_portaldev/system/Common.php(1089): CodeIgniter\View\View->render('admin/layout/ed...', Array, true)
#3 /home/keyline1/public_html/dev/ecoex_portaldev/app/Controllers/Admin/AdminController.php(463): view('admin/layout/ed...', Array)
#4 /home/keyline1/public_html/dev/ecoex_portaldev/system/CodeIgniter.php(832): App\Controllers\Admin\AdminController->editCompany('3')
#5 /home/keyline1/public_html/dev/ecoex_portaldev/system/CodeIgniter.php(419): CodeIgniter\CodeIgniter->runController(Object(App\Controllers\Admin\AdminController))
#6 /home/keyline1/public_html/dev/ecoex_portaldev/system/CodeIgniter.php(326): CodeIgniter\CodeIgniter->handleRequest(NULL, Object(Config\Cache), false)
#7 /home/keyline1/public_html/dev/ecoex_portaldev/index.php(37): CodeIgniter\CodeIgniter->run()
#8 {main}
CRITICAL - 2022-05-27 08:41:12 --> You must set the database table to be used with your query.
#0 /home/keyline1/public_html/dev/ecoex_portaldev/system/Model.php(545): CodeIgniter\Database\BaseConnection->table(NULL)
#1 /home/keyline1/public_html/dev/ecoex_portaldev/system/Model.php(722): CodeIgniter\Model->builder()
#2 /home/keyline1/public_html/dev/ecoex_portaldev/app/Views/admin/layout/editCompanyDetails.php(18): CodeIgniter\Model->__call('getCityListById', Array)
#3 /home/keyline1/public_html/dev/ecoex_portaldev/system/View/View.php(210): include('/home/keyline1/...')
#4 /home/keyline1/public_html/dev/ecoex_portaldev/system/View/View.php(213): CodeIgniter\View\View->CodeIgniter\View\{closure}()
#5 /home/keyline1/public_html/dev/ecoex_portaldev/system/Common.php(1089): CodeIgniter\View\View->render('admin/layout/ed...', Array, true)
#6 /home/keyline1/public_html/dev/ecoex_portaldev/app/Controllers/Admin/AdminController.php(463): view('admin/layout/ed...', Array)
#7 /home/keyline1/public_html/dev/ecoex_portaldev/system/CodeIgniter.php(832): App\Controllers\Admin\AdminController->editCompany('3')
#8 /home/keyline1/public_html/dev/ecoex_portaldev/system/CodeIgniter.php(419): CodeIgniter\CodeIgniter->runController(Object(App\Controllers\Admin\AdminController))
#9 /home/keyline1/public_html/dev/ecoex_portaldev/system/CodeIgniter.php(326): CodeIgniter\CodeIgniter->handleRequest(NULL, Object(Config\Cache), false)
#10 /home/keyline1/public_html/dev/ecoex_portaldev/index.php(37): CodeIgniter\CodeIgniter->run()
#11 {main}
CRITICAL - 2022-05-27 09:06:20 --> session_unset() expects exactly 0 parameters, 1 given
#0 [internal function]: CodeIgniter\Debug\Exceptions->errorHandler(2, 'session_unset()...', '/home/keyline1/...', 36, Array)
#1 /home/keyline1/public_html/dev/ecoex_portaldev/app/Views/admin/layout/memberDetail.php(36): session_unset('Details Updated...')
#2 /home/keyline1/public_html/dev/ecoex_portaldev/system/View/View.php(210): include('/home/keyline1/...')
#3 /home/keyline1/public_html/dev/ecoex_portaldev/system/View/View.php(213): CodeIgniter\View\View->CodeIgniter\View\{closure}()
#4 /home/keyline1/public_html/dev/ecoex_portaldev/system/Common.php(1089): CodeIgniter\View\View->render('admin/layout/me...', Array, true)
#5 /home/keyline1/public_html/dev/ecoex_portaldev/app/Controllers/Admin/AdminController.php(251): view('admin/layout/me...', Array)
#6 /home/keyline1/public_html/dev/ecoex_portaldev/system/CodeIgniter.php(832): App\Controllers\Admin\AdminController->memberDetail('3')
#7 /home/keyline1/public_html/dev/ecoex_portaldev/system/CodeIgniter.php(419): CodeIgniter\CodeIgniter->runController(Object(App\Controllers\Admin\AdminController))
#8 /home/keyline1/public_html/dev/ecoex_portaldev/system/CodeIgniter.php(326): CodeIgniter\CodeIgniter->handleRequest(NULL, Object(Config\Cache), false)
#9 /home/keyline1/public_html/dev/ecoex_portaldev/index.php(37): CodeIgniter\CodeIgniter->run()
#10 {main}
CRITICAL - 2022-05-27 09:07:26 --> Call to undefined method CodeIgniter\Session\Session::unset()
#0 /home/keyline1/public_html/dev/ecoex_portaldev/system/CodeIgniter.php(832): App\Controllers\Admin\AdminController->memberDetail('3')
#1 /home/keyline1/public_html/dev/ecoex_portaldev/system/CodeIgniter.php(419): CodeIgniter\CodeIgniter->runController(Object(App\Controllers\Admin\AdminController))
#2 /home/keyline1/public_html/dev/ecoex_portaldev/system/CodeIgniter.php(326): CodeIgniter\CodeIgniter->handleRequest(NULL, Object(Config\Cache), false)
#3 /home/keyline1/public_html/dev/ecoex_portaldev/index.php(37): CodeIgniter\CodeIgniter->run()
#4 {main}
CRITICAL - 2022-05-27 09:07:53 --> Call to a member function unset() on null
#0 /home/keyline1/public_html/dev/ecoex_portaldev/system/CodeIgniter.php(832): App\Controllers\Admin\AdminController->memberDetail('3')
#1 /home/keyline1/public_html/dev/ecoex_portaldev/system/CodeIgniter.php(419): CodeIgniter\CodeIgniter->runController(Object(App\Controllers\Admin\AdminController))
#2 /home/keyline1/public_html/dev/ecoex_portaldev/system/CodeIgniter.php(326): CodeIgniter\CodeIgniter->handleRequest(NULL, Object(Config\Cache), false)
#3 /home/keyline1/public_html/dev/ecoex_portaldev/index.php(37): CodeIgniter\CodeIgniter->run()
#4 {main}
CRITICAL - 2022-05-27 09:46:23 --> Cannot use object of type stdClass as array
#0 /home/keyline1/public_html/dev/ecoex_portaldev/system/View/View.php(210): include()
#1 /home/keyline1/public_html/dev/ecoex_portaldev/system/View/View.php(213): CodeIgniter\View\View->CodeIgniter\View\{closure}()
#2 /home/keyline1/public_html/dev/ecoex_portaldev/system/Common.php(1089): CodeIgniter\View\View->render('admin/layout/ed...', Array, true)
#3 /home/keyline1/public_html/dev/ecoex_portaldev/app/Controllers/Admin/AdminController.php(465): view('admin/layout/ed...', Array)
#4 /home/keyline1/public_html/dev/ecoex_portaldev/system/CodeIgniter.php(832): App\Controllers\Admin\AdminController->editCompany('2')
#5 /home/keyline1/public_html/dev/ecoex_portaldev/system/CodeIgniter.php(419): CodeIgniter\CodeIgniter->runController(Object(App\Controllers\Admin\AdminController))
#6 /home/keyline1/public_html/dev/ecoex_portaldev/system/CodeIgniter.php(326): CodeIgniter\CodeIgniter->handleRequest(NULL, Object(Config\Cache), false)
#7 /home/keyline1/public_html/dev/ecoex_portaldev/index.php(37): CodeIgniter\CodeIgniter->run()
#8 {main}
