CRITICAL - 2022-05-05 01:16:13 --> Argument 1 passed to CodeIgniter\Router\RouteCollection::match() must be of the type array, string given, called in /home/keyline1/public_html/dev/ecoex_portaldev/app/Config/Routes.php on line 101
#0 /home/keyline1/public_html/dev/ecoex_portaldev/app/Config/Routes.php(101): CodeIgniter\Router\RouteCollection->match('addTargetByCity...', 'DashboardContro...')
#1 /home/keyline1/public_html/dev/ecoex_portaldev/system/Router/RouteCollection.php(607): CodeIgniter\CodeIgniter->Config\{closure}(Object(CodeIgniter\Router\RouteCollection))
#2 /home/keyline1/public_html/dev/ecoex_portaldev/app/Config/Routes.php(103): CodeIgniter\Router\RouteCollection->group('brand', Array, Object(Closure))
#3 /home/keyline1/public_html/dev/ecoex_portaldev/system/CodeIgniter.php(713): require('/home/keyline1/...')
#4 /home/keyline1/public_html/dev/ecoex_portaldev/system/CodeIgniter.php(368): CodeIgniter\CodeIgniter->tryToRouteIt(Object(CodeIgniter\Router\RouteCollection))
#5 /home/keyline1/public_html/dev/ecoex_portaldev/system/CodeIgniter.php(326): CodeIgniter\CodeIgniter->handleRequest(NULL, Object(Config\Cache), false)
#6 /home/keyline1/public_html/dev/ecoex_portaldev/index.php(37): CodeIgniter\CodeIgniter->run()
#7 {main}
CRITICAL - 2022-05-05 01:16:31 --> Argument 1 passed to CodeIgniter\Router\RouteCollection::match() must be of the type array, string given, called in /home/keyline1/public_html/dev/ecoex_portaldev/app/Config/Routes.php on line 101
#0 /home/keyline1/public_html/dev/ecoex_portaldev/app/Config/Routes.php(101): CodeIgniter\Router\RouteCollection->match('addTargetByCity...', 'DashboardContro...')
#1 /home/keyline1/public_html/dev/ecoex_portaldev/system/Router/RouteCollection.php(607): CodeIgniter\CodeIgniter->Config\{closure}(Object(CodeIgniter\Router\RouteCollection))
#2 /home/keyline1/public_html/dev/ecoex_portaldev/app/Config/Routes.php(103): CodeIgniter\Router\RouteCollection->group('brand', Array, Object(Closure))
#3 /home/keyline1/public_html/dev/ecoex_portaldev/system/CodeIgniter.php(713): require('/home/keyline1/...')
#4 /home/keyline1/public_html/dev/ecoex_portaldev/system/CodeIgniter.php(368): CodeIgniter\CodeIgniter->tryToRouteIt(Object(CodeIgniter\Router\RouteCollection))
#5 /home/keyline1/public_html/dev/ecoex_portaldev/system/CodeIgniter.php(326): CodeIgniter\CodeIgniter->handleRequest(NULL, Object(Config\Cache), false)
#6 /home/keyline1/public_html/dev/ecoex_portaldev/index.php(37): CodeIgniter\CodeIgniter->run()
#7 {main}
CRITICAL - 2022-05-05 01:16:34 --> Argument 1 passed to CodeIgniter\Router\RouteCollection::match() must be of the type array, string given, called in /home/keyline1/public_html/dev/ecoex_portaldev/app/Config/Routes.php on line 101
#0 /home/keyline1/public_html/dev/ecoex_portaldev/app/Config/Routes.php(101): CodeIgniter\Router\RouteCollection->match('addTargetByCity...', 'DashboardContro...')
#1 /home/keyline1/public_html/dev/ecoex_portaldev/system/Router/RouteCollection.php(607): CodeIgniter\CodeIgniter->Config\{closure}(Object(CodeIgniter\Router\RouteCollection))
#2 /home/keyline1/public_html/dev/ecoex_portaldev/app/Config/Routes.php(103): CodeIgniter\Router\RouteCollection->group('brand', Array, Object(Closure))
#3 /home/keyline1/public_html/dev/ecoex_portaldev/system/CodeIgniter.php(713): require('/home/keyline1/...')
#4 /home/keyline1/public_html/dev/ecoex_portaldev/system/CodeIgniter.php(368): CodeIgniter\CodeIgniter->tryToRouteIt(Object(CodeIgniter\Router\RouteCollection))
#5 /home/keyline1/public_html/dev/ecoex_portaldev/system/CodeIgniter.php(326): CodeIgniter\CodeIgniter->handleRequest(NULL, Object(Config\Cache), false)
#6 /home/keyline1/public_html/dev/ecoex_portaldev/index.php(37): CodeIgniter\CodeIgniter->run()
#7 {main}
CRITICAL - 2022-05-05 01:16:44 --> Argument 1 passed to CodeIgniter\Router\RouteCollection::match() must be of the type array, string given, called in /home/keyline1/public_html/dev/ecoex_portaldev/app/Config/Routes.php on line 101
#0 /home/keyline1/public_html/dev/ecoex_portaldev/app/Config/Routes.php(101): CodeIgniter\Router\RouteCollection->match('addTargetByCity...', 'DashboardContro...')
#1 /home/keyline1/public_html/dev/ecoex_portaldev/system/Router/RouteCollection.php(607): CodeIgniter\CodeIgniter->Config\{closure}(Object(CodeIgniter\Router\RouteCollection))
#2 /home/keyline1/public_html/dev/ecoex_portaldev/app/Config/Routes.php(103): CodeIgniter\Router\RouteCollection->group('brand', Array, Object(Closure))
#3 /home/keyline1/public_html/dev/ecoex_portaldev/system/CodeIgniter.php(713): require('/home/keyline1/...')
#4 /home/keyline1/public_html/dev/ecoex_portaldev/system/CodeIgniter.php(368): CodeIgniter\CodeIgniter->tryToRouteIt(Object(CodeIgniter\Router\RouteCollection))
#5 /home/keyline1/public_html/dev/ecoex_portaldev/system/CodeIgniter.php(326): CodeIgniter\CodeIgniter->handleRequest(NULL, Object(Config\Cache), false)
#6 /home/keyline1/public_html/dev/ecoex_portaldev/index.php(37): CodeIgniter\CodeIgniter->run()
#7 {main}
CRITICAL - 2022-05-05 01:16:46 --> Argument 1 passed to CodeIgniter\Router\RouteCollection::match() must be of the type array, string given, called in /home/keyline1/public_html/dev/ecoex_portaldev/app/Config/Routes.php on line 101
#0 /home/keyline1/public_html/dev/ecoex_portaldev/app/Config/Routes.php(101): CodeIgniter\Router\RouteCollection->match('addTargetByCity...', 'DashboardContro...')
#1 /home/keyline1/public_html/dev/ecoex_portaldev/system/Router/RouteCollection.php(607): CodeIgniter\CodeIgniter->Config\{closure}(Object(CodeIgniter\Router\RouteCollection))
#2 /home/keyline1/public_html/dev/ecoex_portaldev/app/Config/Routes.php(103): CodeIgniter\Router\RouteCollection->group('brand', Array, Object(Closure))
#3 /home/keyline1/public_html/dev/ecoex_portaldev/system/CodeIgniter.php(713): require('/home/keyline1/...')
#4 /home/keyline1/public_html/dev/ecoex_portaldev/system/CodeIgniter.php(368): CodeIgniter\CodeIgniter->tryToRouteIt(Object(CodeIgniter\Router\RouteCollection))
#5 /home/keyline1/public_html/dev/ecoex_portaldev/system/CodeIgniter.php(326): CodeIgniter\CodeIgniter->handleRequest(NULL, Object(Config\Cache), false)
#6 /home/keyline1/public_html/dev/ecoex_portaldev/index.php(37): CodeIgniter\CodeIgniter->run()
#7 {main}
CRITICAL - 2022-05-05 01:16:49 --> Argument 1 passed to CodeIgniter\Router\RouteCollection::match() must be of the type array, string given, called in /home/keyline1/public_html/dev/ecoex_portaldev/app/Config/Routes.php on line 101
#0 /home/keyline1/public_html/dev/ecoex_portaldev/app/Config/Routes.php(101): CodeIgniter\Router\RouteCollection->match('addTargetByCity...', 'DashboardContro...')
#1 /home/keyline1/public_html/dev/ecoex_portaldev/system/Router/RouteCollection.php(607): CodeIgniter\CodeIgniter->Config\{closure}(Object(CodeIgniter\Router\RouteCollection))
#2 /home/keyline1/public_html/dev/ecoex_portaldev/app/Config/Routes.php(103): CodeIgniter\Router\RouteCollection->group('brand', Array, Object(Closure))
#3 /home/keyline1/public_html/dev/ecoex_portaldev/system/CodeIgniter.php(713): require('/home/keyline1/...')
#4 /home/keyline1/public_html/dev/ecoex_portaldev/system/CodeIgniter.php(368): CodeIgniter\CodeIgniter->tryToRouteIt(Object(CodeIgniter\Router\RouteCollection))
#5 /home/keyline1/public_html/dev/ecoex_portaldev/system/CodeIgniter.php(326): CodeIgniter\CodeIgniter->handleRequest(NULL, Object(Config\Cache), false)
#6 /home/keyline1/public_html/dev/ecoex_portaldev/index.php(37): CodeIgniter\CodeIgniter->run()
#7 {main}
CRITICAL - 2022-05-05 01:16:50 --> Argument 1 passed to CodeIgniter\Router\RouteCollection::match() must be of the type array, string given, called in /home/keyline1/public_html/dev/ecoex_portaldev/app/Config/Routes.php on line 101
#0 /home/keyline1/public_html/dev/ecoex_portaldev/app/Config/Routes.php(101): CodeIgniter\Router\RouteCollection->match('addTargetByCity...', 'DashboardContro...')
#1 /home/keyline1/public_html/dev/ecoex_portaldev/system/Router/RouteCollection.php(607): CodeIgniter\CodeIgniter->Config\{closure}(Object(CodeIgniter\Router\RouteCollection))
#2 /home/keyline1/public_html/dev/ecoex_portaldev/app/Config/Routes.php(103): CodeIgniter\Router\RouteCollection->group('brand', Array, Object(Closure))
#3 /home/keyline1/public_html/dev/ecoex_portaldev/system/CodeIgniter.php(713): require('/home/keyline1/...')
#4 /home/keyline1/public_html/dev/ecoex_portaldev/system/CodeIgniter.php(368): CodeIgniter\CodeIgniter->tryToRouteIt(Object(CodeIgniter\Router\RouteCollection))
#5 /home/keyline1/public_html/dev/ecoex_portaldev/system/CodeIgniter.php(326): CodeIgniter\CodeIgniter->handleRequest(NULL, Object(Config\Cache), false)
#6 /home/keyline1/public_html/dev/ecoex_portaldev/index.php(37): CodeIgniter\CodeIgniter->run()
#7 {main}
CRITICAL - 2022-05-05 01:28:37 --> Argument 1 passed to CodeIgniter\Router\RouteCollection::match() must be of the type array, string given, called in /home/keyline1/public_html/dev/ecoex_portaldev/app/Config/Routes.php on line 101
#0 /home/keyline1/public_html/dev/ecoex_portaldev/app/Config/Routes.php(101): CodeIgniter\Router\RouteCollection->match('addTargetByCity...', 'DashboardContro...')
#1 /home/keyline1/public_html/dev/ecoex_portaldev/system/Router/RouteCollection.php(607): CodeIgniter\CodeIgniter->Config\{closure}(Object(CodeIgniter\Router\RouteCollection))
#2 /home/keyline1/public_html/dev/ecoex_portaldev/app/Config/Routes.php(103): CodeIgniter\Router\RouteCollection->group('brand', Array, Object(Closure))
#3 /home/keyline1/public_html/dev/ecoex_portaldev/system/CodeIgniter.php(713): require('/home/keyline1/...')
#4 /home/keyline1/public_html/dev/ecoex_portaldev/system/CodeIgniter.php(368): CodeIgniter\CodeIgniter->tryToRouteIt(Object(CodeIgniter\Router\RouteCollection))
#5 /home/keyline1/public_html/dev/ecoex_portaldev/system/CodeIgniter.php(326): CodeIgniter\CodeIgniter->handleRequest(NULL, Object(Config\Cache), false)
#6 /home/keyline1/public_html/dev/ecoex_portaldev/index.php(37): CodeIgniter\CodeIgniter->run()
#7 {main}
CRITICAL - 2022-05-05 01:44:43 --> Invalid argument supplied for foreach()
#0 /home/keyline1/public_html/dev/ecoex_portaldev/app/Views/brand/addTargetByDistrict.php(73): CodeIgniter\Debug\Exceptions->errorHandler(2, 'Invalid argumen...', '/home/keyline1/...', 73, Array)
#1 /home/keyline1/public_html/dev/ecoex_portaldev/system/View/View.php(210): include('/home/keyline1/...')
#2 /home/keyline1/public_html/dev/ecoex_portaldev/system/View/View.php(213): CodeIgniter\View\View->CodeIgniter\View\{closure}()
#3 /home/keyline1/public_html/dev/ecoex_portaldev/system/Common.php(1089): CodeIgniter\View\View->render('brand/addTarget...', Array, true)
#4 /home/keyline1/public_html/dev/ecoex_portaldev/app/Controllers/Brand/DashboardController.php(116): view('brand/addTarget...', Array)
#5 /home/keyline1/public_html/dev/ecoex_portaldev/system/CodeIgniter.php(832): App\Controllers\Brand\DashboardController->addTargetByDistrict()
#6 /home/keyline1/public_html/dev/ecoex_portaldev/system/CodeIgniter.php(419): CodeIgniter\CodeIgniter->runController(Object(App\Controllers\Brand\DashboardController))
#7 /home/keyline1/public_html/dev/ecoex_portaldev/system/CodeIgniter.php(326): CodeIgniter\CodeIgniter->handleRequest(NULL, Object(Config\Cache), false)
#8 /home/keyline1/public_html/dev/ecoex_portaldev/index.php(37): CodeIgniter\CodeIgniter->run()
#9 {main}
CRITICAL - 2022-05-05 04:16:32 --> Class 'App\Controllers\Brand\BaseControlleer' not found
#0 /home/keyline1/public_html/dev/ecoex_portaldev/system/Autoloader/Autoloader.php(264): include_once()
#1 /home/keyline1/public_html/dev/ecoex_portaldev/system/Autoloader/Autoloader.php(241): CodeIgniter\Autoloader\Autoloader->includeFile('/home/keyline1/...')
#2 /home/keyline1/public_html/dev/ecoex_portaldev/system/Autoloader/Autoloader.php(219): CodeIgniter\Autoloader\Autoloader->loadInNamespace('App\\Controllers...')
#3 [internal function]: CodeIgniter\Autoloader\Autoloader->loadClass('App\\Controllers...')
#4 [internal function]: spl_autoload_call('App\\Controllers...')
#5 /home/keyline1/public_html/dev/ecoex_portaldev/system/CodeIgniter.php(797): class_exists('\\App\\Controller...', true)
#6 /home/keyline1/public_html/dev/ecoex_portaldev/system/CodeIgniter.php(406): CodeIgniter\CodeIgniter->startController()
#7 /home/keyline1/public_html/dev/ecoex_portaldev/system/CodeIgniter.php(326): CodeIgniter\CodeIgniter->handleRequest(NULL, Object(Config\Cache), false)
#8 /home/keyline1/public_html/dev/ecoex_portaldev/index.php(37): CodeIgniter\CodeIgniter->run()
#9 {main}
CRITICAL - 2022-05-05 04:37:03 --> You must set the database table to be used with your query.
#0 /home/keyline1/public_html/dev/ecoex_portaldev/system/Model.php(545): CodeIgniter\Database\BaseConnection->table(NULL)
#1 /home/keyline1/public_html/dev/ecoex_portaldev/system/Model.php(722): CodeIgniter\Model->builder()
#2 /home/keyline1/public_html/dev/ecoex_portaldev/app/Views/brand/addTargetByCity.php(77): CodeIgniter\Model->__call('getDistrictByDi...', Array)
#3 /home/keyline1/public_html/dev/ecoex_portaldev/system/View/View.php(210): include('/home/keyline1/...')
#4 /home/keyline1/public_html/dev/ecoex_portaldev/system/View/View.php(213): CodeIgniter\View\View->CodeIgniter\View\{closure}()
#5 /home/keyline1/public_html/dev/ecoex_portaldev/system/Common.php(1089): CodeIgniter\View\View->render('brand/addTarget...', Array, true)
#6 /home/keyline1/public_html/dev/ecoex_portaldev/app/Controllers/Brand/DashboardController.php(145): view('brand/addTarget...', Array)
#7 /home/keyline1/public_html/dev/ecoex_portaldev/system/CodeIgniter.php(832): App\Controllers\Brand\DashboardController->addTargetByCity()
#8 /home/keyline1/public_html/dev/ecoex_portaldev/system/CodeIgniter.php(419): CodeIgniter\CodeIgniter->runController(Object(App\Controllers\Brand\DashboardController))
#9 /home/keyline1/public_html/dev/ecoex_portaldev/system/CodeIgniter.php(326): CodeIgniter\CodeIgniter->handleRequest(NULL, Object(Config\Cache), false)
#10 /home/keyline1/public_html/dev/ecoex_portaldev/index.php(37): CodeIgniter\CodeIgniter->run()
#11 {main}
CRITICAL - 2022-05-05 04:45:51 --> Call to a member function getTargetDataByDistrictTarget() on null
#0 /home/keyline1/public_html/dev/ecoex_portaldev/system/View/View.php(210): include()
#1 /home/keyline1/public_html/dev/ecoex_portaldev/system/View/View.php(213): CodeIgniter\View\View->CodeIgniter\View\{closure}()
#2 /home/keyline1/public_html/dev/ecoex_portaldev/system/Common.php(1089): CodeIgniter\View\View->render('brand/addTarget...', Array, true)
#3 /home/keyline1/public_html/dev/ecoex_portaldev/app/Controllers/Brand/DashboardController.php(145): view('brand/addTarget...', Array)
#4 /home/keyline1/public_html/dev/ecoex_portaldev/system/CodeIgniter.php(832): App\Controllers\Brand\DashboardController->addTargetByCity()
#5 /home/keyline1/public_html/dev/ecoex_portaldev/system/CodeIgniter.php(419): CodeIgniter\CodeIgniter->runController(Object(App\Controllers\Brand\DashboardController))
#6 /home/keyline1/public_html/dev/ecoex_portaldev/system/CodeIgniter.php(326): CodeIgniter\CodeIgniter->handleRequest(NULL, Object(Config\Cache), false)
#7 /home/keyline1/public_html/dev/ecoex_portaldev/index.php(37): CodeIgniter\CodeIgniter->run()
#8 {main}
CRITICAL - 2022-05-05 04:46:11 --> You must set the database table to be used with your query.
#0 /home/keyline1/public_html/dev/ecoex_portaldev/system/Model.php(545): CodeIgniter\Database\BaseConnection->table(NULL)
#1 /home/keyline1/public_html/dev/ecoex_portaldev/system/Model.php(722): CodeIgniter\Model->builder()
#2 /home/keyline1/public_html/dev/ecoex_portaldev/app/Views/brand/addTargetByCity.php(80): CodeIgniter\Model->__call('getDistrictByDi...', Array)
#3 /home/keyline1/public_html/dev/ecoex_portaldev/system/View/View.php(210): include('/home/keyline1/...')
#4 /home/keyline1/public_html/dev/ecoex_portaldev/system/View/View.php(213): CodeIgniter\View\View->CodeIgniter\View\{closure}()
#5 /home/keyline1/public_html/dev/ecoex_portaldev/system/Common.php(1089): CodeIgniter\View\View->render('brand/addTarget...', Array, true)
#6 /home/keyline1/public_html/dev/ecoex_portaldev/app/Controllers/Brand/DashboardController.php(145): view('brand/addTarget...', Array)
#7 /home/keyline1/public_html/dev/ecoex_portaldev/system/CodeIgniter.php(832): App\Controllers\Brand\DashboardController->addTargetByCity()
#8 /home/keyline1/public_html/dev/ecoex_portaldev/system/CodeIgniter.php(419): CodeIgniter\CodeIgniter->runController(Object(App\Controllers\Brand\DashboardController))
#9 /home/keyline1/public_html/dev/ecoex_portaldev/system/CodeIgniter.php(326): CodeIgniter\CodeIgniter->handleRequest(NULL, Object(Config\Cache), false)
#10 /home/keyline1/public_html/dev/ecoex_portaldev/index.php(37): CodeIgniter\CodeIgniter->run()
#11 {main}
CRITICAL - 2022-05-05 04:46:53 --> You must set the database table to be used with your query.
#0 /home/keyline1/public_html/dev/ecoex_portaldev/system/Model.php(545): CodeIgniter\Database\BaseConnection->table(NULL)
#1 /home/keyline1/public_html/dev/ecoex_portaldev/system/Model.php(722): CodeIgniter\Model->builder()
#2 /home/keyline1/public_html/dev/ecoex_portaldev/app/Views/brand/addTargetByCity.php(80): CodeIgniter\Model->__call('getDistrictByDi...', Array)
#3 /home/keyline1/public_html/dev/ecoex_portaldev/system/View/View.php(210): include('/home/keyline1/...')
#4 /home/keyline1/public_html/dev/ecoex_portaldev/system/View/View.php(213): CodeIgniter\View\View->CodeIgniter\View\{closure}()
#5 /home/keyline1/public_html/dev/ecoex_portaldev/system/Common.php(1089): CodeIgniter\View\View->render('brand/addTarget...', Array, true)
#6 /home/keyline1/public_html/dev/ecoex_portaldev/app/Controllers/Brand/DashboardController.php(145): view('brand/addTarget...', Array)
#7 /home/keyline1/public_html/dev/ecoex_portaldev/system/CodeIgniter.php(832): App\Controllers\Brand\DashboardController->addTargetByCity()
#8 /home/keyline1/public_html/dev/ecoex_portaldev/system/CodeIgniter.php(419): CodeIgniter\CodeIgniter->runController(Object(App\Controllers\Brand\DashboardController))
#9 /home/keyline1/public_html/dev/ecoex_portaldev/system/CodeIgniter.php(326): CodeIgniter\CodeIgniter->handleRequest(NULL, Object(Config\Cache), false)
#10 /home/keyline1/public_html/dev/ecoex_portaldev/index.php(37): CodeIgniter\CodeIgniter->run()
#11 {main}
