CRITICAL - 2022-04-23 03:30:33 --> Your zlib.output_compression ini directive is turned on. This will not work well with output buffers.
#0 /home/keyline1/public_html/dev/ecoex_portaldev/avijit/app/Config/Events.php(28): CodeIgniter\Exceptions\FrameworkException::forEnabledZlibOutputCompression()
#1 /home/keyline1/public_html/dev/ecoex_portaldev/avijit/system/Events/Events.php(149): CodeIgniter\Events\Events::Config\{closure}()
#2 /home/keyline1/public_html/dev/ecoex_portaldev/avijit/system/CodeIgniter.php(308): CodeIgniter\Events\Events::trigger('pre_system')
#3 /home/keyline1/public_html/dev/ecoex_portaldev/avijit/index.php(37): CodeIgniter\CodeIgniter->run()
#4 {main}
CRITICAL - 2022-04-23 03:31:14 --> Your zlib.output_compression ini directive is turned on. This will not work well with output buffers.
#0 /home/keyline1/public_html/dev/ecoex_portaldev/avijit/app/Config/Events.php(28): CodeIgniter\Exceptions\FrameworkException::forEnabledZlibOutputCompression()
#1 /home/keyline1/public_html/dev/ecoex_portaldev/avijit/system/Events/Events.php(149): CodeIgniter\Events\Events::Config\{closure}()
#2 /home/keyline1/public_html/dev/ecoex_portaldev/avijit/system/CodeIgniter.php(308): CodeIgniter\Events\Events::trigger('pre_system')
#3 /home/keyline1/public_html/dev/ecoex_portaldev/avijit/index.php(37): CodeIgniter\CodeIgniter->run()
#4 {main}
CRITICAL - 2022-04-23 03:31:17 --> Your zlib.output_compression ini directive is turned on. This will not work well with output buffers.
#0 /home/keyline1/public_html/dev/ecoex_portaldev/avijit/app/Config/Events.php(28): CodeIgniter\Exceptions\FrameworkException::forEnabledZlibOutputCompression()
#1 /home/keyline1/public_html/dev/ecoex_portaldev/avijit/system/Events/Events.php(149): CodeIgniter\Events\Events::Config\{closure}()
#2 /home/keyline1/public_html/dev/ecoex_portaldev/avijit/system/CodeIgniter.php(308): CodeIgniter\Events\Events::trigger('pre_system')
#3 /home/keyline1/public_html/dev/ecoex_portaldev/avijit/index.php(37): CodeIgniter\CodeIgniter->run()
#4 {main}
CRITICAL - 2022-04-23 03:31:18 --> Your zlib.output_compression ini directive is turned on. This will not work well with output buffers.
#0 /home/keyline1/public_html/dev/ecoex_portaldev/avijit/app/Config/Events.php(28): CodeIgniter\Exceptions\FrameworkException::forEnabledZlibOutputCompression()
#1 /home/keyline1/public_html/dev/ecoex_portaldev/avijit/system/Events/Events.php(149): CodeIgniter\Events\Events::Config\{closure}()
#2 /home/keyline1/public_html/dev/ecoex_portaldev/avijit/system/CodeIgniter.php(308): CodeIgniter\Events\Events::trigger('pre_system')
#3 /home/keyline1/public_html/dev/ecoex_portaldev/avijit/index.php(37): CodeIgniter\CodeIgniter->run()
#4 {main}
CRITICAL - 2022-04-23 03:31:20 --> Your zlib.output_compression ini directive is turned on. This will not work well with output buffers.
#0 /home/keyline1/public_html/dev/ecoex_portaldev/avijit/app/Config/Events.php(28): CodeIgniter\Exceptions\FrameworkException::forEnabledZlibOutputCompression()
#1 /home/keyline1/public_html/dev/ecoex_portaldev/avijit/system/Events/Events.php(149): CodeIgniter\Events\Events::Config\{closure}()
#2 /home/keyline1/public_html/dev/ecoex_portaldev/avijit/system/CodeIgniter.php(308): CodeIgniter\Events\Events::trigger('pre_system')
#3 /home/keyline1/public_html/dev/ecoex_portaldev/avijit/index.php(37): CodeIgniter\CodeIgniter->run()
#4 {main}
CRITICAL - 2022-04-23 03:31:20 --> Your zlib.output_compression ini directive is turned on. This will not work well with output buffers.
#0 /home/keyline1/public_html/dev/ecoex_portaldev/avijit/app/Config/Events.php(28): CodeIgniter\Exceptions\FrameworkException::forEnabledZlibOutputCompression()
#1 /home/keyline1/public_html/dev/ecoex_portaldev/avijit/system/Events/Events.php(149): CodeIgniter\Events\Events::Config\{closure}()
#2 /home/keyline1/public_html/dev/ecoex_portaldev/avijit/system/CodeIgniter.php(308): CodeIgniter\Events\Events::trigger('pre_system')
#3 /home/keyline1/public_html/dev/ecoex_portaldev/avijit/index.php(37): CodeIgniter\CodeIgniter->run()
#4 {main}
CRITICAL - 2022-04-23 03:31:21 --> Your zlib.output_compression ini directive is turned on. This will not work well with output buffers.
#0 /home/keyline1/public_html/dev/ecoex_portaldev/avijit/app/Config/Events.php(28): CodeIgniter\Exceptions\FrameworkException::forEnabledZlibOutputCompression()
#1 /home/keyline1/public_html/dev/ecoex_portaldev/avijit/system/Events/Events.php(149): CodeIgniter\Events\Events::Config\{closure}()
#2 /home/keyline1/public_html/dev/ecoex_portaldev/avijit/system/CodeIgniter.php(308): CodeIgniter\Events\Events::trigger('pre_system')
#3 /home/keyline1/public_html/dev/ecoex_portaldev/avijit/index.php(37): CodeIgniter\CodeIgniter->run()
#4 {main}
CRITICAL - 2022-04-23 03:31:21 --> Your zlib.output_compression ini directive is turned on. This will not work well with output buffers.
#0 /home/keyline1/public_html/dev/ecoex_portaldev/avijit/app/Config/Events.php(28): CodeIgniter\Exceptions\FrameworkException::forEnabledZlibOutputCompression()
#1 /home/keyline1/public_html/dev/ecoex_portaldev/avijit/system/Events/Events.php(149): CodeIgniter\Events\Events::Config\{closure}()
#2 /home/keyline1/public_html/dev/ecoex_portaldev/avijit/system/CodeIgniter.php(308): CodeIgniter\Events\Events::trigger('pre_system')
#3 /home/keyline1/public_html/dev/ecoex_portaldev/avijit/index.php(37): CodeIgniter\CodeIgniter->run()
#4 {main}
CRITICAL - 2022-04-23 03:31:21 --> Your zlib.output_compression ini directive is turned on. This will not work well with output buffers.
#0 /home/keyline1/public_html/dev/ecoex_portaldev/avijit/app/Config/Events.php(28): CodeIgniter\Exceptions\FrameworkException::forEnabledZlibOutputCompression()
#1 /home/keyline1/public_html/dev/ecoex_portaldev/avijit/system/Events/Events.php(149): CodeIgniter\Events\Events::Config\{closure}()
#2 /home/keyline1/public_html/dev/ecoex_portaldev/avijit/system/CodeIgniter.php(308): CodeIgniter\Events\Events::trigger('pre_system')
#3 /home/keyline1/public_html/dev/ecoex_portaldev/avijit/index.php(37): CodeIgniter\CodeIgniter->run()
#4 {main}
CRITICAL - 2022-04-23 03:31:22 --> Your zlib.output_compression ini directive is turned on. This will not work well with output buffers.
#0 /home/keyline1/public_html/dev/ecoex_portaldev/avijit/app/Config/Events.php(28): CodeIgniter\Exceptions\FrameworkException::forEnabledZlibOutputCompression()
#1 /home/keyline1/public_html/dev/ecoex_portaldev/avijit/system/Events/Events.php(149): CodeIgniter\Events\Events::Config\{closure}()
#2 /home/keyline1/public_html/dev/ecoex_portaldev/avijit/system/CodeIgniter.php(308): CodeIgniter\Events\Events::trigger('pre_system')
#3 /home/keyline1/public_html/dev/ecoex_portaldev/avijit/index.php(37): CodeIgniter\CodeIgniter->run()
#4 {main}
CRITICAL - 2022-04-23 03:31:22 --> Your zlib.output_compression ini directive is turned on. This will not work well with output buffers.
#0 /home/keyline1/public_html/dev/ecoex_portaldev/avijit/app/Config/Events.php(28): CodeIgniter\Exceptions\FrameworkException::forEnabledZlibOutputCompression()
#1 /home/keyline1/public_html/dev/ecoex_portaldev/avijit/system/Events/Events.php(149): CodeIgniter\Events\Events::Config\{closure}()
#2 /home/keyline1/public_html/dev/ecoex_portaldev/avijit/system/CodeIgniter.php(308): CodeIgniter\Events\Events::trigger('pre_system')
#3 /home/keyline1/public_html/dev/ecoex_portaldev/avijit/index.php(37): CodeIgniter\CodeIgniter->run()
#4 {main}
CRITICAL - 2022-04-23 03:31:23 --> Your zlib.output_compression ini directive is turned on. This will not work well with output buffers.
#0 /home/keyline1/public_html/dev/ecoex_portaldev/avijit/app/Config/Events.php(28): CodeIgniter\Exceptions\FrameworkException::forEnabledZlibOutputCompression()
#1 /home/keyline1/public_html/dev/ecoex_portaldev/avijit/system/Events/Events.php(149): CodeIgniter\Events\Events::Config\{closure}()
#2 /home/keyline1/public_html/dev/ecoex_portaldev/avijit/system/CodeIgniter.php(308): CodeIgniter\Events\Events::trigger('pre_system')
#3 /home/keyline1/public_html/dev/ecoex_portaldev/avijit/index.php(37): CodeIgniter\CodeIgniter->run()
#4 {main}
CRITICAL - 2022-04-23 03:31:28 --> Your zlib.output_compression ini directive is turned on. This will not work well with output buffers.
#0 /home/keyline1/public_html/dev/ecoex_portaldev/avijit/app/Config/Events.php(28): CodeIgniter\Exceptions\FrameworkException::forEnabledZlibOutputCompression()
#1 /home/keyline1/public_html/dev/ecoex_portaldev/avijit/system/Events/Events.php(149): CodeIgniter\Events\Events::Config\{closure}()
#2 /home/keyline1/public_html/dev/ecoex_portaldev/avijit/system/CodeIgniter.php(308): CodeIgniter\Events\Events::trigger('pre_system')
#3 /home/keyline1/public_html/dev/ecoex_portaldev/avijit/index.php(37): CodeIgniter\CodeIgniter->run()
#4 {main}
CRITICAL - 2022-04-23 03:31:29 --> Your zlib.output_compression ini directive is turned on. This will not work well with output buffers.
#0 /home/keyline1/public_html/dev/ecoex_portaldev/avijit/app/Config/Events.php(28): CodeIgniter\Exceptions\FrameworkException::forEnabledZlibOutputCompression()
#1 /home/keyline1/public_html/dev/ecoex_portaldev/avijit/system/Events/Events.php(149): CodeIgniter\Events\Events::Config\{closure}()
#2 /home/keyline1/public_html/dev/ecoex_portaldev/avijit/system/CodeIgniter.php(308): CodeIgniter\Events\Events::trigger('pre_system')
#3 /home/keyline1/public_html/dev/ecoex_portaldev/avijit/index.php(37): CodeIgniter\CodeIgniter->run()
#4 {main}
CRITICAL - 2022-04-23 03:31:29 --> Your zlib.output_compression ini directive is turned on. This will not work well with output buffers.
#0 /home/keyline1/public_html/dev/ecoex_portaldev/avijit/app/Config/Events.php(28): CodeIgniter\Exceptions\FrameworkException::forEnabledZlibOutputCompression()
#1 /home/keyline1/public_html/dev/ecoex_portaldev/avijit/system/Events/Events.php(149): CodeIgniter\Events\Events::Config\{closure}()
#2 /home/keyline1/public_html/dev/ecoex_portaldev/avijit/system/CodeIgniter.php(308): CodeIgniter\Events\Events::trigger('pre_system')
#3 /home/keyline1/public_html/dev/ecoex_portaldev/avijit/index.php(37): CodeIgniter\CodeIgniter->run()
#4 {main}
CRITICAL - 2022-04-23 03:33:25 --> Your zlib.output_compression ini directive is turned on. This will not work well with output buffers.
#0 /home/keyline1/public_html/dev/ecoex_portaldev/avijit/app/Config/Events.php(28): CodeIgniter\Exceptions\FrameworkException::forEnabledZlibOutputCompression()
#1 /home/keyline1/public_html/dev/ecoex_portaldev/avijit/system/Events/Events.php(149): CodeIgniter\Events\Events::Config\{closure}()
#2 /home/keyline1/public_html/dev/ecoex_portaldev/avijit/system/CodeIgniter.php(308): CodeIgniter\Events\Events::trigger('pre_system')
#3 /home/keyline1/public_html/dev/ecoex_portaldev/avijit/index.php(37): CodeIgniter\CodeIgniter->run()
#4 {main}
CRITICAL - 2022-04-23 03:42:29 --> Your zlib.output_compression ini directive is turned on. This will not work well with output buffers.
#0 /home/keyline1/public_html/dev/ecoex_portaldev/avijit/app/Config/Events.php(28): CodeIgniter\Exceptions\FrameworkException::forEnabledZlibOutputCompression()
#1 /home/keyline1/public_html/dev/ecoex_portaldev/avijit/system/Events/Events.php(149): CodeIgniter\Events\Events::Config\{closure}()
#2 /home/keyline1/public_html/dev/ecoex_portaldev/avijit/system/CodeIgniter.php(308): CodeIgniter\Events\Events::trigger('pre_system')
#3 /home/keyline1/public_html/dev/ecoex_portaldev/avijit/index.php(37): CodeIgniter\CodeIgniter->run()
#4 {main}
CRITICAL - 2022-04-23 03:45:19 --> Your zlib.output_compression ini directive is turned on. This will not work well with output buffers.
#0 /home/keyline1/public_html/dev/ecoex_portaldev/avijit/app/Config/Events.php(28): CodeIgniter\Exceptions\FrameworkException::forEnabledZlibOutputCompression()
#1 /home/keyline1/public_html/dev/ecoex_portaldev/avijit/system/Events/Events.php(149): CodeIgniter\Events\Events::Config\{closure}()
#2 /home/keyline1/public_html/dev/ecoex_portaldev/avijit/system/CodeIgniter.php(308): CodeIgniter\Events\Events::trigger('pre_system')
#3 /home/keyline1/public_html/dev/ecoex_portaldev/avijit/index.php(37): CodeIgniter\CodeIgniter->run()
#4 {main}
CRITICAL - 2022-04-23 03:45:30 --> Your zlib.output_compression ini directive is turned on. This will not work well with output buffers.
#0 /home/keyline1/public_html/dev/ecoex_portaldev/avijit/app/Config/Events.php(28): CodeIgniter\Exceptions\FrameworkException::forEnabledZlibOutputCompression()
#1 /home/keyline1/public_html/dev/ecoex_portaldev/avijit/system/Events/Events.php(149): CodeIgniter\Events\Events::Config\{closure}()
#2 /home/keyline1/public_html/dev/ecoex_portaldev/avijit/system/CodeIgniter.php(308): CodeIgniter\Events\Events::trigger('pre_system')
#3 /home/keyline1/public_html/dev/ecoex_portaldev/avijit/index.php(37): CodeIgniter\CodeIgniter->run()
#4 {main}
CRITICAL - 2022-04-23 03:50:09 --> Your zlib.output_compression ini directive is turned on. This will not work well with output buffers.
#0 /home/keyline1/public_html/dev/ecoex_portaldev/avijit/app/Config/Events.php(28): CodeIgniter\Exceptions\FrameworkException::forEnabledZlibOutputCompression()
#1 /home/keyline1/public_html/dev/ecoex_portaldev/avijit/system/Events/Events.php(149): CodeIgniter\Events\Events::Config\{closure}()
#2 /home/keyline1/public_html/dev/ecoex_portaldev/avijit/system/CodeIgniter.php(308): CodeIgniter\Events\Events::trigger('pre_system')
#3 /home/keyline1/public_html/dev/ecoex_portaldev/avijit/public/index.php(37): CodeIgniter\CodeIgniter->run()
#4 {main}
CRITICAL - 2022-04-23 03:50:17 --> Your zlib.output_compression ini directive is turned on. This will not work well with output buffers.
#0 /home/keyline1/public_html/dev/ecoex_portaldev/avijit/app/Config/Events.php(28): CodeIgniter\Exceptions\FrameworkException::forEnabledZlibOutputCompression()
#1 /home/keyline1/public_html/dev/ecoex_portaldev/avijit/system/Events/Events.php(149): CodeIgniter\Events\Events::Config\{closure}()
#2 /home/keyline1/public_html/dev/ecoex_portaldev/avijit/system/CodeIgniter.php(308): CodeIgniter\Events\Events::trigger('pre_system')
#3 /home/keyline1/public_html/dev/ecoex_portaldev/avijit/public/index.php(37): CodeIgniter\CodeIgniter->run()
#4 {main}
CRITICAL - 2022-04-23 03:59:05 --> Your zlib.output_compression ini directive is turned on. This will not work well with output buffers.
#0 /home/keyline1/public_html/dev/ecoex_portaldev/avijit/app/Config/Events.php(28): CodeIgniter\Exceptions\FrameworkException::forEnabledZlibOutputCompression()
#1 /home/keyline1/public_html/dev/ecoex_portaldev/avijit/system/Events/Events.php(149): CodeIgniter\Events\Events::Config\{closure}()
#2 /home/keyline1/public_html/dev/ecoex_portaldev/avijit/system/CodeIgniter.php(308): CodeIgniter\Events\Events::trigger('pre_system')
#3 /home/keyline1/public_html/dev/ecoex_portaldev/avijit/public/index.php(37): CodeIgniter\CodeIgniter->run()
#4 {main}
CRITICAL - 2022-04-23 04:32:33 --> Your zlib.output_compression ini directive is turned on. This will not work well with output buffers.
#0 /home/keyline1/public_html/dev/ecoex_portaldev/avijit/app/Config/Events.php(28): CodeIgniter\Exceptions\FrameworkException::forEnabledZlibOutputCompression()
#1 /home/keyline1/public_html/dev/ecoex_portaldev/avijit/system/Events/Events.php(149): CodeIgniter\Events\Events::Config\{closure}()
#2 /home/keyline1/public_html/dev/ecoex_portaldev/avijit/system/CodeIgniter.php(308): CodeIgniter\Events\Events::trigger('pre_system')
#3 /home/keyline1/public_html/dev/ecoex_portaldev/avijit/public/index.php(37): CodeIgniter\CodeIgniter->run()
#4 {main}
CRITICAL - 2022-04-23 04:46:38 --> Your zlib.output_compression ini directive is turned on. This will not work well with output buffers.
#0 /home/keyline1/public_html/dev/ecoex_portaldev/avijit/app/Config/Events.php(28): CodeIgniter\Exceptions\FrameworkException::forEnabledZlibOutputCompression()
#1 /home/keyline1/public_html/dev/ecoex_portaldev/avijit/system/Events/Events.php(149): CodeIgniter\Events\Events::Config\{closure}()
#2 /home/keyline1/public_html/dev/ecoex_portaldev/avijit/system/CodeIgniter.php(308): CodeIgniter\Events\Events::trigger('pre_system')
#3 /home/keyline1/public_html/dev/ecoex_portaldev/avijit/public/index.php(37): CodeIgniter\CodeIgniter->run()
#4 {main}
CRITICAL - 2022-04-23 04:49:01 --> Your zlib.output_compression ini directive is turned on. This will not work well with output buffers.
#0 /home/keyline1/public_html/dev/ecoex_portaldev/app/Config/Events.php(28): CodeIgniter\Exceptions\FrameworkException::forEnabledZlibOutputCompression()
#1 /home/keyline1/public_html/dev/ecoex_portaldev/system/Events/Events.php(149): CodeIgniter\Events\Events::Config\{closure}()
#2 /home/keyline1/public_html/dev/ecoex_portaldev/system/CodeIgniter.php(308): CodeIgniter\Events\Events::trigger('pre_system')
#3 /home/keyline1/public_html/dev/ecoex_portaldev/index.php(37): CodeIgniter\CodeIgniter->run()
#4 {main}
CRITICAL - 2022-04-23 04:50:48 --> Your zlib.output_compression ini directive is turned on. This will not work well with output buffers.
#0 /home/keyline1/public_html/dev/ecoex_portaldev/app/Config/Events.php(28): CodeIgniter\Exceptions\FrameworkException::forEnabledZlibOutputCompression()
#1 /home/keyline1/public_html/dev/ecoex_portaldev/system/Events/Events.php(149): CodeIgniter\Events\Events::Config\{closure}()
#2 /home/keyline1/public_html/dev/ecoex_portaldev/system/CodeIgniter.php(308): CodeIgniter\Events\Events::trigger('pre_system')
#3 /home/keyline1/public_html/dev/ecoex_portaldev/index.php(37): CodeIgniter\CodeIgniter->run()
#4 {main}
CRITICAL - 2022-04-23 04:51:27 --> Your zlib.output_compression ini directive is turned on. This will not work well with output buffers.
#0 /home/keyline1/public_html/dev/ecoex_portaldev/app/Config/Events.php(28): CodeIgniter\Exceptions\FrameworkException::forEnabledZlibOutputCompression()
#1 /home/keyline1/public_html/dev/ecoex_portaldev/system/Events/Events.php(149): CodeIgniter\Events\Events::Config\{closure}()
#2 /home/keyline1/public_html/dev/ecoex_portaldev/system/CodeIgniter.php(308): CodeIgniter\Events\Events::trigger('pre_system')
#3 /home/keyline1/public_html/dev/ecoex_portaldev/index.php(37): CodeIgniter\CodeIgniter->run()
#4 {main}
CRITICAL - 2022-04-23 04:53:06 --> Your zlib.output_compression ini directive is turned on. This will not work well with output buffers.
#0 /home/keyline1/public_html/dev/ecoex_portaldev/app/Config/Events.php(28): CodeIgniter\Exceptions\FrameworkException::forEnabledZlibOutputCompression()
#1 /home/keyline1/public_html/dev/ecoex_portaldev/system/Events/Events.php(149): CodeIgniter\Events\Events::Config\{closure}()
#2 /home/keyline1/public_html/dev/ecoex_portaldev/system/CodeIgniter.php(308): CodeIgniter\Events\Events::trigger('pre_system')
#3 /home/keyline1/public_html/dev/ecoex_portaldev/index.php(37): CodeIgniter\CodeIgniter->run()
#4 {main}
CRITICAL - 2022-04-23 04:59:55 --> Your zlib.output_compression ini directive is turned on. This will not work well with output buffers.
#0 /home/keyline1/public_html/dev/ecoex_portaldev/app/Config/Events.php(28): CodeIgniter\Exceptions\FrameworkException::forEnabledZlibOutputCompression()
#1 /home/keyline1/public_html/dev/ecoex_portaldev/system/Events/Events.php(149): CodeIgniter\Events\Events::Config\{closure}()
#2 /home/keyline1/public_html/dev/ecoex_portaldev/system/CodeIgniter.php(308): CodeIgniter\Events\Events::trigger('pre_system')
#3 /home/keyline1/public_html/dev/ecoex_portaldev/index.php(37): CodeIgniter\CodeIgniter->run()
#4 {main}
CRITICAL - 2022-04-23 04:59:59 --> Your zlib.output_compression ini directive is turned on. This will not work well with output buffers.
#0 /home/keyline1/public_html/dev/ecoex_portaldev/app/Config/Events.php(28): CodeIgniter\Exceptions\FrameworkException::forEnabledZlibOutputCompression()
#1 /home/keyline1/public_html/dev/ecoex_portaldev/system/Events/Events.php(149): CodeIgniter\Events\Events::Config\{closure}()
#2 /home/keyline1/public_html/dev/ecoex_portaldev/system/CodeIgniter.php(308): CodeIgniter\Events\Events::trigger('pre_system')
#3 /home/keyline1/public_html/dev/ecoex_portaldev/index.php(37): CodeIgniter\CodeIgniter->run()
#4 {main}
CRITICAL - 2022-04-23 05:00:12 --> Your zlib.output_compression ini directive is turned on. This will not work well with output buffers.
#0 /home/keyline1/public_html/dev/ecoex_portaldev/app/Config/Events.php(28): CodeIgniter\Exceptions\FrameworkException::forEnabledZlibOutputCompression()
#1 /home/keyline1/public_html/dev/ecoex_portaldev/system/Events/Events.php(149): CodeIgniter\Events\Events::Config\{closure}()
#2 /home/keyline1/public_html/dev/ecoex_portaldev/system/CodeIgniter.php(308): CodeIgniter\Events\Events::trigger('pre_system')
#3 /home/keyline1/public_html/dev/ecoex_portaldev/index.php(37): CodeIgniter\CodeIgniter->run()
#4 {main}
CRITICAL - 2022-04-23 05:00:19 --> Your zlib.output_compression ini directive is turned on. This will not work well with output buffers.
#0 /home/keyline1/public_html/dev/ecoex_portaldev/app/Config/Events.php(28): CodeIgniter\Exceptions\FrameworkException::forEnabledZlibOutputCompression()
#1 /home/keyline1/public_html/dev/ecoex_portaldev/system/Events/Events.php(149): CodeIgniter\Events\Events::Config\{closure}()
#2 /home/keyline1/public_html/dev/ecoex_portaldev/system/CodeIgniter.php(308): CodeIgniter\Events\Events::trigger('pre_system')
#3 /home/keyline1/public_html/dev/ecoex_portaldev/index.php(37): CodeIgniter\CodeIgniter->run()
#4 {main}
CRITICAL - 2022-04-23 05:00:38 --> Your zlib.output_compression ini directive is turned on. This will not work well with output buffers.
#0 /home/keyline1/public_html/dev/ecoex_portaldev/app/Config/Events.php(28): CodeIgniter\Exceptions\FrameworkException::forEnabledZlibOutputCompression()
#1 /home/keyline1/public_html/dev/ecoex_portaldev/system/Events/Events.php(149): CodeIgniter\Events\Events::Config\{closure}()
#2 /home/keyline1/public_html/dev/ecoex_portaldev/system/CodeIgniter.php(308): CodeIgniter\Events\Events::trigger('pre_system')
#3 /home/keyline1/public_html/dev/ecoex_portaldev/index.php(37): CodeIgniter\CodeIgniter->run()
#4 {main}
CRITICAL - 2022-04-23 05:01:03 --> Your zlib.output_compression ini directive is turned on. This will not work well with output buffers.
#0 /home/keyline1/public_html/dev/ecoex_portaldev/app/Config/Events.php(28): CodeIgniter\Exceptions\FrameworkException::forEnabledZlibOutputCompression()
#1 /home/keyline1/public_html/dev/ecoex_portaldev/system/Events/Events.php(149): CodeIgniter\Events\Events::Config\{closure}()
#2 /home/keyline1/public_html/dev/ecoex_portaldev/system/CodeIgniter.php(308): CodeIgniter\Events\Events::trigger('pre_system')
#3 /home/keyline1/public_html/dev/ecoex_portaldev/index.php(37): CodeIgniter\CodeIgniter->run()
#4 {main}
CRITICAL - 2022-04-23 05:01:31 --> Your zlib.output_compression ini directive is turned on. This will not work well with output buffers.
#0 /home/keyline1/public_html/dev/ecoex_portaldev/app/Config/Events.php(28): CodeIgniter\Exceptions\FrameworkException::forEnabledZlibOutputCompression()
#1 /home/keyline1/public_html/dev/ecoex_portaldev/system/Events/Events.php(149): CodeIgniter\Events\Events::Config\{closure}()
#2 /home/keyline1/public_html/dev/ecoex_portaldev/system/CodeIgniter.php(308): CodeIgniter\Events\Events::trigger('pre_system')
#3 /home/keyline1/public_html/dev/ecoex_portaldev/index.php(37): CodeIgniter\CodeIgniter->run()
#4 {main}
CRITICAL - 2022-04-23 05:02:08 --> Your zlib.output_compression ini directive is turned on. This will not work well with output buffers.
#0 /home/keyline1/public_html/dev/ecoex_portaldev/app/Config/Events.php(28): CodeIgniter\Exceptions\FrameworkException::forEnabledZlibOutputCompression()
#1 /home/keyline1/public_html/dev/ecoex_portaldev/system/Events/Events.php(149): CodeIgniter\Events\Events::Config\{closure}()
#2 /home/keyline1/public_html/dev/ecoex_portaldev/system/CodeIgniter.php(308): CodeIgniter\Events\Events::trigger('pre_system')
#3 /home/keyline1/public_html/dev/ecoex_portaldev/index.php(37): CodeIgniter\CodeIgniter->run()
#4 {main}
CRITICAL - 2022-04-23 05:02:20 --> Your zlib.output_compression ini directive is turned on. This will not work well with output buffers.
#0 /home/keyline1/public_html/dev/ecoex_portaldev/app/Config/Events.php(28): CodeIgniter\Exceptions\FrameworkException::forEnabledZlibOutputCompression()
#1 /home/keyline1/public_html/dev/ecoex_portaldev/system/Events/Events.php(149): CodeIgniter\Events\Events::Config\{closure}()
#2 /home/keyline1/public_html/dev/ecoex_portaldev/system/CodeIgniter.php(308): CodeIgniter\Events\Events::trigger('pre_system')
#3 /home/keyline1/public_html/dev/ecoex_portaldev/index.php(37): CodeIgniter\CodeIgniter->run()
#4 {main}
CRITICAL - 2022-04-23 05:02:38 --> Your zlib.output_compression ini directive is turned on. This will not work well with output buffers.
#0 /home/keyline1/public_html/dev/ecoex_portaldev/app/Config/Events.php(28): CodeIgniter\Exceptions\FrameworkException::forEnabledZlibOutputCompression()
#1 /home/keyline1/public_html/dev/ecoex_portaldev/system/Events/Events.php(149): CodeIgniter\Events\Events::Config\{closure}()
#2 /home/keyline1/public_html/dev/ecoex_portaldev/system/CodeIgniter.php(308): CodeIgniter\Events\Events::trigger('pre_system')
#3 /home/keyline1/public_html/dev/ecoex_portaldev/index.php(37): CodeIgniter\CodeIgniter->run()
#4 {main}
CRITICAL - 2022-04-23 05:03:05 --> Your zlib.output_compression ini directive is turned on. This will not work well with output buffers.
#0 /home/keyline1/public_html/dev/ecoex_portaldev/app/Config/Events.php(28): CodeIgniter\Exceptions\FrameworkException::forEnabledZlibOutputCompression()
#1 /home/keyline1/public_html/dev/ecoex_portaldev/system/Events/Events.php(149): CodeIgniter\Events\Events::Config\{closure}()
#2 /home/keyline1/public_html/dev/ecoex_portaldev/system/CodeIgniter.php(308): CodeIgniter\Events\Events::trigger('pre_system')
#3 /home/keyline1/public_html/dev/ecoex_portaldev/index.php(37): CodeIgniter\CodeIgniter->run()
#4 {main}
CRITICAL - 2022-04-23 05:11:56 --> Your zlib.output_compression ini directive is turned on. This will not work well with output buffers.
#0 /home/keyline1/public_html/dev/ecoex_portaldev/app/Config/Events.php(28): CodeIgniter\Exceptions\FrameworkException::forEnabledZlibOutputCompression()
#1 /home/keyline1/public_html/dev/ecoex_portaldev/system/Events/Events.php(149): CodeIgniter\Events\Events::Config\{closure}()
#2 /home/keyline1/public_html/dev/ecoex_portaldev/system/CodeIgniter.php(308): CodeIgniter\Events\Events::trigger('pre_system')
#3 /home/keyline1/public_html/dev/ecoex_portaldev/index.php(37): CodeIgniter\CodeIgniter->run()
#4 {main}
CRITICAL - 2022-04-23 05:11:58 --> Your zlib.output_compression ini directive is turned on. This will not work well with output buffers.
#0 /home/keyline1/public_html/dev/ecoex_portaldev/app/Config/Events.php(28): CodeIgniter\Exceptions\FrameworkException::forEnabledZlibOutputCompression()
#1 /home/keyline1/public_html/dev/ecoex_portaldev/system/Events/Events.php(149): CodeIgniter\Events\Events::Config\{closure}()
#2 /home/keyline1/public_html/dev/ecoex_portaldev/system/CodeIgniter.php(308): CodeIgniter\Events\Events::trigger('pre_system')
#3 /home/keyline1/public_html/dev/ecoex_portaldev/index.php(37): CodeIgniter\CodeIgniter->run()
#4 {main}
CRITICAL - 2022-04-23 05:11:59 --> Your zlib.output_compression ini directive is turned on. This will not work well with output buffers.
#0 /home/keyline1/public_html/dev/ecoex_portaldev/app/Config/Events.php(28): CodeIgniter\Exceptions\FrameworkException::forEnabledZlibOutputCompression()
#1 /home/keyline1/public_html/dev/ecoex_portaldev/system/Events/Events.php(149): CodeIgniter\Events\Events::Config\{closure}()
#2 /home/keyline1/public_html/dev/ecoex_portaldev/system/CodeIgniter.php(308): CodeIgniter\Events\Events::trigger('pre_system')
#3 /home/keyline1/public_html/dev/ecoex_portaldev/index.php(37): CodeIgniter\CodeIgniter->run()
#4 {main}
CRITICAL - 2022-04-23 05:12:00 --> Your zlib.output_compression ini directive is turned on. This will not work well with output buffers.
#0 /home/keyline1/public_html/dev/ecoex_portaldev/app/Config/Events.php(28): CodeIgniter\Exceptions\FrameworkException::forEnabledZlibOutputCompression()
#1 /home/keyline1/public_html/dev/ecoex_portaldev/system/Events/Events.php(149): CodeIgniter\Events\Events::Config\{closure}()
#2 /home/keyline1/public_html/dev/ecoex_portaldev/system/CodeIgniter.php(308): CodeIgniter\Events\Events::trigger('pre_system')
#3 /home/keyline1/public_html/dev/ecoex_portaldev/index.php(37): CodeIgniter\CodeIgniter->run()
#4 {main}
CRITICAL - 2022-04-23 05:12:06 --> Your zlib.output_compression ini directive is turned on. This will not work well with output buffers.
#0 /home/keyline1/public_html/dev/ecoex_portaldev/app/Config/Events.php(28): CodeIgniter\Exceptions\FrameworkException::forEnabledZlibOutputCompression()
#1 /home/keyline1/public_html/dev/ecoex_portaldev/system/Events/Events.php(149): CodeIgniter\Events\Events::Config\{closure}()
#2 /home/keyline1/public_html/dev/ecoex_portaldev/system/CodeIgniter.php(308): CodeIgniter\Events\Events::trigger('pre_system')
#3 /home/keyline1/public_html/dev/ecoex_portaldev/index.php(37): CodeIgniter\CodeIgniter->run()
#4 {main}
CRITICAL - 2022-04-23 05:12:07 --> Your zlib.output_compression ini directive is turned on. This will not work well with output buffers.
#0 /home/keyline1/public_html/dev/ecoex_portaldev/app/Config/Events.php(28): CodeIgniter\Exceptions\FrameworkException::forEnabledZlibOutputCompression()
#1 /home/keyline1/public_html/dev/ecoex_portaldev/system/Events/Events.php(149): CodeIgniter\Events\Events::Config\{closure}()
#2 /home/keyline1/public_html/dev/ecoex_portaldev/system/CodeIgniter.php(308): CodeIgniter\Events\Events::trigger('pre_system')
#3 /home/keyline1/public_html/dev/ecoex_portaldev/index.php(37): CodeIgniter\CodeIgniter->run()
#4 {main}
CRITICAL - 2022-04-23 05:12:15 --> Your zlib.output_compression ini directive is turned on. This will not work well with output buffers.
#0 /home/keyline1/public_html/dev/ecoex_portaldev/app/Config/Events.php(28): CodeIgniter\Exceptions\FrameworkException::forEnabledZlibOutputCompression()
#1 /home/keyline1/public_html/dev/ecoex_portaldev/system/Events/Events.php(149): CodeIgniter\Events\Events::Config\{closure}()
#2 /home/keyline1/public_html/dev/ecoex_portaldev/system/CodeIgniter.php(308): CodeIgniter\Events\Events::trigger('pre_system')
#3 /home/keyline1/public_html/dev/ecoex_portaldev/index.php(37): CodeIgniter\CodeIgniter->run()
#4 {main}
CRITICAL - 2022-04-23 05:12:39 --> Your zlib.output_compression ini directive is turned on. This will not work well with output buffers.
#0 /home/keyline1/public_html/dev/ecoex_portaldev/app/Config/Events.php(28): CodeIgniter\Exceptions\FrameworkException::forEnabledZlibOutputCompression()
#1 /home/keyline1/public_html/dev/ecoex_portaldev/system/Events/Events.php(149): CodeIgniter\Events\Events::Config\{closure}()
#2 /home/keyline1/public_html/dev/ecoex_portaldev/system/CodeIgniter.php(308): CodeIgniter\Events\Events::trigger('pre_system')
#3 /home/keyline1/public_html/dev/ecoex_portaldev/index.php(37): CodeIgniter\CodeIgniter->run()
#4 {main}
CRITICAL - 2022-04-23 05:14:50 --> Your zlib.output_compression ini directive is turned on. This will not work well with output buffers.
#0 /home/keyline1/public_html/dev/ecoex_portaldev/app/Config/Events.php(28): CodeIgniter\Exceptions\FrameworkException::forEnabledZlibOutputCompression()
#1 /home/keyline1/public_html/dev/ecoex_portaldev/system/Events/Events.php(149): CodeIgniter\Events\Events::Config\{closure}()
#2 /home/keyline1/public_html/dev/ecoex_portaldev/system/CodeIgniter.php(308): CodeIgniter\Events\Events::trigger('pre_system')
#3 /home/keyline1/public_html/dev/ecoex_portaldev/index.php(37): CodeIgniter\CodeIgniter->run()
#4 {main}
CRITICAL - 2022-04-23 05:15:17 --> Your zlib.output_compression ini directive is turned on. This will not work well with output buffers.
#0 /home/keyline1/public_html/dev/ecoex_portaldev/app/Config/Events.php(28): CodeIgniter\Exceptions\FrameworkException::forEnabledZlibOutputCompression()
#1 /home/keyline1/public_html/dev/ecoex_portaldev/system/Events/Events.php(149): CodeIgniter\Events\Events::Config\{closure}()
#2 /home/keyline1/public_html/dev/ecoex_portaldev/system/CodeIgniter.php(308): CodeIgniter\Events\Events::trigger('pre_system')
#3 /home/keyline1/public_html/dev/ecoex_portaldev/index.php(37): CodeIgniter\CodeIgniter->run()
#4 {main}
CRITICAL - 2022-04-23 05:17:50 --> Your zlib.output_compression ini directive is turned on. This will not work well with output buffers.
#0 /home/keyline1/public_html/dev/ecoex_portaldev/app/Config/Events.php(28): CodeIgniter\Exceptions\FrameworkException::forEnabledZlibOutputCompression()
#1 /home/keyline1/public_html/dev/ecoex_portaldev/system/Events/Events.php(149): CodeIgniter\Events\Events::Config\{closure}()
#2 /home/keyline1/public_html/dev/ecoex_portaldev/system/CodeIgniter.php(308): CodeIgniter\Events\Events::trigger('pre_system')
#3 /home/keyline1/public_html/dev/ecoex_portaldev/index.php(37): CodeIgniter\CodeIgniter->run()
#4 {main}
CRITICAL - 2022-04-23 05:38:35 --> Your zlib.output_compression ini directive is turned on. This will not work well with output buffers.
#0 /home/keyline1/public_html/dev/ecoex_portaldev/app/Config/Events.php(28): CodeIgniter\Exceptions\FrameworkException::forEnabledZlibOutputCompression()
#1 /home/keyline1/public_html/dev/ecoex_portaldev/system/Events/Events.php(149): CodeIgniter\Events\Events::Config\{closure}()
#2 /home/keyline1/public_html/dev/ecoex_portaldev/system/CodeIgniter.php(308): CodeIgniter\Events\Events::trigger('pre_system')
#3 /home/keyline1/public_html/dev/ecoex_portaldev/index.php(37): CodeIgniter\CodeIgniter->run()
#4 {main}
CRITICAL - 2022-04-23 05:40:30 --> Your zlib.output_compression ini directive is turned on. This will not work well with output buffers.
#0 /home/keyline1/public_html/dev/ecoex_portaldev/app/Config/Events.php(28): CodeIgniter\Exceptions\FrameworkException::forEnabledZlibOutputCompression()
#1 /home/keyline1/public_html/dev/ecoex_portaldev/system/Events/Events.php(149): CodeIgniter\Events\Events::Config\{closure}()
#2 /home/keyline1/public_html/dev/ecoex_portaldev/system/CodeIgniter.php(308): CodeIgniter\Events\Events::trigger('pre_system')
#3 /home/keyline1/public_html/dev/ecoex_portaldev/index.php(37): CodeIgniter\CodeIgniter->run()
#4 {main}
CRITICAL - 2022-04-23 05:40:30 --> Your zlib.output_compression ini directive is turned on. This will not work well with output buffers.
#0 /home/keyline1/public_html/dev/ecoex_portaldev/app/Config/Events.php(28): CodeIgniter\Exceptions\FrameworkException::forEnabledZlibOutputCompression()
#1 /home/keyline1/public_html/dev/ecoex_portaldev/system/Events/Events.php(149): CodeIgniter\Events\Events::Config\{closure}()
#2 /home/keyline1/public_html/dev/ecoex_portaldev/system/CodeIgniter.php(308): CodeIgniter\Events\Events::trigger('pre_system')
#3 /home/keyline1/public_html/dev/ecoex_portaldev/index.php(37): CodeIgniter\CodeIgniter->run()
#4 {main}
CRITICAL - 2022-04-23 05:40:41 --> Your zlib.output_compression ini directive is turned on. This will not work well with output buffers.
#0 /home/keyline1/public_html/dev/ecoex_portaldev/app/Config/Events.php(28): CodeIgniter\Exceptions\FrameworkException::forEnabledZlibOutputCompression()
#1 /home/keyline1/public_html/dev/ecoex_portaldev/system/Events/Events.php(149): CodeIgniter\Events\Events::Config\{closure}()
#2 /home/keyline1/public_html/dev/ecoex_portaldev/system/CodeIgniter.php(308): CodeIgniter\Events\Events::trigger('pre_system')
#3 /home/keyline1/public_html/dev/ecoex_portaldev/index.php(37): CodeIgniter\CodeIgniter->run()
#4 {main}
CRITICAL - 2022-04-23 05:40:41 --> Your zlib.output_compression ini directive is turned on. This will not work well with output buffers.
#0 /home/keyline1/public_html/dev/ecoex_portaldev/app/Config/Events.php(28): CodeIgniter\Exceptions\FrameworkException::forEnabledZlibOutputCompression()
#1 /home/keyline1/public_html/dev/ecoex_portaldev/system/Events/Events.php(149): CodeIgniter\Events\Events::Config\{closure}()
#2 /home/keyline1/public_html/dev/ecoex_portaldev/system/CodeIgniter.php(308): CodeIgniter\Events\Events::trigger('pre_system')
#3 /home/keyline1/public_html/dev/ecoex_portaldev/index.php(37): CodeIgniter\CodeIgniter->run()
#4 {main}
CRITICAL - 2022-04-23 05:42:47 --> Your zlib.output_compression ini directive is turned on. This will not work well with output buffers.
#0 /home/keyline1/public_html/dev/ecoex_portaldev/app/Config/Events.php(28): CodeIgniter\Exceptions\FrameworkException::forEnabledZlibOutputCompression()
#1 /home/keyline1/public_html/dev/ecoex_portaldev/system/Events/Events.php(149): CodeIgniter\Events\Events::Config\{closure}()
#2 /home/keyline1/public_html/dev/ecoex_portaldev/system/CodeIgniter.php(308): CodeIgniter\Events\Events::trigger('pre_system')
#3 /home/keyline1/public_html/dev/ecoex_portaldev/index.php(37): CodeIgniter\CodeIgniter->run()
#4 {main}
CRITICAL - 2022-04-23 05:42:47 --> Your zlib.output_compression ini directive is turned on. This will not work well with output buffers.
#0 /home/keyline1/public_html/dev/ecoex_portaldev/app/Config/Events.php(28): CodeIgniter\Exceptions\FrameworkException::forEnabledZlibOutputCompression()
#1 /home/keyline1/public_html/dev/ecoex_portaldev/system/Events/Events.php(149): CodeIgniter\Events\Events::Config\{closure}()
#2 /home/keyline1/public_html/dev/ecoex_portaldev/system/CodeIgniter.php(308): CodeIgniter\Events\Events::trigger('pre_system')
#3 /home/keyline1/public_html/dev/ecoex_portaldev/index.php(37): CodeIgniter\CodeIgniter->run()
#4 {main}
CRITICAL - 2022-04-23 05:46:01 --> Your zlib.output_compression ini directive is turned on. This will not work well with output buffers.
#0 /home/keyline1/public_html/dev/ecoex_portaldev/app/Config/Events.php(28): CodeIgniter\Exceptions\FrameworkException::forEnabledZlibOutputCompression()
#1 /home/keyline1/public_html/dev/ecoex_portaldev/system/Events/Events.php(149): CodeIgniter\Events\Events::Config\{closure}()
#2 /home/keyline1/public_html/dev/ecoex_portaldev/system/CodeIgniter.php(308): CodeIgniter\Events\Events::trigger('pre_system')
#3 /home/keyline1/public_html/dev/ecoex_portaldev/index.php(37): CodeIgniter\CodeIgniter->run()
#4 {main}
CRITICAL - 2022-04-23 05:46:03 --> Your zlib.output_compression ini directive is turned on. This will not work well with output buffers.
#0 /home/keyline1/public_html/dev/ecoex_portaldev/app/Config/Events.php(28): CodeIgniter\Exceptions\FrameworkException::forEnabledZlibOutputCompression()
#1 /home/keyline1/public_html/dev/ecoex_portaldev/system/Events/Events.php(149): CodeIgniter\Events\Events::Config\{closure}()
#2 /home/keyline1/public_html/dev/ecoex_portaldev/system/CodeIgniter.php(308): CodeIgniter\Events\Events::trigger('pre_system')
#3 /home/keyline1/public_html/dev/ecoex_portaldev/index.php(37): CodeIgniter\CodeIgniter->run()
#4 {main}
CRITICAL - 2022-04-23 05:47:29 --> Your zlib.output_compression ini directive is turned on. This will not work well with output buffers.
#0 /home/keyline1/public_html/dev/ecoex_portaldev/app/Config/Events.php(28): CodeIgniter\Exceptions\FrameworkException::forEnabledZlibOutputCompression()
#1 /home/keyline1/public_html/dev/ecoex_portaldev/system/Events/Events.php(149): CodeIgniter\Events\Events::Config\{closure}()
#2 /home/keyline1/public_html/dev/ecoex_portaldev/system/CodeIgniter.php(308): CodeIgniter\Events\Events::trigger('pre_system')
#3 /home/keyline1/public_html/dev/ecoex_portaldev/index.php(37): CodeIgniter\CodeIgniter->run()
#4 {main}
CRITICAL - 2022-04-23 05:47:33 --> Your zlib.output_compression ini directive is turned on. This will not work well with output buffers.
#0 /home/keyline1/public_html/dev/ecoex_portaldev/app/Config/Events.php(28): CodeIgniter\Exceptions\FrameworkException::forEnabledZlibOutputCompression()
#1 /home/keyline1/public_html/dev/ecoex_portaldev/system/Events/Events.php(149): CodeIgniter\Events\Events::Config\{closure}()
#2 /home/keyline1/public_html/dev/ecoex_portaldev/system/CodeIgniter.php(308): CodeIgniter\Events\Events::trigger('pre_system')
#3 /home/keyline1/public_html/dev/ecoex_portaldev/index.php(37): CodeIgniter\CodeIgniter->run()
#4 {main}
CRITICAL - 2022-04-23 05:48:06 --> Your zlib.output_compression ini directive is turned on. This will not work well with output buffers.
#0 /home/keyline1/public_html/dev/ecoex_portaldev/app/Config/Events.php(28): CodeIgniter\Exceptions\FrameworkException::forEnabledZlibOutputCompression()
#1 /home/keyline1/public_html/dev/ecoex_portaldev/system/Events/Events.php(149): CodeIgniter\Events\Events::Config\{closure}()
#2 /home/keyline1/public_html/dev/ecoex_portaldev/system/CodeIgniter.php(308): CodeIgniter\Events\Events::trigger('pre_system')
#3 /home/keyline1/public_html/dev/ecoex_portaldev/index.php(37): CodeIgniter\CodeIgniter->run()
#4 {main}
CRITICAL - 2022-04-23 05:48:08 --> Your zlib.output_compression ini directive is turned on. This will not work well with output buffers.
#0 /home/keyline1/public_html/dev/ecoex_portaldev/app/Config/Events.php(28): CodeIgniter\Exceptions\FrameworkException::forEnabledZlibOutputCompression()
#1 /home/keyline1/public_html/dev/ecoex_portaldev/system/Events/Events.php(149): CodeIgniter\Events\Events::Config\{closure}()
#2 /home/keyline1/public_html/dev/ecoex_portaldev/system/CodeIgniter.php(308): CodeIgniter\Events\Events::trigger('pre_system')
#3 /home/keyline1/public_html/dev/ecoex_portaldev/index.php(37): CodeIgniter\CodeIgniter->run()
#4 {main}
CRITICAL - 2022-04-23 05:49:00 --> Your zlib.output_compression ini directive is turned on. This will not work well with output buffers.
#0 /home/keyline1/public_html/dev/ecoex_portaldev/app/Config/Events.php(28): CodeIgniter\Exceptions\FrameworkException::forEnabledZlibOutputCompression()
#1 /home/keyline1/public_html/dev/ecoex_portaldev/system/Events/Events.php(149): CodeIgniter\Events\Events::Config\{closure}()
#2 /home/keyline1/public_html/dev/ecoex_portaldev/system/CodeIgniter.php(308): CodeIgniter\Events\Events::trigger('pre_system')
#3 /home/keyline1/public_html/dev/ecoex_portaldev/index.php(37): CodeIgniter\CodeIgniter->run()
#4 {main}
CRITICAL - 2022-04-23 05:49:01 --> Your zlib.output_compression ini directive is turned on. This will not work well with output buffers.
#0 /home/keyline1/public_html/dev/ecoex_portaldev/app/Config/Events.php(28): CodeIgniter\Exceptions\FrameworkException::forEnabledZlibOutputCompression()
#1 /home/keyline1/public_html/dev/ecoex_portaldev/system/Events/Events.php(149): CodeIgniter\Events\Events::Config\{closure}()
#2 /home/keyline1/public_html/dev/ecoex_portaldev/system/CodeIgniter.php(308): CodeIgniter\Events\Events::trigger('pre_system')
#3 /home/keyline1/public_html/dev/ecoex_portaldev/index.php(37): CodeIgniter\CodeIgniter->run()
#4 {main}
CRITICAL - 2022-04-23 05:50:05 --> Your zlib.output_compression ini directive is turned on. This will not work well with output buffers.
#0 /home/keyline1/public_html/dev/ecoex_portaldev/app/Config/Events.php(28): CodeIgniter\Exceptions\FrameworkException::forEnabledZlibOutputCompression()
#1 /home/keyline1/public_html/dev/ecoex_portaldev/system/Events/Events.php(149): CodeIgniter\Events\Events::Config\{closure}()
#2 /home/keyline1/public_html/dev/ecoex_portaldev/system/CodeIgniter.php(308): CodeIgniter\Events\Events::trigger('pre_system')
#3 /home/keyline1/public_html/dev/ecoex_portaldev/index.php(37): CodeIgniter\CodeIgniter->run()
#4 {main}
CRITICAL - 2022-04-23 05:50:09 --> Your zlib.output_compression ini directive is turned on. This will not work well with output buffers.
#0 /home/keyline1/public_html/dev/ecoex_portaldev/app/Config/Events.php(28): CodeIgniter\Exceptions\FrameworkException::forEnabledZlibOutputCompression()
#1 /home/keyline1/public_html/dev/ecoex_portaldev/system/Events/Events.php(149): CodeIgniter\Events\Events::Config\{closure}()
#2 /home/keyline1/public_html/dev/ecoex_portaldev/system/CodeIgniter.php(308): CodeIgniter\Events\Events::trigger('pre_system')
#3 /home/keyline1/public_html/dev/ecoex_portaldev/index.php(37): CodeIgniter\CodeIgniter->run()
#4 {main}
CRITICAL - 2022-04-23 05:50:10 --> Your zlib.output_compression ini directive is turned on. This will not work well with output buffers.
#0 /home/keyline1/public_html/dev/ecoex_portaldev/app/Config/Events.php(28): CodeIgniter\Exceptions\FrameworkException::forEnabledZlibOutputCompression()
#1 /home/keyline1/public_html/dev/ecoex_portaldev/system/Events/Events.php(149): CodeIgniter\Events\Events::Config\{closure}()
#2 /home/keyline1/public_html/dev/ecoex_portaldev/system/CodeIgniter.php(308): CodeIgniter\Events\Events::trigger('pre_system')
#3 /home/keyline1/public_html/dev/ecoex_portaldev/index.php(37): CodeIgniter\CodeIgniter->run()
#4 {main}
CRITICAL - 2022-04-23 05:50:11 --> Your zlib.output_compression ini directive is turned on. This will not work well with output buffers.
#0 /home/keyline1/public_html/dev/ecoex_portaldev/app/Config/Events.php(28): CodeIgniter\Exceptions\FrameworkException::forEnabledZlibOutputCompression()
#1 /home/keyline1/public_html/dev/ecoex_portaldev/system/Events/Events.php(149): CodeIgniter\Events\Events::Config\{closure}()
#2 /home/keyline1/public_html/dev/ecoex_portaldev/system/CodeIgniter.php(308): CodeIgniter\Events\Events::trigger('pre_system')
#3 /home/keyline1/public_html/dev/ecoex_portaldev/index.php(37): CodeIgniter\CodeIgniter->run()
#4 {main}
CRITICAL - 2022-04-23 06:07:46 --> Your zlib.output_compression ini directive is turned on. This will not work well with output buffers.
#0 /home/keyline1/public_html/dev/ecoex_portaldev/app/Config/Events.php(28): CodeIgniter\Exceptions\FrameworkException::forEnabledZlibOutputCompression()
#1 /home/keyline1/public_html/dev/ecoex_portaldev/system/Events/Events.php(149): CodeIgniter\Events\Events::Config\{closure}()
#2 /home/keyline1/public_html/dev/ecoex_portaldev/system/CodeIgniter.php(308): CodeIgniter\Events\Events::trigger('pre_system')
#3 /home/keyline1/public_html/dev/ecoex_portaldev/index.php(37): CodeIgniter\CodeIgniter->run()
#4 {main}
CRITICAL - 2022-04-23 06:13:55 --> Your zlib.output_compression ini directive is turned on. This will not work well with output buffers.
#0 /home/keyline1/public_html/dev/ecoex_portaldev/app/Config/Events.php(28): CodeIgniter\Exceptions\FrameworkException::forEnabledZlibOutputCompression()
#1 /home/keyline1/public_html/dev/ecoex_portaldev/system/Events/Events.php(149): CodeIgniter\Events\Events::Config\{closure}()
#2 /home/keyline1/public_html/dev/ecoex_portaldev/system/CodeIgniter.php(308): CodeIgniter\Events\Events::trigger('pre_system')
#3 /home/keyline1/public_html/dev/ecoex_portaldev/index.php(37): CodeIgniter\CodeIgniter->run()
#4 {main}
CRITICAL - 2022-04-23 06:13:56 --> Your zlib.output_compression ini directive is turned on. This will not work well with output buffers.
#0 /home/keyline1/public_html/dev/ecoex_portaldev/app/Config/Events.php(28): CodeIgniter\Exceptions\FrameworkException::forEnabledZlibOutputCompression()
#1 /home/keyline1/public_html/dev/ecoex_portaldev/system/Events/Events.php(149): CodeIgniter\Events\Events::Config\{closure}()
#2 /home/keyline1/public_html/dev/ecoex_portaldev/system/CodeIgniter.php(308): CodeIgniter\Events\Events::trigger('pre_system')
#3 /home/keyline1/public_html/dev/ecoex_portaldev/index.php(37): CodeIgniter\CodeIgniter->run()
#4 {main}
CRITICAL - 2022-04-23 06:20:48 --> Your zlib.output_compression ini directive is turned on. This will not work well with output buffers.
#0 /home/keyline1/public_html/dev/ecoex_portaldev/app/Config/Events.php(28): CodeIgniter\Exceptions\FrameworkException::forEnabledZlibOutputCompression()
#1 /home/keyline1/public_html/dev/ecoex_portaldev/system/Events/Events.php(149): CodeIgniter\Events\Events::Config\{closure}()
#2 /home/keyline1/public_html/dev/ecoex_portaldev/system/CodeIgniter.php(308): CodeIgniter\Events\Events::trigger('pre_system')
#3 /home/keyline1/public_html/dev/ecoex_portaldev/index.php(37): CodeIgniter\CodeIgniter->run()
#4 {main}
CRITICAL - 2022-04-23 06:21:10 --> Your zlib.output_compression ini directive is turned on. This will not work well with output buffers.
#0 /home/keyline1/public_html/dev/ecoex_portaldev/app/Config/Events.php(28): CodeIgniter\Exceptions\FrameworkException::forEnabledZlibOutputCompression()
#1 /home/keyline1/public_html/dev/ecoex_portaldev/system/Events/Events.php(149): CodeIgniter\Events\Events::Config\{closure}()
#2 /home/keyline1/public_html/dev/ecoex_portaldev/system/CodeIgniter.php(308): CodeIgniter\Events\Events::trigger('pre_system')
#3 /home/keyline1/public_html/dev/ecoex_portaldev/index.php(37): CodeIgniter\CodeIgniter->run()
#4 {main}
CRITICAL - 2022-04-23 12:38:27 --> Class 'CodeIgniter\Database\mysqli\Connection' not found
#0 /home/keyline1/public_html/dev/ecoex_portaldev/system/Database/Database.php(56): CodeIgniter\Database\Database->initDriver('mysqli', 'CodeIgniter\\Dat...', Array)
#1 /home/keyline1/public_html/dev/ecoex_portaldev/system/Database/Config.php(78): CodeIgniter\Database\Database->load(Array, 'default')
#2 /home/keyline1/public_html/dev/ecoex_portaldev/system/Model.php(97): CodeIgniter\Database\Config::connect('default')
#3 /home/keyline1/public_html/dev/ecoex_portaldev/app/Controllers/UserController.php(19): CodeIgniter\Model->__construct()
#4 /home/keyline1/public_html/dev/ecoex_portaldev/system/CodeIgniter.php(832): App\Controllers\UserController->storeCompany()
#5 /home/keyline1/public_html/dev/ecoex_portaldev/system/CodeIgniter.php(419): CodeIgniter\CodeIgniter->runController(Object(App\Controllers\UserController))
#6 /home/keyline1/public_html/dev/ecoex_portaldev/system/CodeIgniter.php(326): CodeIgniter\CodeIgniter->handleRequest(NULL, Object(Config\Cache), false)
#7 /home/keyline1/public_html/dev/ecoex_portaldev/index.php(37): CodeIgniter\CodeIgniter->run()
#8 {main}
CRITICAL - 2022-04-23 12:51:05 --> Class 'CodeIgniter\Database\mysqli\Connection' not found
#0 /home/keyline1/public_html/dev/ecoex_portaldev/system/Database/Database.php(56): CodeIgniter\Database\Database->initDriver('mysqli', 'CodeIgniter\\Dat...', Array)
#1 /home/keyline1/public_html/dev/ecoex_portaldev/system/Database/Config.php(78): CodeIgniter\Database\Database->load(Array, 'default')
#2 /home/keyline1/public_html/dev/ecoex_portaldev/system/Model.php(97): CodeIgniter\Database\Config::connect('default')
#3 /home/keyline1/public_html/dev/ecoex_portaldev/app/Controllers/UserController.php(19): CodeIgniter\Model->__construct()
#4 /home/keyline1/public_html/dev/ecoex_portaldev/system/CodeIgniter.php(832): App\Controllers\UserController->storeCompany()
#5 /home/keyline1/public_html/dev/ecoex_portaldev/system/CodeIgniter.php(419): CodeIgniter\CodeIgniter->runController(Object(App\Controllers\UserController))
#6 /home/keyline1/public_html/dev/ecoex_portaldev/system/CodeIgniter.php(326): CodeIgniter\CodeIgniter->handleRequest(NULL, Object(Config\Cache), false)
#7 /home/keyline1/public_html/dev/ecoex_portaldev/index.php(37): CodeIgniter\CodeIgniter->run()
#8 {main}
CRITICAL - 2022-04-23 12:52:41 --> Class 'CodeIgniter\Database\mysqli\Connection' not found
#0 /home/keyline1/public_html/dev/ecoex_portaldev/system/Database/Database.php(56): CodeIgniter\Database\Database->initDriver('mysqli', 'CodeIgniter\\Dat...', Array)
#1 /home/keyline1/public_html/dev/ecoex_portaldev/system/Database/Config.php(78): CodeIgniter\Database\Database->load(Array, 'default')
#2 /home/keyline1/public_html/dev/ecoex_portaldev/system/Model.php(97): CodeIgniter\Database\Config::connect('default')
#3 /home/keyline1/public_html/dev/ecoex_portaldev/app/Controllers/UserController.php(19): CodeIgniter\Model->__construct()
#4 /home/keyline1/public_html/dev/ecoex_portaldev/system/CodeIgniter.php(832): App\Controllers\UserController->storeCompany()
#5 /home/keyline1/public_html/dev/ecoex_portaldev/system/CodeIgniter.php(419): CodeIgniter\CodeIgniter->runController(Object(App\Controllers\UserController))
#6 /home/keyline1/public_html/dev/ecoex_portaldev/system/CodeIgniter.php(326): CodeIgniter\CodeIgniter->handleRequest(NULL, Object(Config\Cache), false)
#7 /home/keyline1/public_html/dev/ecoex_portaldev/index.php(37): CodeIgniter\CodeIgniter->run()
#8 {main}
CRITICAL - 2022-04-23 12:58:23 --> Class 'CodeIgniter\Database\mysqli\Connection' not found
#0 /home/keyline1/public_html/dev/ecoex_portaldev/system/Database/Database.php(56): CodeIgniter\Database\Database->initDriver('mysqli', 'CodeIgniter\\Dat...', Array)
#1 /home/keyline1/public_html/dev/ecoex_portaldev/system/Database/Config.php(78): CodeIgniter\Database\Database->load(Array, 'default')
#2 /home/keyline1/public_html/dev/ecoex_portaldev/system/Model.php(97): CodeIgniter\Database\Config::connect('default')
#3 /home/keyline1/public_html/dev/ecoex_portaldev/app/Controllers/UserController.php(19): CodeIgniter\Model->__construct()
#4 /home/keyline1/public_html/dev/ecoex_portaldev/system/CodeIgniter.php(832): App\Controllers\UserController->storeCompany()
#5 /home/keyline1/public_html/dev/ecoex_portaldev/system/CodeIgniter.php(419): CodeIgniter\CodeIgniter->runController(Object(App\Controllers\UserController))
#6 /home/keyline1/public_html/dev/ecoex_portaldev/system/CodeIgniter.php(326): CodeIgniter\CodeIgniter->handleRequest(NULL, Object(Config\Cache), false)
#7 /home/keyline1/public_html/dev/ecoex_portaldev/index.php(37): CodeIgniter\CodeIgniter->run()
#8 {main}
CRITICAL - 2022-04-23 13:01:48 --> Class 'CodeIgniter\Database\mysqli\Connection' not found
#0 /home/keyline1/public_html/dev/ecoex_portaldev/system/Database/Database.php(56): CodeIgniter\Database\Database->initDriver('mysqli', 'CodeIgniter\\Dat...', Array)
#1 /home/keyline1/public_html/dev/ecoex_portaldev/system/Database/Config.php(78): CodeIgniter\Database\Database->load(Array, 'default')
#2 /home/keyline1/public_html/dev/ecoex_portaldev/system/Model.php(97): CodeIgniter\Database\Config::connect('default')
#3 /home/keyline1/public_html/dev/ecoex_portaldev/app/Controllers/UserController.php(19): CodeIgniter\Model->__construct()
#4 /home/keyline1/public_html/dev/ecoex_portaldev/system/CodeIgniter.php(832): App\Controllers\UserController->storeCompany()
#5 /home/keyline1/public_html/dev/ecoex_portaldev/system/CodeIgniter.php(419): CodeIgniter\CodeIgniter->runController(Object(App\Controllers\UserController))
#6 /home/keyline1/public_html/dev/ecoex_portaldev/system/CodeIgniter.php(326): CodeIgniter\CodeIgniter->handleRequest(NULL, Object(Config\Cache), false)
#7 /home/keyline1/public_html/dev/ecoex_portaldev/index.php(37): CodeIgniter\CodeIgniter->run()
#8 {main}
