CRITICAL - 2022-06-18 09:13:17 --> Call to undefined method App\Controllers\ApiController::isJSON()
#0 /home/keyline1/public_html/dev/ecoex_portaldev/system/CodeIgniter.php(832): App\Controllers\ApiController->signin()
#1 /home/keyline1/public_html/dev/ecoex_portaldev/system/CodeIgniter.php(419): CodeIgniter\CodeIgniter->runController(Object(App\Controllers\ApiController))
#2 /home/keyline1/public_html/dev/ecoex_portaldev/system/CodeIgniter.php(326): CodeIgniter\CodeIgniter->handleRequest(NULL, Object(Config\Cache), false)
#3 /home/keyline1/public_html/dev/ecoex_portaldev/index.php(37): CodeIgniter\CodeIgniter->run()
#4 {main}
CRITICAL - 2022-06-18 09:15:22 --> Call to undefined method App\Controllers\ApiController::isJSON()
#0 /home/keyline1/public_html/dev/ecoex_portaldev/system/CodeIgniter.php(832): App\Controllers\ApiController->signin()
#1 /home/keyline1/public_html/dev/ecoex_portaldev/system/CodeIgniter.php(419): CodeIgniter\CodeIgniter->runController(Object(App\Controllers\ApiController))
#2 /home/keyline1/public_html/dev/ecoex_portaldev/system/CodeIgniter.php(326): CodeIgniter\CodeIgniter->handleRequest(NULL, Object(Config\Cache), false)
#3 /home/keyline1/public_html/dev/ecoex_portaldev/index.php(37): CodeIgniter\CodeIgniter->run()
#4 {main}
CRITICAL - 2022-06-18 09:17:10 --> Call to undefined method App\Controllers\Api::isJSON()
#0 /home/keyline1/public_html/dev/ecoex_portaldev/system/CodeIgniter.php(832): App\Controllers\Api->signin()
#1 /home/keyline1/public_html/dev/ecoex_portaldev/system/CodeIgniter.php(419): CodeIgniter\CodeIgniter->runController(Object(App\Controllers\Api))
#2 /home/keyline1/public_html/dev/ecoex_portaldev/system/CodeIgniter.php(326): CodeIgniter\CodeIgniter->handleRequest(NULL, Object(Config\Cache), false)
#3 /home/keyline1/public_html/dev/ecoex_portaldev/index.php(37): CodeIgniter\CodeIgniter->run()
#4 {main}
CRITICAL - 2022-06-18 09:18:24 --> Call to undefined method App\Controllers\Api::isJSON()
#0 /home/keyline1/public_html/dev/ecoex_portaldev/system/CodeIgniter.php(832): App\Controllers\Api->signin()
#1 /home/keyline1/public_html/dev/ecoex_portaldev/system/CodeIgniter.php(419): CodeIgniter\CodeIgniter->runController(Object(App\Controllers\Api))
#2 /home/keyline1/public_html/dev/ecoex_portaldev/system/CodeIgniter.php(326): CodeIgniter\CodeIgniter->handleRequest(NULL, Object(Config\Cache), false)
#3 /home/keyline1/public_html/dev/ecoex_portaldev/index.php(37): CodeIgniter\CodeIgniter->run()
#4 {main}
CRITICAL - 2022-06-18 09:18:34 --> Call to undefined method App\Controllers\Api::isJSON()
#0 /home/keyline1/public_html/dev/ecoex_portaldev/system/CodeIgniter.php(832): App\Controllers\Api->signin()
#1 /home/keyline1/public_html/dev/ecoex_portaldev/system/CodeIgniter.php(419): CodeIgniter\CodeIgniter->runController(Object(App\Controllers\Api))
#2 /home/keyline1/public_html/dev/ecoex_portaldev/system/CodeIgniter.php(326): CodeIgniter\CodeIgniter->handleRequest(NULL, Object(Config\Cache), false)
#3 /home/keyline1/public_html/dev/ecoex_portaldev/index.php(37): CodeIgniter\CodeIgniter->run()
#4 {main}
CRITICAL - 2022-06-18 09:18:37 --> Call to undefined method App\Controllers\Api::isJSON()
#0 /home/keyline1/public_html/dev/ecoex_portaldev/system/CodeIgniter.php(832): App\Controllers\Api->signin()
#1 /home/keyline1/public_html/dev/ecoex_portaldev/system/CodeIgniter.php(419): CodeIgniter\CodeIgniter->runController(Object(App\Controllers\Api))
#2 /home/keyline1/public_html/dev/ecoex_portaldev/system/CodeIgniter.php(326): CodeIgniter\CodeIgniter->handleRequest(NULL, Object(Config\Cache), false)
#3 /home/keyline1/public_html/dev/ecoex_portaldev/index.php(37): CodeIgniter\CodeIgniter->run()
#4 {main}
CRITICAL - 2022-06-18 09:18:40 --> Call to undefined method App\Controllers\Api::isJSON()
#0 /home/keyline1/public_html/dev/ecoex_portaldev/system/CodeIgniter.php(832): App\Controllers\Api->signin()
#1 /home/keyline1/public_html/dev/ecoex_portaldev/system/CodeIgniter.php(419): CodeIgniter\CodeIgniter->runController(Object(App\Controllers\Api))
#2 /home/keyline1/public_html/dev/ecoex_portaldev/system/CodeIgniter.php(326): CodeIgniter\CodeIgniter->handleRequest(NULL, Object(Config\Cache), false)
#3 /home/keyline1/public_html/dev/ecoex_portaldev/index.php(37): CodeIgniter\CodeIgniter->run()
#4 {main}
